#
# There is insufficient memory for the Java Runtime Environment to continue.
# Native memory allocation (mmap) failed to map 65536 bytes. Error detail: Failed to commit metaspace.
# Possible reasons:
#   The system is out of physical RAM or swap space
#   This process is running with CompressedOops enabled, and the Java Heap may be blocking the growth of the native heap
# Possible solutions:
#   Reduce memory load on the system
#   Increase physical memory or swap space
#   Check if swap backing store is full
#   Decrease Java heap size (-Xmx/-Xms)
#   Decrease number of Java threads
#   Decrease Java thread stack sizes (-Xss)
#   Set larger code cache with -XX:ReservedCodeCacheSize=
#   JVM is running with Unscaled Compressed Oops mode in which the Java heap is
#     placed in the first 4GB address space. The Java Heap base address is the
#     maximum limit for the native heap growth. Please use -XX:HeapBaseMinAddress
#     to set the Java Heap base and to place the Java Heap above 4GB virtual address.
# This output file may be truncated or incomplete.
#
#  Out of Memory Error (virtualSpaceNode.cpp:112), pid=3580, tid=1328
#
# JRE version: Java(TM) SE Runtime Environment (22.0.1+8) (build 22.0.1+8-16)
# Java VM: Java HotSpot(TM) 64-Bit Server VM (22.0.1+8-16, mixed mode, sharing, tiered, compressed oops, compressed class ptrs, g1 gc, windows-amd64)
# No core dump will be written. Minidumps are not enabled by default on client versions of Windows
#

---------------  S U M M A R Y ------------

Command Line: -Dfile.encoding=UTF-8 --module-path=D:\IT\Java\SchoolManagementSystem\build\classes Student

Host: Intel(R) Core(TM) i7-4610M CPU @ 3.00GHz, 4 cores, 7G,  Windows 10 , 64 bit Build 19041 (10.0.19041.1348)
Time: Mon Jul  8 23:33:55 2024 SE Asia Standard Time elapsed time: 0.398383 seconds (0d 0h 0m 0s)

---------------  T H R E A D  ---------------

Current thread (0x00000275454df6f0):  JavaThread "AWT-EventQueue-0"        [_thread_in_vm, id=1328, stack(0x000000ff73f00000,0x000000ff74000000) (1024K)]

Stack: [0x000000ff73f00000,0x000000ff74000000]
Native frames: (J=compiled Java code, j=interpreted, Vv=VM code, C=native code)
V  [jvm.dll+0x6e2279]  (no source info available)
V  [jvm.dll+0x874e33]  (no source info available)
V  [jvm.dll+0x87725e]  (no source info available)
V  [jvm.dll+0x877933]  (no source info available)
V  [jvm.dll+0x27fd76]  (no source info available)
V  [jvm.dll+0x870a7e]  (no source info available)
V  [jvm.dll+0x6852e5]  (no source info available)
V  [jvm.dll+0x68534a]  (no source info available)
V  [jvm.dll+0x687b8a]  (no source info available)
V  [jvm.dll+0x2250ac]  (no source info available)
V  [jvm.dll+0x685cfe]  (no source info available)
V  [jvm.dll+0x269eaf]  (no source info available)
V  [jvm.dll+0x68ff54]  (no source info available)
V  [jvm.dll+0x215301]  (no source info available)
V  [jvm.dll+0x21578a]  (no source info available)
V  [jvm.dll+0x2161b1]  (no source info available)
V  [jvm.dll+0x20b4ee]  (no source info available)
V  [jvm.dll+0x5c462f]  (no source info available)
V  [jvm.dll+0x21cc6a]  (no source info available)
V  [jvm.dll+0x7eb6dc]  (no source info available)
V  [jvm.dll+0x7ec776]  (no source info available)
V  [jvm.dll+0x7ecd84]  (no source info available)
V  [jvm.dll+0x7eca08]  (no source info available)
V  [jvm.dll+0x26d79b]  (no source info available)
V  [jvm.dll+0x3d9b4e]  (no source info available)
C  0x000002756469ab94  (no source info available)

The last pc belongs to new (printed below).
Java frames: (J=compiled Java code, j=interpreted, Vv=VM code)
j  javax.swing.DefaultListSelectionModel.<init>()V+58 java.desktop@22.0.1
j  javax.swing.table.DefaultTableColumnModel.createSelectionModel()Ljavax/swing/ListSelectionModel;+4 java.desktop@22.0.1
j  javax.swing.table.DefaultTableColumnModel.<init>()V+33 java.desktop@22.0.1
j  javax.swing.JTable.createDefaultColumnModel()Ljavax/swing/table/TableColumnModel;+4 java.desktop@22.0.1
j  javax.swing.JTable.<init>(Ljavax/swing/table/TableModel;Ljavax/swing/table/TableColumnModel;Ljavax/swing/ListSelectionModel;)V+42 java.desktop@22.0.1
j  javax.swing.JTable.<init>()V+4 java.desktop@22.0.1
j  Student.initComponents()V+148
j  Student.<init>()V+15
j  Student$9.run()V+4
j  java.awt.event.InvocationEvent.dispatch()V+47 java.desktop@22.0.1
j  java.awt.EventQueue.dispatchEventImpl(Ljava/awt/AWTEvent;Ljava/lang/Object;)V+21 java.desktop@22.0.1
j  java.awt.EventQueue$4.run()Ljava/lang/Void;+32 java.desktop@22.0.1
j  java.awt.EventQueue$4.run()Ljava/lang/Object;+1 java.desktop@22.0.1
j  java.security.AccessController.executePrivileged(Ljava/security/PrivilegedAction;Ljava/security/AccessControlContext;Ljava/lang/Class;)Ljava/lang/Object;+29 java.base@22.0.1
j  java.security.AccessController.doPrivileged(Ljava/security/PrivilegedAction;Ljava/security/AccessControlContext;)Ljava/lang/Object;+13 java.base@22.0.1
j  java.security.ProtectionDomain$JavaSecurityAccessImpl.doIntersectionPrivilege(Ljava/security/PrivilegedAction;Ljava/security/AccessControlContext;Ljava/security/AccessControlContext;)Ljava/lang/Object;+18 java.base@22.0.1
j  java.awt.EventQueue.dispatchEvent(Ljava/awt/AWTEvent;)V+46 java.desktop@22.0.1
j  java.awt.EventDispatchThread.pumpOneEventForFilters(I)V+81 java.desktop@22.0.1
j  java.awt.EventDispatchThread.pumpEventsForFilter(ILjava/awt/Conditional;Ljava/awt/EventFilter;)V+35 java.desktop@22.0.1
j  java.awt.EventDispatchThread.pumpEventsForHierarchy(ILjava/awt/Conditional;Ljava/awt/Component;)V+11 java.desktop@22.0.1
j  java.awt.EventDispatchThread.pumpEvents(ILjava/awt/Conditional;)V+4 java.desktop@22.0.1
j  java.awt.EventDispatchThread.pumpEvents(Ljava/awt/Conditional;)V+3 java.desktop@22.0.1
j  java.awt.EventDispatchThread.run()V+9 java.desktop@22.0.1
v  ~StubRoutines::call_stub 0x000002756468100d
new  187 new  [0x000002756469aa00, 0x000002756469ac08]  520 bytes
[MachCode]
  0x000002756469aa00: 4883 ec08 | c5fa 1104 | 24eb 1f48 | 83ec 10c5 | fb11 0424 | eb14 4883 | ec10 4889 | 0424 48c7 
  0x000002756469aa20: 4424 0800 | 0000 00eb | 0150 410f | b755 010f | cac1 ea10 | 488b 4de8 | 488b 4908 | 488b 4908 
  0x000002756469aa40: 488b 4108 | 807c 1004 | 070f 85d3 | 0000 0066 | 8b54 d148 | 488b 4928 | 488b 4cd1 | 0851 80b9 
  0x000002756469aa60: 2001 0000 | 050f 85b6 | 0000 008b | 5108 f6c2 | 010f 85aa | 0000 0049 | 8b87 b801 | 0000 488d 
  0x000002756469aa80: 1c10 493b | 9fc8 0100 | 000f 8792 | 0000 0049 | 899f b801 | 0000 4883 | ea10 0f84 | 0f00 0000 
  0x000002756469aaa0: 33c9 c1ea | 0348 894c | d008 48ff | ca75 f648 | c700 0100 | 0000 5933 | f689 700c | 49ba 0000 
  0x000002756469aac0: 0000 7502 | 0000 492b | ca89 4808 | 49ba 9d30 | bd48 f97f | 0000 4180 | 3a00 0f84 | 3c00 0000 
  0x000002756469aae0: 5048 8bc8 | 4883 ec20 | 40f6 c40f | 0f84 1900 | 0000 4883 | ec08 48b8 | 80b5 6d48 | f97f 0000 
  0x000002756469ab00: ffd0 4883 | c408 e90c | 0000 0048 | b880 b56d | 48f9 7f00 | 00ff d048 | 83c4 2058 | e9cb 0000 
  0x000002756469ab20: 0059 488b | 55e8 488b | 5208 488b | 5208 450f | b745 0141 | 0fc8 41c1 | e810 e805 | 0000 00e9 
  0x000002756469ab40: a800 0000 | 488d 4424 | 084c 896d | c049 8bcf | c5f8 7749 | 89af b003 | 0000 4989 | 87a0 0300 
  0x000002756469ab60: 0048 83ec | 2040 f6c4 | 0f0f 8419 | 0000 0048 | 83ec 0848 | b800 9b36 | 48f9 7f00 | 00ff d048 
  0x000002756469ab80: 83c4 08e9 | 0c00 0000 | 48b8 009b | 3648 f97f | 0000 ffd0 | 4883 c420 | 49c7 87a0 | 0300 0000 
  0x000002756469aba0: 0000 0049 | c787 b003 | 0000 0000 | 0000 49c7 | 87a8 0300 | 0000 0000 | 00c5 f877 | 4983 7f08 
  0x000002756469abc0: 000f 8405 | 0000 00e9 | 3463 feff | 498b 87f8 | 0300 0049 | c787 f803 | 0000 0000 | 0000 4c8b 
  0x000002756469abe0: 6dc0 4c8b | 75c8 4e8d | 74f5 00c3 | 410f b65d | 0349 83c5 | 0349 baf0 | f9c0 48f9 | 7f00 0041 
  0x000002756469ac00: ff24 da0f | 1f44 0000 
[/MachCode]

---------------  P R O C E S S  ---------------

Threads class SMR info:
_java_thread_list=0x0000027545496840, length=16, elements={
0x0000027571539800, 0x000002757153c630, 0x000002757153fad0, 0x0000027571542540,
0x0000027571545270, 0x00000275715460e0, 0x00000275715485c0, 0x0000027571559890,
0x00000275451ca5a0, 0x000002754531b9f0, 0x000002754534bd00, 0x0000027545412aa0,
0x00000275454a0020, 0x00000275454a0eb0, 0x00000275454df6f0, 0x00000275536274c0
}

Java Threads: ( => current thread )
  0x0000027571539800 JavaThread "Reference Handler"          daemon [_thread_blocked, id=5168, stack(0x000000ff73100000,0x000000ff73200000) (1024K)]
  0x000002757153c630 JavaThread "Finalizer"                  daemon [_thread_blocked, id=3624, stack(0x000000ff73200000,0x000000ff73300000) (1024K)]
  0x000002757153fad0 JavaThread "Signal Dispatcher"          daemon [_thread_blocked, id=9148, stack(0x000000ff73300000,0x000000ff73400000) (1024K)]
  0x0000027571542540 JavaThread "Attach Listener"            daemon [_thread_blocked, id=7924, stack(0x000000ff73400000,0x000000ff73500000) (1024K)]
  0x0000027571545270 JavaThread "Service Thread"             daemon [_thread_blocked, id=3300, stack(0x000000ff73500000,0x000000ff73600000) (1024K)]
  0x00000275715460e0 JavaThread "Monitor Deflation Thread"   daemon [_thread_blocked, id=7264, stack(0x000000ff73600000,0x000000ff73700000) (1024K)]
  0x00000275715485c0 JavaThread "C2 CompilerThread0"         daemon [_thread_blocked, id=7224, stack(0x000000ff73700000,0x000000ff73800000) (1024K)]
  0x0000027571559890 JavaThread "C1 CompilerThread0"         daemon [_thread_blocked, id=8508, stack(0x000000ff73800000,0x000000ff73900000) (1024K)]
  0x00000275451ca5a0 JavaThread "Common-Cleaner"             daemon [_thread_blocked, id=1664, stack(0x000000ff73900000,0x000000ff73a00000) (1024K)]
  0x000002754531b9f0 JavaThread "Notification Thread"        daemon [_thread_blocked, id=4656, stack(0x000000ff73a00000,0x000000ff73b00000) (1024K)]
  0x000002754534bd00 JavaThread "C2 CompilerThread1"         daemon [_thread_blocked, id=452, stack(0x000000ff73b00000,0x000000ff73c00000) (1024K)]
  0x0000027545412aa0 JavaThread "Java2D Disposer"            daemon [_thread_blocked, id=1624, stack(0x000000ff73c00000,0x000000ff73d00000) (1024K)]
  0x00000275454a0020 JavaThread "AWT-Shutdown"                      [_thread_blocked, id=7088, stack(0x000000ff73d00000,0x000000ff73e00000) (1024K)]
  0x00000275454a0eb0 JavaThread "AWT-Windows"                daemon [_thread_in_native, id=1052, stack(0x000000ff73e00000,0x000000ff73f00000) (1024K)]
=>0x00000275454df6f0 JavaThread "AWT-EventQueue-0"                  [_thread_in_vm, id=1328, stack(0x000000ff73f00000,0x000000ff74000000) (1024K)]
  0x00000275536274c0 JavaThread "DestroyJavaVM"                     [_thread_blocked, id=5976, stack(0x000000ff72900000,0x000000ff72a00000) (1024K)]
Total: 16

Other Threads:
  0x0000027571520dd0 VMThread "VM Thread"                           [id=7780, stack(0x000000ff73000000,0x000000ff73100000) (1024K)]
  0x0000027571509760 WatcherThread "VM Periodic Task Thread"        [id=4452, stack(0x000000ff72f00000,0x000000ff73000000) (1024K)]
  0x000002755367b130 WorkerThread "GC Thread#0"                     [id=8392, stack(0x000000ff72a00000,0x000000ff72b00000) (1024K)]
  0x000002755368d740 ConcurrentGCThread "G1 Main Marker"            [id=6480, stack(0x000000ff72b00000,0x000000ff72c00000) (1024K)]
  0x000002755368e900 WorkerThread "G1 Conc#0"                       [id=2512, stack(0x000000ff72c00000,0x000000ff72d00000) (1024K)]
  0x00000275713d24c0 ConcurrentGCThread "G1 Refine#0"               [id=7836, stack(0x000000ff72d00000,0x000000ff72e00000) (1024K)]
  0x00000275536f5950 ConcurrentGCThread "G1 Service"                [id=8680, stack(0x000000ff72e00000,0x000000ff72f00000) (1024K)]
Total: 7

Threads with active compile tasks:
Total: 0

VM state: not at safepoint (normal execution)

VM Mutex/Monitor currently owned by a thread:  ([mutex/lock_event])
[0x00007ff948bf9b38] Metaspace_lock - owner thread: 0x00000275454df6f0

Heap address: 0x0000000081600000, size: 2026 MB, Compressed Oops mode: 32-bit

CDS archive(s) mapped at: [0x0000027500000000-0x0000027500c60000-0x0000027500c60000), size 12976128, SharedBaseAddress: 0x0000027500000000, ArchiveRelocationMode: 1.
Compressed class space mapped at: 0x0000027501000000-0x0000027541000000, reserved size: 1073741824
Narrow klass base: 0x0000027500000000, Narrow klass shift: 0, Narrow klass range: 0x41000000

GC Precious Log:
 CardTable entry size: 512
 Card Set container configuration: InlinePtr #cards 5 size 8 Array Of Cards #cards 12 size 40 Howl #buckets 4 coarsen threshold 1843 Howl Bitmap #cards 512 size 80 coarsen threshold 460 Card regions per heap region 1 cards per card region 2048
 CPUs: 4 total, 4 available
 Memory: 8097M
 Large Page Support: Disabled
 NUMA Support: Disabled
 Compressed Oops: Enabled (32-bit)
 Heap Region Size: 1M
 Heap Min Capacity: 8M
 Heap Initial Capacity: 128M
 Heap Max Capacity: 2026M
 Pre-touch: Disabled
 Parallel Workers: 4
 Concurrent Workers: 1
 Concurrent Refinement Workers: 4
 Periodic GC: Disabled

Heap:
 garbage-first heap   total reserved 2074624K, committed 131072K, used 6144K [0x0000000081600000, 0x0000000100000000)
  region size 1024K, 7 young (7168K), 0 survivors (0K)
 Metaspace       used 7717K, committed 7872K, reserved 1114112K
  class space    used 917K, committed 1024K, reserved 1048576K

Heap Regions: E=young(eden), S=young(survivor), O=old, HS=humongous(starts), HC=humongous(continues), CS=collection set, F=free, TAMS=top-at-mark-start, PB=parsable bottom
|   0|0x0000000081600000, 0x0000000081600000, 0x0000000081700000|  0%| F|  |TAMS 0x0000000081600000| PB 0x0000000081600000| Untracked |  0
|   1|0x0000000081700000, 0x0000000081700000, 0x0000000081800000|  0%| F|  |TAMS 0x0000000081700000| PB 0x0000000081700000| Untracked |  0
|   2|0x0000000081800000, 0x0000000081800000, 0x0000000081900000|  0%| F|  |TAMS 0x0000000081800000| PB 0x0000000081800000| Untracked |  0
|   3|0x0000000081900000, 0x0000000081900000, 0x0000000081a00000|  0%| F|  |TAMS 0x0000000081900000| PB 0x0000000081900000| Untracked |  0
|   4|0x0000000081a00000, 0x0000000081a00000, 0x0000000081b00000|  0%| F|  |TAMS 0x0000000081a00000| PB 0x0000000081a00000| Untracked |  0
|   5|0x0000000081b00000, 0x0000000081b00000, 0x0000000081c00000|  0%| F|  |TAMS 0x0000000081b00000| PB 0x0000000081b00000| Untracked |  0
|   6|0x0000000081c00000, 0x0000000081c00000, 0x0000000081d00000|  0%| F|  |TAMS 0x0000000081c00000| PB 0x0000000081c00000| Untracked |  0
|   7|0x0000000081d00000, 0x0000000081d00000, 0x0000000081e00000|  0%| F|  |TAMS 0x0000000081d00000| PB 0x0000000081d00000| Untracked |  0
|   8|0x0000000081e00000, 0x0000000081e00000, 0x0000000081f00000|  0%| F|  |TAMS 0x0000000081e00000| PB 0x0000000081e00000| Untracked |  0
|   9|0x0000000081f00000, 0x0000000081f00000, 0x0000000082000000|  0%| F|  |TAMS 0x0000000081f00000| PB 0x0000000081f00000| Untracked |  0
|  10|0x0000000082000000, 0x0000000082000000, 0x0000000082100000|  0%| F|  |TAMS 0x0000000082000000| PB 0x0000000082000000| Untracked |  0
|  11|0x0000000082100000, 0x0000000082100000, 0x0000000082200000|  0%| F|  |TAMS 0x0000000082100000| PB 0x0000000082100000| Untracked |  0
|  12|0x0000000082200000, 0x0000000082200000, 0x0000000082300000|  0%| F|  |TAMS 0x0000000082200000| PB 0x0000000082200000| Untracked |  0
|  13|0x0000000082300000, 0x0000000082300000, 0x0000000082400000|  0%| F|  |TAMS 0x0000000082300000| PB 0x0000000082300000| Untracked |  0
|  14|0x0000000082400000, 0x0000000082400000, 0x0000000082500000|  0%| F|  |TAMS 0x0000000082400000| PB 0x0000000082400000| Untracked |  0
|  15|0x0000000082500000, 0x0000000082500000, 0x0000000082600000|  0%| F|  |TAMS 0x0000000082500000| PB 0x0000000082500000| Untracked |  0
|  16|0x0000000082600000, 0x0000000082600000, 0x0000000082700000|  0%| F|  |TAMS 0x0000000082600000| PB 0x0000000082600000| Untracked |  0
|  17|0x0000000082700000, 0x0000000082700000, 0x0000000082800000|  0%| F|  |TAMS 0x0000000082700000| PB 0x0000000082700000| Untracked |  0
|  18|0x0000000082800000, 0x0000000082800000, 0x0000000082900000|  0%| F|  |TAMS 0x0000000082800000| PB 0x0000000082800000| Untracked |  0
|  19|0x0000000082900000, 0x0000000082900000, 0x0000000082a00000|  0%| F|  |TAMS 0x0000000082900000| PB 0x0000000082900000| Untracked |  0
|  20|0x0000000082a00000, 0x0000000082a00000, 0x0000000082b00000|  0%| F|  |TAMS 0x0000000082a00000| PB 0x0000000082a00000| Untracked |  0
|  21|0x0000000082b00000, 0x0000000082b00000, 0x0000000082c00000|  0%| F|  |TAMS 0x0000000082b00000| PB 0x0000000082b00000| Untracked |  0
|  22|0x0000000082c00000, 0x0000000082c00000, 0x0000000082d00000|  0%| F|  |TAMS 0x0000000082c00000| PB 0x0000000082c00000| Untracked |  0
|  23|0x0000000082d00000, 0x0000000082d00000, 0x0000000082e00000|  0%| F|  |TAMS 0x0000000082d00000| PB 0x0000000082d00000| Untracked |  0
|  24|0x0000000082e00000, 0x0000000082e00000, 0x0000000082f00000|  0%| F|  |TAMS 0x0000000082e00000| PB 0x0000000082e00000| Untracked |  0
|  25|0x0000000082f00000, 0x0000000082f00000, 0x0000000083000000|  0%| F|  |TAMS 0x0000000082f00000| PB 0x0000000082f00000| Untracked |  0
|  26|0x0000000083000000, 0x0000000083000000, 0x0000000083100000|  0%| F|  |TAMS 0x0000000083000000| PB 0x0000000083000000| Untracked |  0
|  27|0x0000000083100000, 0x0000000083100000, 0x0000000083200000|  0%| F|  |TAMS 0x0000000083100000| PB 0x0000000083100000| Untracked |  0
|  28|0x0000000083200000, 0x0000000083200000, 0x0000000083300000|  0%| F|  |TAMS 0x0000000083200000| PB 0x0000000083200000| Untracked |  0
|  29|0x0000000083300000, 0x0000000083300000, 0x0000000083400000|  0%| F|  |TAMS 0x0000000083300000| PB 0x0000000083300000| Untracked |  0
|  30|0x0000000083400000, 0x0000000083400000, 0x0000000083500000|  0%| F|  |TAMS 0x0000000083400000| PB 0x0000000083400000| Untracked |  0
|  31|0x0000000083500000, 0x0000000083500000, 0x0000000083600000|  0%| F|  |TAMS 0x0000000083500000| PB 0x0000000083500000| Untracked |  0
|  32|0x0000000083600000, 0x0000000083600000, 0x0000000083700000|  0%| F|  |TAMS 0x0000000083600000| PB 0x0000000083600000| Untracked |  0
|  33|0x0000000083700000, 0x0000000083700000, 0x0000000083800000|  0%| F|  |TAMS 0x0000000083700000| PB 0x0000000083700000| Untracked |  0
|  34|0x0000000083800000, 0x0000000083800000, 0x0000000083900000|  0%| F|  |TAMS 0x0000000083800000| PB 0x0000000083800000| Untracked |  0
|  35|0x0000000083900000, 0x0000000083900000, 0x0000000083a00000|  0%| F|  |TAMS 0x0000000083900000| PB 0x0000000083900000| Untracked |  0
|  36|0x0000000083a00000, 0x0000000083a00000, 0x0000000083b00000|  0%| F|  |TAMS 0x0000000083a00000| PB 0x0000000083a00000| Untracked |  0
|  37|0x0000000083b00000, 0x0000000083b00000, 0x0000000083c00000|  0%| F|  |TAMS 0x0000000083b00000| PB 0x0000000083b00000| Untracked |  0
|  38|0x0000000083c00000, 0x0000000083c00000, 0x0000000083d00000|  0%| F|  |TAMS 0x0000000083c00000| PB 0x0000000083c00000| Untracked |  0
|  39|0x0000000083d00000, 0x0000000083d00000, 0x0000000083e00000|  0%| F|  |TAMS 0x0000000083d00000| PB 0x0000000083d00000| Untracked |  0
|  40|0x0000000083e00000, 0x0000000083e00000, 0x0000000083f00000|  0%| F|  |TAMS 0x0000000083e00000| PB 0x0000000083e00000| Untracked |  0
|  41|0x0000000083f00000, 0x0000000083f00000, 0x0000000084000000|  0%| F|  |TAMS 0x0000000083f00000| PB 0x0000000083f00000| Untracked |  0
|  42|0x0000000084000000, 0x0000000084000000, 0x0000000084100000|  0%| F|  |TAMS 0x0000000084000000| PB 0x0000000084000000| Untracked |  0
|  43|0x0000000084100000, 0x0000000084100000, 0x0000000084200000|  0%| F|  |TAMS 0x0000000084100000| PB 0x0000000084100000| Untracked |  0
|  44|0x0000000084200000, 0x0000000084200000, 0x0000000084300000|  0%| F|  |TAMS 0x0000000084200000| PB 0x0000000084200000| Untracked |  0
|  45|0x0000000084300000, 0x0000000084300000, 0x0000000084400000|  0%| F|  |TAMS 0x0000000084300000| PB 0x0000000084300000| Untracked |  0
|  46|0x0000000084400000, 0x0000000084400000, 0x0000000084500000|  0%| F|  |TAMS 0x0000000084400000| PB 0x0000000084400000| Untracked |  0
|  47|0x0000000084500000, 0x0000000084500000, 0x0000000084600000|  0%| F|  |TAMS 0x0000000084500000| PB 0x0000000084500000| Untracked |  0
|  48|0x0000000084600000, 0x0000000084600000, 0x0000000084700000|  0%| F|  |TAMS 0x0000000084600000| PB 0x0000000084600000| Untracked |  0
|  49|0x0000000084700000, 0x0000000084700000, 0x0000000084800000|  0%| F|  |TAMS 0x0000000084700000| PB 0x0000000084700000| Untracked |  0
|  50|0x0000000084800000, 0x0000000084800000, 0x0000000084900000|  0%| F|  |TAMS 0x0000000084800000| PB 0x0000000084800000| Untracked |  0
|  51|0x0000000084900000, 0x0000000084900000, 0x0000000084a00000|  0%| F|  |TAMS 0x0000000084900000| PB 0x0000000084900000| Untracked |  0
|  52|0x0000000084a00000, 0x0000000084a00000, 0x0000000084b00000|  0%| F|  |TAMS 0x0000000084a00000| PB 0x0000000084a00000| Untracked |  0
|  53|0x0000000084b00000, 0x0000000084b00000, 0x0000000084c00000|  0%| F|  |TAMS 0x0000000084b00000| PB 0x0000000084b00000| Untracked |  0
|  54|0x0000000084c00000, 0x0000000084c00000, 0x0000000084d00000|  0%| F|  |TAMS 0x0000000084c00000| PB 0x0000000084c00000| Untracked |  0
|  55|0x0000000084d00000, 0x0000000084d00000, 0x0000000084e00000|  0%| F|  |TAMS 0x0000000084d00000| PB 0x0000000084d00000| Untracked |  0
|  56|0x0000000084e00000, 0x0000000084e00000, 0x0000000084f00000|  0%| F|  |TAMS 0x0000000084e00000| PB 0x0000000084e00000| Untracked |  0
|  57|0x0000000084f00000, 0x0000000084f00000, 0x0000000085000000|  0%| F|  |TAMS 0x0000000084f00000| PB 0x0000000084f00000| Untracked |  0
|  58|0x0000000085000000, 0x0000000085000000, 0x0000000085100000|  0%| F|  |TAMS 0x0000000085000000| PB 0x0000000085000000| Untracked |  0
|  59|0x0000000085100000, 0x0000000085100000, 0x0000000085200000|  0%| F|  |TAMS 0x0000000085100000| PB 0x0000000085100000| Untracked |  0
|  60|0x0000000085200000, 0x0000000085200000, 0x0000000085300000|  0%| F|  |TAMS 0x0000000085200000| PB 0x0000000085200000| Untracked |  0
|  61|0x0000000085300000, 0x0000000085300000, 0x0000000085400000|  0%| F|  |TAMS 0x0000000085300000| PB 0x0000000085300000| Untracked |  0
|  62|0x0000000085400000, 0x0000000085400000, 0x0000000085500000|  0%| F|  |TAMS 0x0000000085400000| PB 0x0000000085400000| Untracked |  0
|  63|0x0000000085500000, 0x0000000085500000, 0x0000000085600000|  0%| F|  |TAMS 0x0000000085500000| PB 0x0000000085500000| Untracked |  0
|  64|0x0000000085600000, 0x0000000085600000, 0x0000000085700000|  0%| F|  |TAMS 0x0000000085600000| PB 0x0000000085600000| Untracked |  0
|  65|0x0000000085700000, 0x0000000085700000, 0x0000000085800000|  0%| F|  |TAMS 0x0000000085700000| PB 0x0000000085700000| Untracked |  0
|  66|0x0000000085800000, 0x0000000085800000, 0x0000000085900000|  0%| F|  |TAMS 0x0000000085800000| PB 0x0000000085800000| Untracked |  0
|  67|0x0000000085900000, 0x0000000085900000, 0x0000000085a00000|  0%| F|  |TAMS 0x0000000085900000| PB 0x0000000085900000| Untracked |  0
|  68|0x0000000085a00000, 0x0000000085a00000, 0x0000000085b00000|  0%| F|  |TAMS 0x0000000085a00000| PB 0x0000000085a00000| Untracked |  0
|  69|0x0000000085b00000, 0x0000000085b00000, 0x0000000085c00000|  0%| F|  |TAMS 0x0000000085b00000| PB 0x0000000085b00000| Untracked |  0
|  70|0x0000000085c00000, 0x0000000085c00000, 0x0000000085d00000|  0%| F|  |TAMS 0x0000000085c00000| PB 0x0000000085c00000| Untracked |  0
|  71|0x0000000085d00000, 0x0000000085d00000, 0x0000000085e00000|  0%| F|  |TAMS 0x0000000085d00000| PB 0x0000000085d00000| Untracked |  0
|  72|0x0000000085e00000, 0x0000000085e00000, 0x0000000085f00000|  0%| F|  |TAMS 0x0000000085e00000| PB 0x0000000085e00000| Untracked |  0
|  73|0x0000000085f00000, 0x0000000085f00000, 0x0000000086000000|  0%| F|  |TAMS 0x0000000085f00000| PB 0x0000000085f00000| Untracked |  0
|  74|0x0000000086000000, 0x0000000086000000, 0x0000000086100000|  0%| F|  |TAMS 0x0000000086000000| PB 0x0000000086000000| Untracked |  0
|  75|0x0000000086100000, 0x0000000086100000, 0x0000000086200000|  0%| F|  |TAMS 0x0000000086100000| PB 0x0000000086100000| Untracked |  0
|  76|0x0000000086200000, 0x0000000086200000, 0x0000000086300000|  0%| F|  |TAMS 0x0000000086200000| PB 0x0000000086200000| Untracked |  0
|  77|0x0000000086300000, 0x0000000086300000, 0x0000000086400000|  0%| F|  |TAMS 0x0000000086300000| PB 0x0000000086300000| Untracked |  0
|  78|0x0000000086400000, 0x0000000086400000, 0x0000000086500000|  0%| F|  |TAMS 0x0000000086400000| PB 0x0000000086400000| Untracked |  0
|  79|0x0000000086500000, 0x0000000086500000, 0x0000000086600000|  0%| F|  |TAMS 0x0000000086500000| PB 0x0000000086500000| Untracked |  0
|  80|0x0000000086600000, 0x0000000086600000, 0x0000000086700000|  0%| F|  |TAMS 0x0000000086600000| PB 0x0000000086600000| Untracked |  0
|  81|0x0000000086700000, 0x0000000086700000, 0x0000000086800000|  0%| F|  |TAMS 0x0000000086700000| PB 0x0000000086700000| Untracked |  0
|  82|0x0000000086800000, 0x0000000086800000, 0x0000000086900000|  0%| F|  |TAMS 0x0000000086800000| PB 0x0000000086800000| Untracked |  0
|  83|0x0000000086900000, 0x0000000086900000, 0x0000000086a00000|  0%| F|  |TAMS 0x0000000086900000| PB 0x0000000086900000| Untracked |  0
|  84|0x0000000086a00000, 0x0000000086a00000, 0x0000000086b00000|  0%| F|  |TAMS 0x0000000086a00000| PB 0x0000000086a00000| Untracked |  0
|  85|0x0000000086b00000, 0x0000000086b00000, 0x0000000086c00000|  0%| F|  |TAMS 0x0000000086b00000| PB 0x0000000086b00000| Untracked |  0
|  86|0x0000000086c00000, 0x0000000086c00000, 0x0000000086d00000|  0%| F|  |TAMS 0x0000000086c00000| PB 0x0000000086c00000| Untracked |  0
|  87|0x0000000086d00000, 0x0000000086d00000, 0x0000000086e00000|  0%| F|  |TAMS 0x0000000086d00000| PB 0x0000000086d00000| Untracked |  0
|  88|0x0000000086e00000, 0x0000000086e00000, 0x0000000086f00000|  0%| F|  |TAMS 0x0000000086e00000| PB 0x0000000086e00000| Untracked |  0
|  89|0x0000000086f00000, 0x0000000086f00000, 0x0000000087000000|  0%| F|  |TAMS 0x0000000086f00000| PB 0x0000000086f00000| Untracked |  0
|  90|0x0000000087000000, 0x0000000087000000, 0x0000000087100000|  0%| F|  |TAMS 0x0000000087000000| PB 0x0000000087000000| Untracked |  0
|  91|0x0000000087100000, 0x0000000087100000, 0x0000000087200000|  0%| F|  |TAMS 0x0000000087100000| PB 0x0000000087100000| Untracked |  0
|  92|0x0000000087200000, 0x0000000087200000, 0x0000000087300000|  0%| F|  |TAMS 0x0000000087200000| PB 0x0000000087200000| Untracked |  0
|  93|0x0000000087300000, 0x0000000087300000, 0x0000000087400000|  0%| F|  |TAMS 0x0000000087300000| PB 0x0000000087300000| Untracked |  0
|  94|0x0000000087400000, 0x0000000087400000, 0x0000000087500000|  0%| F|  |TAMS 0x0000000087400000| PB 0x0000000087400000| Untracked |  0
|  95|0x0000000087500000, 0x0000000087500000, 0x0000000087600000|  0%| F|  |TAMS 0x0000000087500000| PB 0x0000000087500000| Untracked |  0
|  96|0x0000000087600000, 0x0000000087600000, 0x0000000087700000|  0%| F|  |TAMS 0x0000000087600000| PB 0x0000000087600000| Untracked |  0
|  97|0x0000000087700000, 0x0000000087700000, 0x0000000087800000|  0%| F|  |TAMS 0x0000000087700000| PB 0x0000000087700000| Untracked |  0
|  98|0x0000000087800000, 0x0000000087800000, 0x0000000087900000|  0%| F|  |TAMS 0x0000000087800000| PB 0x0000000087800000| Untracked |  0
|  99|0x0000000087900000, 0x0000000087900000, 0x0000000087a00000|  0%| F|  |TAMS 0x0000000087900000| PB 0x0000000087900000| Untracked |  0
| 100|0x0000000087a00000, 0x0000000087a00000, 0x0000000087b00000|  0%| F|  |TAMS 0x0000000087a00000| PB 0x0000000087a00000| Untracked |  0
| 101|0x0000000087b00000, 0x0000000087b00000, 0x0000000087c00000|  0%| F|  |TAMS 0x0000000087b00000| PB 0x0000000087b00000| Untracked |  0
| 102|0x0000000087c00000, 0x0000000087c00000, 0x0000000087d00000|  0%| F|  |TAMS 0x0000000087c00000| PB 0x0000000087c00000| Untracked |  0
| 103|0x0000000087d00000, 0x0000000087d00000, 0x0000000087e00000|  0%| F|  |TAMS 0x0000000087d00000| PB 0x0000000087d00000| Untracked |  0
| 104|0x0000000087e00000, 0x0000000087e00000, 0x0000000087f00000|  0%| F|  |TAMS 0x0000000087e00000| PB 0x0000000087e00000| Untracked |  0
| 105|0x0000000087f00000, 0x0000000087f00000, 0x0000000088000000|  0%| F|  |TAMS 0x0000000087f00000| PB 0x0000000087f00000| Untracked |  0
| 106|0x0000000088000000, 0x0000000088000000, 0x0000000088100000|  0%| F|  |TAMS 0x0000000088000000| PB 0x0000000088000000| Untracked |  0
| 107|0x0000000088100000, 0x0000000088100000, 0x0000000088200000|  0%| F|  |TAMS 0x0000000088100000| PB 0x0000000088100000| Untracked |  0
| 108|0x0000000088200000, 0x0000000088200000, 0x0000000088300000|  0%| F|  |TAMS 0x0000000088200000| PB 0x0000000088200000| Untracked |  0
| 109|0x0000000088300000, 0x0000000088300000, 0x0000000088400000|  0%| F|  |TAMS 0x0000000088300000| PB 0x0000000088300000| Untracked |  0
| 110|0x0000000088400000, 0x0000000088400000, 0x0000000088500000|  0%| F|  |TAMS 0x0000000088400000| PB 0x0000000088400000| Untracked |  0
| 111|0x0000000088500000, 0x0000000088500000, 0x0000000088600000|  0%| F|  |TAMS 0x0000000088500000| PB 0x0000000088500000| Untracked |  0
| 112|0x0000000088600000, 0x0000000088600000, 0x0000000088700000|  0%| F|  |TAMS 0x0000000088600000| PB 0x0000000088600000| Untracked |  0
| 113|0x0000000088700000, 0x0000000088700000, 0x0000000088800000|  0%| F|  |TAMS 0x0000000088700000| PB 0x0000000088700000| Untracked |  0
| 114|0x0000000088800000, 0x0000000088800000, 0x0000000088900000|  0%| F|  |TAMS 0x0000000088800000| PB 0x0000000088800000| Untracked |  0
| 115|0x0000000088900000, 0x0000000088900000, 0x0000000088a00000|  0%| F|  |TAMS 0x0000000088900000| PB 0x0000000088900000| Untracked |  0
| 116|0x0000000088a00000, 0x0000000088a00000, 0x0000000088b00000|  0%| F|  |TAMS 0x0000000088a00000| PB 0x0000000088a00000| Untracked |  0
| 117|0x0000000088b00000, 0x0000000088b00000, 0x0000000088c00000|  0%| F|  |TAMS 0x0000000088b00000| PB 0x0000000088b00000| Untracked |  0
| 118|0x0000000088c00000, 0x0000000088c00000, 0x0000000088d00000|  0%| F|  |TAMS 0x0000000088c00000| PB 0x0000000088c00000| Untracked |  0
| 119|0x0000000088d00000, 0x0000000088d00000, 0x0000000088e00000|  0%| F|  |TAMS 0x0000000088d00000| PB 0x0000000088d00000| Untracked |  0
| 120|0x0000000088e00000, 0x0000000088e00000, 0x0000000088f00000|  0%| F|  |TAMS 0x0000000088e00000| PB 0x0000000088e00000| Untracked |  0
| 121|0x0000000088f00000, 0x0000000089000000, 0x0000000089000000|100%| E|  |TAMS 0x0000000088f00000| PB 0x0000000088f00000| Complete |  0
| 122|0x0000000089000000, 0x0000000089100000, 0x0000000089100000|100%| E|CS|TAMS 0x0000000089000000| PB 0x0000000089000000| Complete |  0
| 123|0x0000000089100000, 0x0000000089200000, 0x0000000089200000|100%| E|CS|TAMS 0x0000000089100000| PB 0x0000000089100000| Complete |  0
| 124|0x0000000089200000, 0x0000000089300000, 0x0000000089300000|100%| E|CS|TAMS 0x0000000089200000| PB 0x0000000089200000| Complete |  0
| 125|0x0000000089300000, 0x0000000089400000, 0x0000000089400000|100%| E|CS|TAMS 0x0000000089300000| PB 0x0000000089300000| Complete |  0
| 126|0x0000000089400000, 0x0000000089500000, 0x0000000089500000|100%| E|CS|TAMS 0x0000000089400000| PB 0x0000000089400000| Complete |  0
| 127|0x0000000089500000, 0x0000000089600000, 0x0000000089600000|100%| E|CS|TAMS 0x0000000089500000| PB 0x0000000089500000| Complete |  0

Card table byte_map: [0x000002756cb70000,0x000002756cf70000] _byte_map_base: 0x000002756c765000

Marking Bits: (CMBitMap*) 0x000002755367c760
 Bits: [0x000002756cf70000, 0x000002756ef18000)

Polling page: 0x0000027553420000

Metaspace:

Usage:
  Non-class:      6.64 MB used.
      Class:    917.50 KB used.
       Both:      7.54 MB used.

Virtual space:
  Non-class space:       64.00 MB reserved,       6.69 MB ( 10%) committed,  1 nodes.
      Class space:        1.00 GB reserved,       1.00 MB ( <1%) committed,  1 nodes.
             Both:        1.06 GB reserved,       7.69 MB ( <1%) committed. 

Chunk freelists:
   Non-Class:  9.00 MB
       Class:  14.99 MB
        Both:  23.99 MB

MaxMetaspaceSize: unlimited
CompressedClassSpaceSize: 1.00 GB
Initial GC threshold: 21.00 MB
Current GC threshold: 21.00 MB
CDS: on
 - commit_granule_bytes: 65536.
 - commit_granule_words: 8192.
 - virtual_space_node_default_size: 8388608.
 - enlarge_chunks_in_place: 1.
 - use_allocation_guard: 0.


Internal statistics:

num_allocs_failed_limit: 0.
num_arena_births: 130.
num_arena_deaths: 0.
num_vsnodes_births: 2.
num_vsnodes_deaths: 0.
num_space_committed: 123.
num_space_uncommitted: 0.
num_chunks_returned_to_freelist: 0.
num_chunks_taken_from_freelist: 157.
num_chunk_merges: 0.
num_chunk_splits: 97.
num_chunks_enlarged: 48.
num_inconsistent_stats: 0.

CodeHeap 'non-profiled nmethods': size=120000Kb used=228Kb max_used=228Kb free=119771Kb
 bounds [0x0000027564c20000, 0x0000027564e90000, 0x000002756c150000]
CodeHeap 'profiled nmethods': size=120000Kb used=1103Kb max_used=1103Kb free=118896Kb
 bounds [0x000002755d150000, 0x000002755d3c0000, 0x0000027564680000]
CodeHeap 'non-nmethods': size=5760Kb used=1478Kb max_used=1493Kb free=4281Kb
 bounds [0x0000027564680000, 0x00000275648f0000, 0x0000027564c20000]
 total_blobs=1312 nmethods=754 adapters=463
 compilation: enabled
              stopped_count=0, restarted_count=0
 full_count=0

Compilation events (20 events):
Event: 0.390 Thread 0x000002754534bd00 nmethod 730 0x0000027564c58210 code [0x0000027564c583e0, 0x0000027564c58770]
Event: 0.390 Thread 0x0000027571559890 nmethod 744 0x0000027564c58a90 code [0x0000027564c58c20, 0x0000027564c58ce8]
Event: 0.391 Thread 0x0000027571559890  745       3       java.lang.invoke.DirectMethodHandle$Holder::invokeStatic (15 bytes)
Event: 0.391 Thread 0x0000027571559890 nmethod 745 0x000002755d25f810 code [0x000002755d25f9e0, 0x000002755d25fe08]
Event: 0.391 Thread 0x0000027571559890  746       3       java.lang.invoke.Invokers::checkCustomized (23 bytes)
Event: 0.391 Thread 0x0000027571559890 nmethod 746 0x000002755d25ff10 code [0x000002755d2600c0, 0x000002755d260280]
Event: 0.391 Thread 0x0000027571559890  747       3       java.lang.invoke.Invokers::maybeCustomize (5 bytes)
Event: 0.391 Thread 0x0000027571559890 nmethod 747 0x000002755d260390 code [0x000002755d260540, 0x000002755d2606f0]
Event: 0.391 Thread 0x0000027571559890  748       3       java.lang.invoke.MethodHandle::maybeCustomize (38 bytes)
Event: 0.391 Thread 0x0000027571559890 nmethod 748 0x000002755d260810 code [0x000002755d2609e0, 0x000002755d260dc0]
Event: 0.391 Thread 0x0000027571559890  749       3       java.util.StringTokenizer::skipDelimiters (116 bytes)
Event: 0.392 Thread 0x0000027571559890 nmethod 749 0x000002755d260f10 code [0x000002755d261180, 0x000002755d261cb8]
Event: 0.392 Thread 0x0000027571559890  751       3       sun.awt.SunToolkit::isInstanceOf (71 bytes)
Event: 0.392 Thread 0x0000027571559890 nmethod 751 0x000002755d262110 code [0x000002755d262360, 0x000002755d262988]
Event: 0.392 Thread 0x0000027571559890  750   !   3       javax.swing.JComponent::getClientProperty (56 bytes)
Event: 0.393 Thread 0x0000027571559890 nmethod 750 0x000002755d262c90 code [0x000002755d262e60, 0x000002755d2631f0]
Event: 0.393 Thread 0x0000027571559890  752       3       java.util.ArrayList$Itr::next (66 bytes)
Event: 0.393 Thread 0x0000027571559890 nmethod 752 0x000002755d263390 code [0x000002755d263580, 0x000002755d263940]
Event: 0.393 Thread 0x0000027571559890  753       3       java.util.ArrayList$Itr::checkForComodification (23 bytes)
Event: 0.393 Thread 0x0000027571559890 nmethod 753 0x000002755d263b10 code [0x000002755d263cc0, 0x000002755d263e88]

GC Heap History (0 events):
No events

Dll operation events (9 events):
Event: 0.008 Loaded shared library C:\Program Files\Java\jdk-22\bin\java.dll
Event: 0.044 Loaded shared library C:\Program Files\Java\jdk-22\bin\jsvml.dll
Event: 0.087 Loaded shared library C:\Program Files\Java\jdk-22\bin\net.dll
Event: 0.088 Loaded shared library C:\Program Files\Java\jdk-22\bin\nio.dll
Event: 0.116 Loaded shared library C:\Program Files\Java\jdk-22\bin\zip.dll
Event: 0.125 Loaded shared library C:\Program Files\Java\jdk-22\bin\jimage.dll
Event: 0.149 Loaded shared library C:\Program Files\Java\jdk-22\bin\awt.dll
Event: 0.260 Loaded shared library C:\Program Files\Java\jdk-22\bin\freetype.dll
Event: 0.261 Loaded shared library C:\Program Files\Java\jdk-22\bin\fontmanager.dll

Deoptimization events (20 events):
Event: 0.342 Thread 0x00000275454df6f0 DEOPT PACKING pc=0x0000027564c4dd60 sp=0x000000ff73ffe980
Event: 0.342 Thread 0x00000275454df6f0 DEOPT UNPACKING pc=0x00000275646d46a2 sp=0x000000ff73ffe8e8 mode 2
Event: 0.342 Thread 0x00000275454df6f0 Uncommon trap: trap_request=0xffffffde fr.pc=0x0000027564c4dd60 relative=0x0000000000000280
Event: 0.342 Thread 0x00000275454df6f0 Uncommon trap: reason=class_check action=maybe_recompile pc=0x0000027564c4dd60 method=java.util.HashMap.getNode(Ljava/lang/Object;)Ljava/util/HashMap$Node; @ 63 c2
Event: 0.342 Thread 0x00000275454df6f0 DEOPT PACKING pc=0x0000027564c4dd60 sp=0x000000ff73ffe970
Event: 0.342 Thread 0x00000275454df6f0 DEOPT UNPACKING pc=0x00000275646d46a2 sp=0x000000ff73ffe8d8 mode 2
Event: 0.342 Thread 0x00000275454df6f0 Uncommon trap: trap_request=0xffffffde fr.pc=0x0000027564c4dd60 relative=0x0000000000000280
Event: 0.342 Thread 0x00000275454df6f0 Uncommon trap: reason=class_check action=maybe_recompile pc=0x0000027564c4dd60 method=java.util.HashMap.getNode(Ljava/lang/Object;)Ljava/util/HashMap$Node; @ 63 c2
Event: 0.342 Thread 0x00000275454df6f0 DEOPT PACKING pc=0x0000027564c4dd60 sp=0x000000ff73ffe970
Event: 0.342 Thread 0x00000275454df6f0 DEOPT UNPACKING pc=0x00000275646d46a2 sp=0x000000ff73ffe8d8 mode 2
Event: 0.342 Thread 0x00000275454df6f0 Uncommon trap: trap_request=0xffffffde fr.pc=0x0000027564c4dd84 relative=0x00000000000002a4
Event: 0.342 Thread 0x00000275454df6f0 Uncommon trap: reason=class_check action=maybe_recompile pc=0x0000027564c4dd84 method=java.util.HashMap.getNode(Ljava/lang/Object;)Ljava/util/HashMap$Node; @ 128 c2
Event: 0.342 Thread 0x00000275454df6f0 DEOPT PACKING pc=0x0000027564c4dd84 sp=0x000000ff73ffe980
Event: 0.342 Thread 0x00000275454df6f0 DEOPT UNPACKING pc=0x00000275646d46a2 sp=0x000000ff73ffe8e8 mode 2
Event: 0.355 Thread 0x00000275454df6f0 Uncommon trap: trap_request=0xffffffde fr.pc=0x0000027564c4dd60 relative=0x0000000000000280
Event: 0.355 Thread 0x00000275454df6f0 Uncommon trap: reason=class_check action=maybe_recompile pc=0x0000027564c4dd60 method=java.util.HashMap.getNode(Ljava/lang/Object;)Ljava/util/HashMap$Node; @ 63 c2
Event: 0.355 Thread 0x00000275454df6f0 DEOPT PACKING pc=0x0000027564c4dd60 sp=0x000000ff73ffea50
Event: 0.355 Thread 0x00000275454df6f0 DEOPT UNPACKING pc=0x00000275646d46a2 sp=0x000000ff73ffe9b8 mode 2
Event: 0.365 Thread 0x00000275454df6f0 DEOPT PACKING pc=0x000002755d162bfc sp=0x000000ff73ffe960
Event: 0.365 Thread 0x00000275454df6f0 DEOPT UNPACKING pc=0x00000275646d4e42 sp=0x000000ff73ffdd80 mode 0

Classes loaded (20 events):
Event: 0.392 Loading class javax/swing/plaf/ScrollPaneUI done
Event: 0.392 Loading class javax/swing/plaf/basic/BasicScrollPaneUI done
Event: 0.392 Loading class javax/swing/plaf/synth/SynthScrollPaneUI done
Event: 0.392 Loading class javax/swing/plaf/nimbus/ScrollPanePainter
Event: 0.393 Loading class javax/swing/plaf/nimbus/ScrollPanePainter done
Event: 0.393 Loading class javax/swing/plaf/synth/SynthScrollPaneUI$ViewportBorder
Event: 0.393 Loading class javax/swing/plaf/synth/SynthScrollPaneUI$ViewportBorder done
Event: 0.393 Loading class javax/swing/plaf/basic/BasicScrollPaneUI$Handler
Event: 0.393 Loading class javax/swing/plaf/basic/BasicScrollPaneUI$Handler done
Event: 0.394 Loading class javax/swing/plaf/synth/SynthScrollPaneUI$ViewportViewFocusHandler
Event: 0.394 Loading class javax/swing/plaf/synth/SynthScrollPaneUI$ViewportViewFocusHandler done
Event: 0.394 Loading class javax/swing/table/DefaultTableColumnModel
Event: 0.394 Loading class javax/swing/table/TableColumnModel
Event: 0.394 Loading class javax/swing/table/TableColumnModel done
Event: 0.394 Loading class javax/swing/table/DefaultTableColumnModel done
Event: 0.394 Loading class javax/swing/DefaultListSelectionModel
Event: 0.394 Loading class javax/swing/ListSelectionModel
Event: 0.394 Loading class javax/swing/ListSelectionModel done
Event: 0.395 Loading class javax/swing/DefaultListSelectionModel done
Event: 0.395 Loading class java/util/BitSet

Classes unloaded (0 events):
No events

Classes redefined (0 events):
No events

Internal exceptions (20 events):
Event: 0.296 Thread 0x00000275536274c0 Exception <a 'java/lang/ClassNotFoundException'{0x0000000089063a20}: ToolBar> (0x0000000089063a20) 
thrown [s\open\src\hotspot\share\classfile\systemDictionary.cpp, line 313]
Event: 0.296 Thread 0x00000275536274c0 Exception <a 'java/lang/ClassNotFoundException'{0x0000000089063d80}: Button> (0x0000000089063d80) 
thrown [s\open\src\hotspot\share\classfile\systemDictionary.cpp, line 313]
Event: 0.296 Thread 0x00000275536274c0 Exception <a 'java/lang/ClassNotFoundException'{0x0000000089064248}: ToolBar> (0x0000000089064248) 
thrown [s\open\src\hotspot\share\classfile\systemDictionary.cpp, line 313]
Event: 0.296 Thread 0x00000275536274c0 Exception <a 'java/lang/ClassNotFoundException'{0x00000000890645b8}: ToggleButton> (0x00000000890645b8) 
thrown [s\open\src\hotspot\share\classfile\systemDictionary.cpp, line 313]
Event: 0.296 Thread 0x00000275536274c0 Exception <a 'java/lang/ClassNotFoundException'{0x00000000890649f8}: javax/swing/JToolBarSeparator> (0x00000000890649f8) 
thrown [s\open\src\hotspot\share\classfile\systemDictionary.cpp, line 313]
Event: 0.296 Thread 0x00000275536274c0 Exception <a 'java/lang/ClassNotFoundException'{0x0000000089064d08}: ToolBarSeparator> (0x0000000089064d08) 
thrown [s\open\src\hotspot\share\classfile\systemDictionary.cpp, line 313]
Event: 0.296 Thread 0x00000275536274c0 Exception <a 'java/lang/ClassNotFoundException'{0x0000000089065210}: ToolTip> (0x0000000089065210) 
thrown [s\open\src\hotspot\share\classfile\systemDictionary.cpp, line 313]
Event: 0.297 Thread 0x00000275536274c0 Exception <a 'java/lang/ClassNotFoundException'{0x0000000089065b50}: Tree> (0x0000000089065b50) 
thrown [s\open\src\hotspot\share\classfile\systemDictionary.cpp, line 313]
Event: 0.297 Thread 0x00000275536274c0 Exception <a 'java/lang/ClassNotFoundException'{0x0000000089066048}: Tree> (0x0000000089066048) 
thrown [s\open\src\hotspot\share\classfile\systemDictionary.cpp, line 313]
Event: 0.297 Thread 0x00000275536274c0 Exception <a 'java/lang/ClassNotFoundException'{0x00000000890663b8}: javax/swing/JTreeCell> (0x00000000890663b8) 
thrown [s\open\src\hotspot\share\classfile\systemDictionary.cpp, line 313]
Event: 0.297 Thread 0x00000275536274c0 Exception <a 'java/lang/ClassNotFoundException'{0x00000000890666c0}: TreeCell> (0x00000000890666c0) 
thrown [s\open\src\hotspot\share\classfile\systemDictionary.cpp, line 313]
Event: 0.298 Thread 0x00000275536274c0 Exception <a 'java/lang/ClassNotFoundException'{0x0000000089066e68}: RootPane> (0x0000000089066e68) 
thrown [s\open\src\hotspot\share\classfile\systemDictionary.cpp, line 313]
Event: 0.299 Thread 0x00000275536274c0 Exception <a 'java/lang/ClassNotFoundException'{0x0000000089069bf8}: com/sun/swing/internal/plaf/metal/resources/spi/metalProvider> (0x0000000089069bf8) 
thrown [s\open\src\hotspot\share\classfile\systemDictionary.cpp, line 313]
Event: 0.300 Thread 0x00000275536274c0 Exception <a 'java/lang/ClassNotFoundException'{0x000000008906d8f8}: com/sun/swing/internal/plaf/basic/resources/spi/basicProvider> (0x000000008906d8f8) 
thrown [s\open\src\hotspot\share\classfile\systemDictionary.cpp, line 313]
Event: 0.320 Thread 0x00000275454df6f0 Exception <a 'java/lang/ClassNotFoundException'{0x00000000890ebb30}: com/sun/swing/internal/plaf/synth/resources/spi/synthProvider> (0x00000000890ebb30) 
thrown [s\open\src\hotspot\share\classfile\systemDictionary.cpp, line 313]
Event: 0.341 Thread 0x00000275454df6f0 Exception <a 'java/lang/NoSuchMethodError'{0x0000000088f76e30}: 'int java.lang.invoke.Invokers$Holder.invokeExact_MT(java.lang.Object, java.lang.Object)'> (0x0000000088f76e30) 
thrown [s\open\src\hotspot\share\interpreter\linkResolver.cpp, line 774]
Event: 0.345 Thread 0x00000275454df6f0 Exception <a 'java/lang/NoSuchMethodError'{0x0000000088f7e848}: 'java.lang.Object java.lang.invoke.DirectMethodHandle$Holder.newInvokeSpecial(java.lang.Object, java.lang.Object, int)'> (0x0000000088f7e848) 
thrown [s\open\src\hotspot\share\interpreter\linkResolver.cpp, line 774]
Event: 0.346 Thread 0x00000275454df6f0 Exception <a 'java/lang/NoSuchMethodError'{0x0000000088f83908}: 'int java.lang.invoke.DirectMethodHandle$Holder.invokeSpecial(java.lang.Object, java.lang.Object, java.lang.Object, int)'> (0x0000000088f83908) 
thrown [s\open\src\hotspot\share\interpreter\linkResolver.cpp, line 774]
Event: 0.347 Thread 0x00000275454df6f0 Exception <a 'java/lang/NoSuchMethodError'{0x0000000088f96500}: 'java.lang.Object java.lang.invoke.DirectMethodHandle$Holder.invokeStatic(java.lang.Object, java.lang.Object, java.lang.Object, java.lang.Object, int)'> (0x0000000088f96500) 
thrown [s\open\src\hotspot\share\interpreter\linkResolver.cpp, line 774]
Event: 0.348 Thread 0x00000275454df6f0 Exception <a 'java/lang/NoSuchMethodError'{0x0000000088f9eaf8}: 'int java.lang.invoke.DirectMethodHandle$Holder.invokeSpecial(java.lang.Object, java.lang.Object, java.lang.Object)'> (0x0000000088f9eaf8) 
thrown [s\open\src\hotspot\share\interpreter\linkResolver.cpp, line 774]

ZGC Phase Switch (0 events):
No events

VM Operations (6 events):
Event: 0.096 Executing VM operation: HandshakeAllThreads (Deoptimize)
Event: 0.096 Executing VM operation: HandshakeAllThreads (Deoptimize) done
Event: 0.174 Executing VM operation: HandshakeAllThreads (Deoptimize)
Event: 0.174 Executing VM operation: HandshakeAllThreads (Deoptimize) done
Event: 0.375 Executing VM operation: HandshakeAllThreads (Deoptimize)
Event: 0.375 Executing VM operation: HandshakeAllThreads (Deoptimize) done

Events (18 events):
Event: 0.027 Thread 0x00000275536274c0 Thread added: 0x00000275536274c0
Event: 0.042 Thread 0x0000027571539800 Thread added: 0x0000027571539800
Event: 0.042 Thread 0x000002757153c630 Thread added: 0x000002757153c630
Event: 0.042 Thread 0x000002757153fad0 Thread added: 0x000002757153fad0
Event: 0.042 Thread 0x0000027571542540 Thread added: 0x0000027571542540
Event: 0.042 Thread 0x0000027571545270 Thread added: 0x0000027571545270
Event: 0.042 Thread 0x00000275715460e0 Thread added: 0x00000275715460e0
Event: 0.042 Thread 0x00000275715485c0 Thread added: 0x00000275715485c0
Event: 0.043 Thread 0x0000027571559890 Thread added: 0x0000027571559890
Event: 0.073 Thread 0x00000275451ca5a0 Thread added: 0x00000275451ca5a0
Event: 0.108 Thread 0x000002754531b9f0 Thread added: 0x000002754531b9f0
Event: 0.111 Thread 0x000002754534bd00 Thread added: 0x000002754534bd00
Event: 0.200 Thread 0x0000027545412aa0 Thread added: 0x0000027545412aa0
Event: 0.202 Thread 0x00000275454a0020 Thread added: 0x00000275454a0020
Event: 0.203 Thread 0x00000275454a0eb0 Thread added: 0x00000275454a0eb0
Event: 0.310 Thread 0x00000275454df6f0 Thread added: 0x00000275454df6f0
Event: 0.311 Thread 0x00000275536274c0 Thread exited: 0x00000275536274c0
Event: 0.311 Thread 0x00000275536274c0 Thread added: 0x00000275536274c0


Dynamic libraries:
0x00007ff79b130000 - 0x00007ff79b140000 	C:\Program Files\Java\jdk-22\bin\java.exe
0x00007ff97ac90000 - 0x00007ff97ae85000 	C:\Windows\SYSTEM32\ntdll.dll
0x00007ff979730000 - 0x00007ff9797ee000 	C:\Windows\System32\KERNEL32.DLL
0x00007ff978820000 - 0x00007ff978ae8000 	C:\Windows\System32\KERNELBASE.dll
0x00007ff978400000 - 0x00007ff978500000 	C:\Windows\System32\ucrtbase.dll
0x00007ff94ed60000 - 0x00007ff94ed77000 	C:\Program Files\Java\jdk-22\bin\jli.dll
0x00007ff9794b0000 - 0x00007ff97955c000 	C:\Windows\System32\ADVAPI32.dll
0x00007ff96f520000 - 0x00007ff96f53b000 	C:\Program Files\Java\jdk-22\bin\VCRUNTIME140.dll
0x00007ff97a850000 - 0x00007ff97a8ee000 	C:\Windows\System32\msvcrt.dll
0x00007ff979690000 - 0x00007ff97972b000 	C:\Windows\System32\sechost.dll
0x00007ff979f70000 - 0x00007ff97a09a000 	C:\Windows\System32\RPCRT4.dll
0x00007ff97aa90000 - 0x00007ff97ac31000 	C:\Windows\System32\USER32.dll
0x00007ff978b40000 - 0x00007ff978b62000 	C:\Windows\System32\win32u.dll
0x00007ff9792b0000 - 0x00007ff9792db000 	C:\Windows\System32\GDI32.dll
0x00007ff978710000 - 0x00007ff97881d000 	C:\Windows\System32\gdi32full.dll
0x00007ff978ba0000 - 0x00007ff978c3d000 	C:\Windows\System32\msvcp_win.dll
0x00007ff9612e0000 - 0x00007ff96157a000 	C:\Windows\WinSxS\amd64_microsoft.windows.common-controls_6595b64144ccf1df_6.0.19041.1110_none_60b5254171f9507e\COMCTL32.dll
0x00007ff960250000 - 0x00007ff96025a000 	C:\Windows\SYSTEM32\VERSION.dll
0x00007ff979db0000 - 0x00007ff979de0000 	C:\Windows\System32\IMM32.DLL
0x00007ff970db0000 - 0x00007ff970dbc000 	C:\Program Files\Java\jdk-22\bin\vcruntime140_1.dll
0x00007ff9496a0000 - 0x00007ff94972e000 	C:\Program Files\Java\jdk-22\bin\msvcp140.dll
0x00007ff947f90000 - 0x00007ff948cd7000 	C:\Program Files\Java\jdk-22\bin\server\jvm.dll
0x00007ff97a950000 - 0x00007ff97a9bb000 	C:\Windows\System32\WS2_32.dll
0x00007ff977960000 - 0x00007ff9779ab000 	C:\Windows\SYSTEM32\POWRPROF.dll
0x00007ff9603d0000 - 0x00007ff9603f7000 	C:\Windows\SYSTEM32\WINMM.dll
0x00007ff9777d0000 - 0x00007ff9777e2000 	C:\Windows\SYSTEM32\UMPDC.dll
0x00007ff976440000 - 0x00007ff976452000 	C:\Windows\SYSTEM32\kernel.appcore.dll
0x00007ff970d20000 - 0x00007ff970d2a000 	C:\Program Files\Java\jdk-22\bin\jimage.dll
0x00007ff96b6c0000 - 0x00007ff96b8a4000 	C:\Windows\SYSTEM32\DBGHELP.DLL
0x00007ff96aa00000 - 0x00007ff96aa2c000 	C:\Windows\SYSTEM32\dbgcore.DLL
0x00007ff978c40000 - 0x00007ff978cc2000 	C:\Windows\System32\bcryptPrimitives.dll
0x00007ff96e750000 - 0x00007ff96e76e000 	C:\Program Files\Java\jdk-22\bin\java.dll
0x00007ff97a100000 - 0x00007ff97a844000 	C:\Windows\System32\SHELL32.dll
0x00007ff979de0000 - 0x00007ff979f0a000 	C:\Windows\System32\ole32.dll
0x00007ff9799c0000 - 0x00007ff979d15000 	C:\Windows\System32\combase.dll
0x00007ff976640000 - 0x00007ff976dd4000 	C:\Windows\SYSTEM32\windows.storage.dll
0x00007ff977df0000 - 0x00007ff977e1e000 	C:\Windows\SYSTEM32\Wldp.dll
0x00007ff979150000 - 0x00007ff9791fd000 	C:\Windows\System32\SHCORE.dll
0x00007ff97a0a0000 - 0x00007ff97a0f5000 	C:\Windows\System32\shlwapi.dll
0x00007ff9782e0000 - 0x00007ff9782ff000 	C:\Windows\SYSTEM32\profapi.dll
0x00007ff949a00000 - 0x00007ff949ad7000 	C:\Program Files\Java\jdk-22\bin\jsvml.dll
0x00007ff970c20000 - 0x00007ff970c30000 	C:\Program Files\Java\jdk-22\bin\net.dll
0x00007ff977b50000 - 0x00007ff977bba000 	C:\Windows\system32\mswsock.dll
0x00007ff9693d0000 - 0x00007ff9693e6000 	C:\Program Files\Java\jdk-22\bin\nio.dll
0x00007ff967b60000 - 0x00007ff967b77000 	C:\Program Files\Java\jdk-22\bin\zip.dll
0x00007ff949730000 - 0x00007ff9498be000 	C:\Program Files\Java\jdk-22\bin\awt.dll
0x00007ff97a9c0000 - 0x00007ff97aa8d000 	C:\Windows\System32\OLEAUT32.dll
0x00007ff975e80000 - 0x00007ff975f10000 	C:\Windows\SYSTEM32\apphelp.dll
0x00007ff975f70000 - 0x00007ff97600e000 	C:\Windows\system32\uxtheme.dll
0x00007ff979570000 - 0x00007ff979685000 	C:\Windows\System32\MSCTF.dll
0x00007ff976330000 - 0x00007ff97635f000 	C:\Windows\system32\DWMAPI.DLL
0x00007ff942190000 - 0x00007ff942217000 	C:\Program Files\Java\jdk-22\bin\freetype.dll
0x00007ff92ef80000 - 0x00007ff92f057000 	C:\Program Files\Java\jdk-22\bin\fontmanager.dll
0x00007ff950440000 - 0x00007ff950565000 	C:\Windows\system32\opengl32.dll
0x00007ff9503d0000 - 0x00007ff9503fc000 	C:\Windows\SYSTEM32\GLU32.dll

dbghelp: loaded successfully - version: 4.0.5 - missing functions: none
symbol engine: initialized successfully - sym options: 0x614 - pdb path: .;C:\Program Files\Java\jdk-22\bin;C:\Windows\SYSTEM32;C:\Windows\WinSxS\amd64_microsoft.windows.common-controls_6595b64144ccf1df_6.0.19041.1110_none_60b5254171f9507e;C:\Program Files\Java\jdk-22\bin\server

VM Arguments:
jvm_args: -Dfile.encoding=UTF-8 --module-path=D:\IT\Java\SchoolManagementSystem\build\classes 
java_command: Student
java_class_path (initial): D:\IT\Java\SchoolManagementSystem\src\jar\mysql-connector-java-8.0.28.jar;D:\IT\Java\SchoolManagementSystem\src\jar\jcalendar-tz-1.3.3-4.jar;D:\IT\Java\SchoolManagementSystem\build\classes
Launcher Type: SUN_STANDARD

[Global flags]
     intx CICompilerCount                          = 3                                         {product} {ergonomic}
     uint ConcGCThreads                            = 1                                         {product} {ergonomic}
     uint G1ConcRefinementThreads                  = 4                                         {product} {ergonomic}
   size_t G1HeapRegionSize                         = 1048576                                   {product} {ergonomic}
   size_t InitialHeapSize                          = 134217728                                 {product} {ergonomic}
   size_t MarkStackSize                            = 4194304                                   {product} {ergonomic}
   size_t MaxHeapSize                              = 2124414976                                {product} {ergonomic}
   size_t MaxNewSize                               = 1274019840                                {product} {ergonomic}
   size_t MinHeapDeltaBytes                        = 1048576                                   {product} {ergonomic}
   size_t MinHeapSize                              = 8388608                                   {product} {ergonomic}
    uintx NonNMethodCodeHeapSize                   = 5832780                                {pd product} {ergonomic}
    uintx NonProfiledCodeHeapSize                  = 122912730                              {pd product} {ergonomic}
    uintx ProfiledCodeHeapSize                     = 122912730                              {pd product} {ergonomic}
    uintx ReservedCodeCacheSize                    = 251658240                              {pd product} {ergonomic}
     bool SegmentedCodeCache                       = true                                      {product} {ergonomic}
   size_t SoftMaxHeapSize                          = 2124414976                             {manageable} {ergonomic}
     bool UseCompressedOops                        = true                           {product lp64_product} {ergonomic}
     bool UseG1GC                                  = true                                      {product} {ergonomic}
     bool UseLargePagesIndividualAllocation        = false                                  {pd product} {ergonomic}

Logging:
Log output configuration:
 #0: stdout all=warning uptime,level,tags foldmultilines=false
 #1: stderr all=off uptime,level,tags foldmultilines=false

Environment Variables:
PATH=C:\Program Files\Common Files\Oracle\Java\javapath;C:\Program Files (x86)\Common Files\Oracle\Java\java8path;C:\Program Files (x86)\Common Files\Oracle\Java\javapath;C:\Windows\system32;C:\Windows;C:\Windows\System32\Wbem;C:\Windows\System32\WindowsPowerShell\v1.0\;C:\Windows\System32\OpenSSH\;C:\Program Files\dotnet\;C:\Program Files\Microsoft SQL Server\Client SDK\ODBC\170\Tools\Binn\;C:\Program Files (x86)\Microsoft SQL Server\150\Tools\Binn\;C:\Program Files\Microsoft SQL Server\150\Tools\Binn\;C:\Program Files\Microsoft SQL Server\150\DTS\Binn\;C:\Program Files (x86)\Microsoft SQL Server\150\DTS\Binn\;C:\Program Files\Git\cmd;C:\Program Files\MySQL\MySQL Shell 8.0\bin\;C:\Users\Admin\AppData\Local\Microsoft\WindowsApps;C:\Users\Admin\.dotnet\tools;C:\Program Files\JetBrains\IntelliJ IDEA 2024.1.2\bin;
USERNAME=Admin
OS=Windows_NT
PROCESSOR_IDENTIFIER=Intel64 Family 6 Model 60 Stepping 3, GenuineIntel
TMP=C:\Users\Admin\AppData\Local\Temp
TEMP=C:\Users\Admin\AppData\Local\Temp




Periodic native trim disabled

---------------  S Y S T E M  ---------------

OS:
 Windows 10 , 64 bit Build 19041 (10.0.19041.1348)
OS uptime: 0 days 14:31 hours

CPU: total 4 (initial active 4) (2 cores per cpu, 2 threads per core) family 6 model 60 stepping 3 microcode 0x27, cx8, cmov, fxsr, ht, mmx, sse, sse2, sse3, ssse3, sse4.1, sse4.2, popcnt, lzcnt, tsc, tscinvbit, avx, avx2, aes, erms, clmul, bmi1, bmi2, fma, vzeroupper, clflush, rdtscp, f16c
Processor Information for all 4 processors :
  Max Mhz: 3001, Current Mhz: 3001, Mhz Limit: 3001

Memory: 4k page, system-wide physical 8097M (1297M free)
TotalPageFile size 8097M (AvailPageFile size 4M)
current process WorkingSet (physical memory assigned to process): 60M, peak: 60M
current process commit charge ("private bytes"): 217M, peak: 217M

vm_info: Java HotSpot(TM) 64-Bit Server VM (22.0.1+8-16) for windows-amd64 JRE (22.0.1+8-16), built on 2024-03-12T10:33:16Z by "mach5one" with MS VC++ 17.6 (VS2022)

END.
