#
# There is insufficient memory for the Java Runtime Environment to continue.
# Native memory allocation (malloc) failed to allocate 1129232 bytes. Error detail: Chunk::new
# Possible reasons:
#   The system is out of physical RAM or swap space
#   This process is running with CompressedOops enabled, and the Java Heap may be blocking the growth of the native heap
# Possible solutions:
#   Reduce memory load on the system
#   Increase physical memory or swap space
#   Check if swap backing store is full
#   Decrease Java heap size (-Xmx/-Xms)
#   Decrease number of Java threads
#   Decrease Java thread stack sizes (-Xss)
#   Set larger code cache with -XX:ReservedCodeCacheSize=
#   JVM is running with Unscaled Compressed Oops mode in which the Java heap is
#     placed in the first 4GB address space. The Java Heap base address is the
#     maximum limit for the native heap growth. Please use -XX:HeapBaseMinAddress
#     to set the Java Heap base and to place the Java Heap above 4GB virtual address.
# This output file may be truncated or incomplete.
#
#  Out of Memory Error (arena.cpp:150), pid=8852, tid=9448
#
# JRE version: Java(TM) SE Runtime Environment (22.0.1+8) (build 22.0.1+8-16)
# Java VM: Java HotSpot(TM) 64-Bit Server VM (22.0.1+8-16, mixed mode, sharing, tiered, compressed oops, compressed class ptrs, g1 gc, windows-amd64)
# No core dump will be written. Minidumps are not enabled by default on client versions of Windows
#

---------------  S U M M A R Y ------------

Command Line: -Dfile.encoding=UTF-8 --enable-preview --module-path=D:\IT\Java\SchoolManagementSystem\build\classes Student

Host: Intel(R) Core(TM) i7-4610M CPU @ 3.00GHz, 4 cores, 7G,  Windows 10 , 64 bit Build 19041 (10.0.19041.1348)
Time: Sun Jul 14 02:33:26 2024 SE Asia Standard Time elapsed time: 1.989870 seconds (0d 0h 0m 1s)

---------------  T H R E A D  ---------------

Current thread (0x00000146dfa79300):  JavaThread "C2 CompilerThread0" daemon [_thread_in_native, id=9448, stack(0x000000058a600000,0x000000058a700000) (1024K)]


Current CompileTask:
C2:1989 2275       4       sun.security.ec.ECOperations::setDouble (463 bytes)

Stack: [0x000000058a600000,0x000000058a700000]
Native frames: (J=compiled Java code, j=interpreted, Vv=VM code, C=native code)
V  [jvm.dll+0x6e2279]  (no source info available)
V  [jvm.dll+0x874e33]  (no source info available)
V  [jvm.dll+0x87725e]  (no source info available)
V  [jvm.dll+0x877933]  (no source info available)
V  [jvm.dll+0x27fd76]  (no source info available)
V  [jvm.dll+0xc3d0f]  (no source info available)
V  [jvm.dll+0xc3f6b]  (no source info available)
V  [jvm.dll+0x3bb10c]  (no source info available)
V  [jvm.dll+0x1df87e]  (no source info available)
V  [jvm.dll+0x247a5c]  (no source info available)
V  [jvm.dll+0x246fbf]  (no source info available)
V  [jvm.dll+0x1c4e90]  (no source info available)
V  [jvm.dll+0x2569fe]  (no source info available)
V  [jvm.dll+0x254cba]  (no source info available)
V  [jvm.dll+0x3f5336]  (no source info available)
V  [jvm.dll+0x81d44b]  (no source info available)
V  [jvm.dll+0x6e0915]  (no source info available)
C  [ucrtbase.dll+0x21bb2]  (no source info available)
C  [KERNEL32.DLL+0x17034]  (no source info available)
C  [ntdll.dll+0x52651]  (no source info available)


---------------  P R O C E S S  ---------------

Threads class SMR info:
_java_thread_list=0x00000147261c38b0, length=19, elements={
0x00000146dfa59820, 0x00000146dfa5a350, 0x00000146dfa643f0, 0x00000146dfa67b80,
0x00000146dfa681f0, 0x00000146dfa70340, 0x00000146dfa79300, 0x00000146dfa799c0,
0x00000146dfc98b50, 0x00000146dfd84b60, 0x00000146dfdf4b40, 0x00000146dff94840,
0x00000146dff972d0, 0x00000146dfec8cd0, 0x00000146dffdde70, 0x00000146c19772c0,
0x0000014725d11a00, 0x0000014725f724e0, 0x00000147261c2430
}

Java Threads: ( => current thread )
  0x00000146dfa59820 JavaThread "Reference Handler"          daemon [_thread_blocked, id=136, stack(0x000000058a000000,0x000000058a100000) (1024K)]
  0x00000146dfa5a350 JavaThread "Finalizer"                  daemon [_thread_blocked, id=10100, stack(0x000000058a100000,0x000000058a200000) (1024K)]
  0x00000146dfa643f0 JavaThread "Signal Dispatcher"          daemon [_thread_blocked, id=4368, stack(0x000000058a200000,0x000000058a300000) (1024K)]
  0x00000146dfa67b80 JavaThread "Attach Listener"            daemon [_thread_blocked, id=10096, stack(0x000000058a300000,0x000000058a400000) (1024K)]
  0x00000146dfa681f0 JavaThread "Service Thread"             daemon [_thread_blocked, id=10512, stack(0x000000058a400000,0x000000058a500000) (1024K)]
  0x00000146dfa70340 JavaThread "Monitor Deflation Thread"   daemon [_thread_blocked, id=7016, stack(0x000000058a500000,0x000000058a600000) (1024K)]
=>0x00000146dfa79300 JavaThread "C2 CompilerThread0"         daemon [_thread_in_native, id=9448, stack(0x000000058a600000,0x000000058a700000) (1024K)]
  0x00000146dfa799c0 JavaThread "C1 CompilerThread0"         daemon [_thread_blocked, id=9788, stack(0x000000058a700000,0x000000058a800000) (1024K)]
  0x00000146dfc98b50 JavaThread "Common-Cleaner"             daemon [_thread_blocked, id=10680, stack(0x000000058a800000,0x000000058a900000) (1024K)]
  0x00000146dfd84b60 JavaThread "Notification Thread"        daemon [_thread_blocked, id=8884, stack(0x000000058a900000,0x000000058aa00000) (1024K)]
  0x00000146dfdf4b40 JavaThread "C2 CompilerThread1"         daemon [_thread_in_native, id=9080, stack(0x000000058aa00000,0x000000058ab00000) (1024K)]
  0x00000146dff94840 JavaThread "Java2D Disposer"            daemon [_thread_blocked, id=4176, stack(0x000000058ab00000,0x000000058ac00000) (1024K)]
  0x00000146dff972d0 JavaThread "AWT-Shutdown"                      [_thread_blocked, id=6040, stack(0x000000058ac00000,0x000000058ad00000) (1024K)]
  0x00000146dfec8cd0 JavaThread "AWT-Windows"                daemon [_thread_in_native, id=6888, stack(0x000000058ad00000,0x000000058ae00000) (1024K)]
  0x00000146dffdde70 JavaThread "AWT-EventQueue-0"                  [_thread_in_Java, id=1512, stack(0x000000058ae00000,0x000000058af00000) (1024K)]
  0x00000146c19772c0 JavaThread "DestroyJavaVM"                     [_thread_blocked, id=8272, stack(0x0000000589800000,0x0000000589900000) (1024K)]
  0x0000014725d11a00 JavaThread "TimerQueue"                 daemon [_thread_blocked, id=10476, stack(0x000000058af00000,0x000000058b000000) (1024K)]
  0x0000014725f724e0 JavaThread "Image Fetcher 0"            daemon [_thread_blocked, id=9184, stack(0x000000058b000000,0x000000058b100000) (1024K)]
  0x00000147261c2430 JavaThread "mysql-cj-abandoned-connection-cleanup" daemon [_thread_blocked, id=8516, stack(0x000000058b700000,0x000000058b800000) (1024K)]
Total: 19

Other Threads:
  0x00000146dfa421a0 VMThread "VM Thread"                           [id=352, stack(0x0000000589f00000,0x000000058a000000) (1024K)]
  0x00000146dfa29590 WatcherThread "VM Periodic Task Thread"        [id=6272, stack(0x0000000589e00000,0x0000000589f00000) (1024K)]
  0x00000146c1b9a620 WorkerThread "GC Thread#0"                     [id=10216, stack(0x0000000589900000,0x0000000589a00000) (1024K)]
  0x0000014725f06120 WorkerThread "GC Thread#1"                     [id=8776, stack(0x000000058b400000,0x000000058b500000) (1024K)]
  0x0000014725f064d0 WorkerThread "GC Thread#2"                     [id=7352, stack(0x000000058b500000,0x000000058b600000) (1024K)]
  0x0000014725f06880 WorkerThread "GC Thread#3"                     [id=7284, stack(0x000000058b600000,0x000000058b700000) (1024K)]
  0x00000146c1babd10 ConcurrentGCThread "G1 Main Marker"            [id=8788, stack(0x0000000589a00000,0x0000000589b00000) (1024K)]
  0x00000146c1bacfd0 WorkerThread "G1 Conc#0"                       [id=6440, stack(0x0000000589b00000,0x0000000589c00000) (1024K)]
  0x00000146c1c1e430 ConcurrentGCThread "G1 Refine#0"               [id=3816, stack(0x0000000589c00000,0x0000000589d00000) (1024K)]
  0x00000146c1c1ebc0 ConcurrentGCThread "G1 Service"                [id=9976, stack(0x0000000589d00000,0x0000000589e00000) (1024K)]
Total: 10

Threads with active compile tasks:
C2 CompilerThread0  2055 2275       4       sun.security.ec.ECOperations::setDouble (463 bytes)
C1 CompilerThread0  2055 2559       3       sun.font.CompositeGlyphMapper::getCachedGlyphCode (32 bytes)
C2 CompilerThread1  2055 2551       4       sun.java2d.marlin.MarlinCache::copyAARowRLE_WithBlockFlags (733 bytes)
Total: 3

VM state: not at safepoint (normal execution)

VM Mutex/Monitor currently owned by a thread: None

Heap address: 0x0000000081600000, size: 2026 MB, Compressed Oops mode: 32-bit

CDS archive(s) mapped at: [0x00000146e0000000-0x00000146e0c60000-0x00000146e0c60000), size 12976128, SharedBaseAddress: 0x00000146e0000000, ArchiveRelocationMode: 1.
Compressed class space mapped at: 0x00000146e1000000-0x0000014721000000, reserved size: 1073741824
Narrow klass base: 0x00000146e0000000, Narrow klass shift: 0, Narrow klass range: 0x41000000

GC Precious Log:
 CardTable entry size: 512
 Card Set container configuration: InlinePtr #cards 5 size 8 Array Of Cards #cards 12 size 40 Howl #buckets 4 coarsen threshold 1843 Howl Bitmap #cards 512 size 80 coarsen threshold 460 Card regions per heap region 1 cards per card region 2048
 CPUs: 4 total, 4 available
 Memory: 8097M
 Large Page Support: Disabled
 NUMA Support: Disabled
 Compressed Oops: Enabled (32-bit)
 Heap Region Size: 1M
 Heap Min Capacity: 8M
 Heap Initial Capacity: 128M
 Heap Max Capacity: 2026M
 Pre-touch: Disabled
 Parallel Workers: 4
 Concurrent Workers: 1
 Concurrent Refinement Workers: 4
 Periodic GC: Disabled

Heap:
 garbage-first heap   total reserved 2074624K, committed 131072K, used 20914K [0x0000000081600000, 0x0000000100000000)
  region size 1024K, 15 young (15360K), 2 survivors (2048K)
 Metaspace       used 21147K, committed 21376K, reserved 1114112K
  class space    used 2480K, committed 2560K, reserved 1048576K

Heap Regions: E=young(eden), S=young(survivor), O=old, HS=humongous(starts), HC=humongous(continues), CS=collection set, F=free, TAMS=top-at-mark-start, PB=parsable bottom
|   0|0x0000000081600000, 0x0000000081700000, 0x0000000081700000|100%| O|  |TAMS 0x0000000081600000| PB 0x0000000081600000| Untracked |  0
|   1|0x0000000081700000, 0x0000000081800000, 0x0000000081800000|100%| O|  |TAMS 0x0000000081700000| PB 0x0000000081700000| Untracked |  0
|   2|0x0000000081800000, 0x0000000081900000, 0x0000000081900000|100%| O|  |TAMS 0x0000000081800000| PB 0x0000000081800000| Untracked |  0
|   3|0x0000000081900000, 0x0000000081a00000, 0x0000000081a00000|100%| O|  |TAMS 0x0000000081900000| PB 0x0000000081900000| Untracked |  0
|   4|0x0000000081a00000, 0x0000000081adad50, 0x0000000081b00000| 85%| O|  |TAMS 0x0000000081a00000| PB 0x0000000081a00000| Untracked |  0
|   5|0x0000000081b00000, 0x0000000081c00000, 0x0000000081c00000|100%|HS|  |TAMS 0x0000000081b00000| PB 0x0000000081b00000| Complete |  0
|   6|0x0000000081c00000, 0x0000000081d00000, 0x0000000081d00000|100%|HC|  |TAMS 0x0000000081c00000| PB 0x0000000081c00000| Complete |  0
|   7|0x0000000081d00000, 0x0000000081e00000, 0x0000000081e00000|100%|HC|  |TAMS 0x0000000081d00000| PB 0x0000000081d00000| Complete |  0
|   8|0x0000000081e00000, 0x0000000081e00000, 0x0000000081f00000|  0%| F|  |TAMS 0x0000000081e00000| PB 0x0000000081e00000| Untracked |  0
|   9|0x0000000081f00000, 0x0000000081f00000, 0x0000000082000000|  0%| F|  |TAMS 0x0000000081f00000| PB 0x0000000081f00000| Untracked |  0
|  10|0x0000000082000000, 0x0000000082000000, 0x0000000082100000|  0%| F|  |TAMS 0x0000000082000000| PB 0x0000000082000000| Untracked |  0
|  11|0x0000000082100000, 0x0000000082100000, 0x0000000082200000|  0%| F|  |TAMS 0x0000000082100000| PB 0x0000000082100000| Untracked |  0
|  12|0x0000000082200000, 0x0000000082200000, 0x0000000082300000|  0%| F|  |TAMS 0x0000000082200000| PB 0x0000000082200000| Untracked |  0
|  13|0x0000000082300000, 0x0000000082300000, 0x0000000082400000|  0%| F|  |TAMS 0x0000000082300000| PB 0x0000000082300000| Untracked |  0
|  14|0x0000000082400000, 0x0000000082400000, 0x0000000082500000|  0%| F|  |TAMS 0x0000000082400000| PB 0x0000000082400000| Untracked |  0
|  15|0x0000000082500000, 0x0000000082500000, 0x0000000082600000|  0%| F|  |TAMS 0x0000000082500000| PB 0x0000000082500000| Untracked |  0
|  16|0x0000000082600000, 0x0000000082600000, 0x0000000082700000|  0%| F|  |TAMS 0x0000000082600000| PB 0x0000000082600000| Untracked |  0
|  17|0x0000000082700000, 0x0000000082700000, 0x0000000082800000|  0%| F|  |TAMS 0x0000000082700000| PB 0x0000000082700000| Untracked |  0
|  18|0x0000000082800000, 0x0000000082800000, 0x0000000082900000|  0%| F|  |TAMS 0x0000000082800000| PB 0x0000000082800000| Untracked |  0
|  19|0x0000000082900000, 0x0000000082900000, 0x0000000082a00000|  0%| F|  |TAMS 0x0000000082900000| PB 0x0000000082900000| Untracked |  0
|  20|0x0000000082a00000, 0x0000000082a00000, 0x0000000082b00000|  0%| F|  |TAMS 0x0000000082a00000| PB 0x0000000082a00000| Untracked |  0
|  21|0x0000000082b00000, 0x0000000082b00000, 0x0000000082c00000|  0%| F|  |TAMS 0x0000000082b00000| PB 0x0000000082b00000| Untracked |  0
|  22|0x0000000082c00000, 0x0000000082c00000, 0x0000000082d00000|  0%| F|  |TAMS 0x0000000082c00000| PB 0x0000000082c00000| Untracked |  0
|  23|0x0000000082d00000, 0x0000000082d00000, 0x0000000082e00000|  0%| F|  |TAMS 0x0000000082d00000| PB 0x0000000082d00000| Untracked |  0
|  24|0x0000000082e00000, 0x0000000082e00000, 0x0000000082f00000|  0%| F|  |TAMS 0x0000000082e00000| PB 0x0000000082e00000| Untracked |  0
|  25|0x0000000082f00000, 0x0000000082f00000, 0x0000000083000000|  0%| F|  |TAMS 0x0000000082f00000| PB 0x0000000082f00000| Untracked |  0
|  26|0x0000000083000000, 0x0000000083000000, 0x0000000083100000|  0%| F|  |TAMS 0x0000000083000000| PB 0x0000000083000000| Untracked |  0
|  27|0x0000000083100000, 0x0000000083100000, 0x0000000083200000|  0%| F|  |TAMS 0x0000000083100000| PB 0x0000000083100000| Untracked |  0
|  28|0x0000000083200000, 0x0000000083200000, 0x0000000083300000|  0%| F|  |TAMS 0x0000000083200000| PB 0x0000000083200000| Untracked |  0
|  29|0x0000000083300000, 0x0000000083300000, 0x0000000083400000|  0%| F|  |TAMS 0x0000000083300000| PB 0x0000000083300000| Untracked |  0
|  30|0x0000000083400000, 0x0000000083400000, 0x0000000083500000|  0%| F|  |TAMS 0x0000000083400000| PB 0x0000000083400000| Untracked |  0
|  31|0x0000000083500000, 0x0000000083500000, 0x0000000083600000|  0%| F|  |TAMS 0x0000000083500000| PB 0x0000000083500000| Untracked |  0
|  32|0x0000000083600000, 0x0000000083600000, 0x0000000083700000|  0%| F|  |TAMS 0x0000000083600000| PB 0x0000000083600000| Untracked |  0
|  33|0x0000000083700000, 0x0000000083700000, 0x0000000083800000|  0%| F|  |TAMS 0x0000000083700000| PB 0x0000000083700000| Untracked |  0
|  34|0x0000000083800000, 0x0000000083800000, 0x0000000083900000|  0%| F|  |TAMS 0x0000000083800000| PB 0x0000000083800000| Untracked |  0
|  35|0x0000000083900000, 0x0000000083900000, 0x0000000083a00000|  0%| F|  |TAMS 0x0000000083900000| PB 0x0000000083900000| Untracked |  0
|  36|0x0000000083a00000, 0x0000000083a00000, 0x0000000083b00000|  0%| F|  |TAMS 0x0000000083a00000| PB 0x0000000083a00000| Untracked |  0
|  37|0x0000000083b00000, 0x0000000083b00000, 0x0000000083c00000|  0%| F|  |TAMS 0x0000000083b00000| PB 0x0000000083b00000| Untracked |  0
|  38|0x0000000083c00000, 0x0000000083c00000, 0x0000000083d00000|  0%| F|  |TAMS 0x0000000083c00000| PB 0x0000000083c00000| Untracked |  0
|  39|0x0000000083d00000, 0x0000000083d00000, 0x0000000083e00000|  0%| F|  |TAMS 0x0000000083d00000| PB 0x0000000083d00000| Untracked |  0
|  40|0x0000000083e00000, 0x0000000083e00000, 0x0000000083f00000|  0%| F|  |TAMS 0x0000000083e00000| PB 0x0000000083e00000| Untracked |  0
|  41|0x0000000083f00000, 0x0000000083f00000, 0x0000000084000000|  0%| F|  |TAMS 0x0000000083f00000| PB 0x0000000083f00000| Untracked |  0
|  42|0x0000000084000000, 0x0000000084000000, 0x0000000084100000|  0%| F|  |TAMS 0x0000000084000000| PB 0x0000000084000000| Untracked |  0
|  43|0x0000000084100000, 0x0000000084100000, 0x0000000084200000|  0%| F|  |TAMS 0x0000000084100000| PB 0x0000000084100000| Untracked |  0
|  44|0x0000000084200000, 0x0000000084200000, 0x0000000084300000|  0%| F|  |TAMS 0x0000000084200000| PB 0x0000000084200000| Untracked |  0
|  45|0x0000000084300000, 0x0000000084300000, 0x0000000084400000|  0%| F|  |TAMS 0x0000000084300000| PB 0x0000000084300000| Untracked |  0
|  46|0x0000000084400000, 0x0000000084400000, 0x0000000084500000|  0%| F|  |TAMS 0x0000000084400000| PB 0x0000000084400000| Untracked |  0
|  47|0x0000000084500000, 0x0000000084500000, 0x0000000084600000|  0%| F|  |TAMS 0x0000000084500000| PB 0x0000000084500000| Untracked |  0
|  48|0x0000000084600000, 0x0000000084600000, 0x0000000084700000|  0%| F|  |TAMS 0x0000000084600000| PB 0x0000000084600000| Untracked |  0
|  49|0x0000000084700000, 0x0000000084700000, 0x0000000084800000|  0%| F|  |TAMS 0x0000000084700000| PB 0x0000000084700000| Untracked |  0
|  50|0x0000000084800000, 0x0000000084800000, 0x0000000084900000|  0%| F|  |TAMS 0x0000000084800000| PB 0x0000000084800000| Untracked |  0
|  51|0x0000000084900000, 0x0000000084900000, 0x0000000084a00000|  0%| F|  |TAMS 0x0000000084900000| PB 0x0000000084900000| Untracked |  0
|  52|0x0000000084a00000, 0x0000000084a00000, 0x0000000084b00000|  0%| F|  |TAMS 0x0000000084a00000| PB 0x0000000084a00000| Untracked |  0
|  53|0x0000000084b00000, 0x0000000084b00000, 0x0000000084c00000|  0%| F|  |TAMS 0x0000000084b00000| PB 0x0000000084b00000| Untracked |  0
|  54|0x0000000084c00000, 0x0000000084c00000, 0x0000000084d00000|  0%| F|  |TAMS 0x0000000084c00000| PB 0x0000000084c00000| Untracked |  0
|  55|0x0000000084d00000, 0x0000000084d00000, 0x0000000084e00000|  0%| F|  |TAMS 0x0000000084d00000| PB 0x0000000084d00000| Untracked |  0
|  56|0x0000000084e00000, 0x0000000084e00000, 0x0000000084f00000|  0%| F|  |TAMS 0x0000000084e00000| PB 0x0000000084e00000| Untracked |  0
|  57|0x0000000084f00000, 0x0000000084f00000, 0x0000000085000000|  0%| F|  |TAMS 0x0000000084f00000| PB 0x0000000084f00000| Untracked |  0
|  58|0x0000000085000000, 0x0000000085000000, 0x0000000085100000|  0%| F|  |TAMS 0x0000000085000000| PB 0x0000000085000000| Untracked |  0
|  59|0x0000000085100000, 0x0000000085100000, 0x0000000085200000|  0%| F|  |TAMS 0x0000000085100000| PB 0x0000000085100000| Untracked |  0
|  60|0x0000000085200000, 0x0000000085200000, 0x0000000085300000|  0%| F|  |TAMS 0x0000000085200000| PB 0x0000000085200000| Untracked |  0
|  61|0x0000000085300000, 0x0000000085300000, 0x0000000085400000|  0%| F|  |TAMS 0x0000000085300000| PB 0x0000000085300000| Untracked |  0
|  62|0x0000000085400000, 0x0000000085400000, 0x0000000085500000|  0%| F|  |TAMS 0x0000000085400000| PB 0x0000000085400000| Untracked |  0
|  63|0x0000000085500000, 0x0000000085500000, 0x0000000085600000|  0%| F|  |TAMS 0x0000000085500000| PB 0x0000000085500000| Untracked |  0
|  64|0x0000000085600000, 0x0000000085600000, 0x0000000085700000|  0%| F|  |TAMS 0x0000000085600000| PB 0x0000000085600000| Untracked |  0
|  65|0x0000000085700000, 0x0000000085700000, 0x0000000085800000|  0%| F|  |TAMS 0x0000000085700000| PB 0x0000000085700000| Untracked |  0
|  66|0x0000000085800000, 0x0000000085800000, 0x0000000085900000|  0%| F|  |TAMS 0x0000000085800000| PB 0x0000000085800000| Untracked |  0
|  67|0x0000000085900000, 0x0000000085900000, 0x0000000085a00000|  0%| F|  |TAMS 0x0000000085900000| PB 0x0000000085900000| Untracked |  0
|  68|0x0000000085a00000, 0x0000000085a00000, 0x0000000085b00000|  0%| F|  |TAMS 0x0000000085a00000| PB 0x0000000085a00000| Untracked |  0
|  69|0x0000000085b00000, 0x0000000085b00000, 0x0000000085c00000|  0%| F|  |TAMS 0x0000000085b00000| PB 0x0000000085b00000| Untracked |  0
|  70|0x0000000085c00000, 0x0000000085c00000, 0x0000000085d00000|  0%| F|  |TAMS 0x0000000085c00000| PB 0x0000000085c00000| Untracked |  0
|  71|0x0000000085d00000, 0x0000000085d00000, 0x0000000085e00000|  0%| F|  |TAMS 0x0000000085d00000| PB 0x0000000085d00000| Untracked |  0
|  72|0x0000000085e00000, 0x0000000085e00000, 0x0000000085f00000|  0%| F|  |TAMS 0x0000000085e00000| PB 0x0000000085e00000| Untracked |  0
|  73|0x0000000085f00000, 0x0000000085f00000, 0x0000000086000000|  0%| F|  |TAMS 0x0000000085f00000| PB 0x0000000085f00000| Untracked |  0
|  74|0x0000000086000000, 0x0000000086000000, 0x0000000086100000|  0%| F|  |TAMS 0x0000000086000000| PB 0x0000000086000000| Untracked |  0
|  75|0x0000000086100000, 0x0000000086100000, 0x0000000086200000|  0%| F|  |TAMS 0x0000000086100000| PB 0x0000000086100000| Untracked |  0
|  76|0x0000000086200000, 0x0000000086200000, 0x0000000086300000|  0%| F|  |TAMS 0x0000000086200000| PB 0x0000000086200000| Untracked |  0
|  77|0x0000000086300000, 0x0000000086300000, 0x0000000086400000|  0%| F|  |TAMS 0x0000000086300000| PB 0x0000000086300000| Untracked |  0
|  78|0x0000000086400000, 0x0000000086400000, 0x0000000086500000|  0%| F|  |TAMS 0x0000000086400000| PB 0x0000000086400000| Untracked |  0
|  79|0x0000000086500000, 0x0000000086500000, 0x0000000086600000|  0%| F|  |TAMS 0x0000000086500000| PB 0x0000000086500000| Untracked |  0
|  80|0x0000000086600000, 0x0000000086600000, 0x0000000086700000|  0%| F|  |TAMS 0x0000000086600000| PB 0x0000000086600000| Untracked |  0
|  81|0x0000000086700000, 0x0000000086700000, 0x0000000086800000|  0%| F|  |TAMS 0x0000000086700000| PB 0x0000000086700000| Untracked |  0
|  82|0x0000000086800000, 0x0000000086800000, 0x0000000086900000|  0%| F|  |TAMS 0x0000000086800000| PB 0x0000000086800000| Untracked |  0
|  83|0x0000000086900000, 0x0000000086900000, 0x0000000086a00000|  0%| F|  |TAMS 0x0000000086900000| PB 0x0000000086900000| Untracked |  0
|  84|0x0000000086a00000, 0x0000000086a00000, 0x0000000086b00000|  0%| F|  |TAMS 0x0000000086a00000| PB 0x0000000086a00000| Untracked |  0
|  85|0x0000000086b00000, 0x0000000086b00000, 0x0000000086c00000|  0%| F|  |TAMS 0x0000000086b00000| PB 0x0000000086b00000| Untracked |  0
|  86|0x0000000086c00000, 0x0000000086c00000, 0x0000000086d00000|  0%| F|  |TAMS 0x0000000086c00000| PB 0x0000000086c00000| Untracked |  0
|  87|0x0000000086d00000, 0x0000000086d00000, 0x0000000086e00000|  0%| F|  |TAMS 0x0000000086d00000| PB 0x0000000086d00000| Untracked |  0
|  88|0x0000000086e00000, 0x0000000086e00000, 0x0000000086f00000|  0%| F|  |TAMS 0x0000000086e00000| PB 0x0000000086e00000| Untracked |  0
|  89|0x0000000086f00000, 0x0000000086f00000, 0x0000000087000000|  0%| F|  |TAMS 0x0000000086f00000| PB 0x0000000086f00000| Untracked |  0
|  90|0x0000000087000000, 0x0000000087000000, 0x0000000087100000|  0%| F|  |TAMS 0x0000000087000000| PB 0x0000000087000000| Untracked |  0
|  91|0x0000000087100000, 0x0000000087100000, 0x0000000087200000|  0%| F|  |TAMS 0x0000000087100000| PB 0x0000000087100000| Untracked |  0
|  92|0x0000000087200000, 0x0000000087200000, 0x0000000087300000|  0%| F|  |TAMS 0x0000000087200000| PB 0x0000000087200000| Untracked |  0
|  93|0x0000000087300000, 0x0000000087300000, 0x0000000087400000|  0%| F|  |TAMS 0x0000000087300000| PB 0x0000000087300000| Untracked |  0
|  94|0x0000000087400000, 0x0000000087400000, 0x0000000087500000|  0%| F|  |TAMS 0x0000000087400000| PB 0x0000000087400000| Untracked |  0
|  95|0x0000000087500000, 0x0000000087500000, 0x0000000087600000|  0%| F|  |TAMS 0x0000000087500000| PB 0x0000000087500000| Untracked |  0
|  96|0x0000000087600000, 0x0000000087600000, 0x0000000087700000|  0%| F|  |TAMS 0x0000000087600000| PB 0x0000000087600000| Untracked |  0
|  97|0x0000000087700000, 0x0000000087700000, 0x0000000087800000|  0%| F|  |TAMS 0x0000000087700000| PB 0x0000000087700000| Untracked |  0
|  98|0x0000000087800000, 0x0000000087800000, 0x0000000087900000|  0%| F|  |TAMS 0x0000000087800000| PB 0x0000000087800000| Untracked |  0
|  99|0x0000000087900000, 0x0000000087900000, 0x0000000087a00000|  0%| F|  |TAMS 0x0000000087900000| PB 0x0000000087900000| Untracked |  0
| 100|0x0000000087a00000, 0x0000000087a00000, 0x0000000087b00000|  0%| F|  |TAMS 0x0000000087a00000| PB 0x0000000087a00000| Untracked |  0
| 101|0x0000000087b00000, 0x0000000087b00000, 0x0000000087c00000|  0%| F|  |TAMS 0x0000000087b00000| PB 0x0000000087b00000| Untracked |  0
| 102|0x0000000087c00000, 0x0000000087c00000, 0x0000000087d00000|  0%| F|  |TAMS 0x0000000087c00000| PB 0x0000000087c00000| Untracked |  0
| 103|0x0000000087d00000, 0x0000000087d00000, 0x0000000087e00000|  0%| F|  |TAMS 0x0000000087d00000| PB 0x0000000087d00000| Untracked |  0
| 104|0x0000000087e00000, 0x0000000087e00000, 0x0000000087f00000|  0%| F|  |TAMS 0x0000000087e00000| PB 0x0000000087e00000| Untracked |  0
| 105|0x0000000087f00000, 0x0000000087f00000, 0x0000000088000000|  0%| F|  |TAMS 0x0000000087f00000| PB 0x0000000087f00000| Untracked |  0
| 106|0x0000000088000000, 0x0000000088000000, 0x0000000088100000|  0%| F|  |TAMS 0x0000000088000000| PB 0x0000000088000000| Untracked |  0
| 107|0x0000000088100000, 0x0000000088100000, 0x0000000088200000|  0%| F|  |TAMS 0x0000000088100000| PB 0x0000000088100000| Untracked |  0
| 108|0x0000000088200000, 0x0000000088200000, 0x0000000088300000|  0%| F|  |TAMS 0x0000000088200000| PB 0x0000000088200000| Untracked |  0
| 109|0x0000000088300000, 0x0000000088300000, 0x0000000088400000|  0%| F|  |TAMS 0x0000000088300000| PB 0x0000000088300000| Untracked |  0
| 110|0x0000000088400000, 0x0000000088400000, 0x0000000088500000|  0%| F|  |TAMS 0x0000000088400000| PB 0x0000000088400000| Untracked |  0
| 111|0x0000000088500000, 0x0000000088591ce0, 0x0000000088600000| 56%| S|CS|TAMS 0x0000000088500000| PB 0x0000000088500000| Complete |  0
| 112|0x0000000088600000, 0x0000000088600000, 0x0000000088700000|  0%| F|  |TAMS 0x0000000088600000| PB 0x0000000088600000| Untracked |  0
| 113|0x0000000088700000, 0x0000000088700000, 0x0000000088800000|  0%| F|  |TAMS 0x0000000088700000| PB 0x0000000088700000| Untracked |  0
| 114|0x0000000088800000, 0x0000000088900000, 0x0000000088900000|100%| S|CS|TAMS 0x0000000088800000| PB 0x0000000088800000| Complete |  0
| 115|0x0000000088900000, 0x0000000088937760, 0x0000000088a00000| 21%| E|  |TAMS 0x0000000088900000| PB 0x0000000088900000| Complete |  0
| 116|0x0000000088a00000, 0x0000000088b00000, 0x0000000088b00000|100%| E|CS|TAMS 0x0000000088a00000| PB 0x0000000088a00000| Complete |  0
| 117|0x0000000088b00000, 0x0000000088c00000, 0x0000000088c00000|100%| E|CS|TAMS 0x0000000088b00000| PB 0x0000000088b00000| Complete |  0
| 118|0x0000000088c00000, 0x0000000088d00000, 0x0000000088d00000|100%| E|  |TAMS 0x0000000088c00000| PB 0x0000000088c00000| Complete |  0
| 119|0x0000000088d00000, 0x0000000088e00000, 0x0000000088e00000|100%| E|CS|TAMS 0x0000000088d00000| PB 0x0000000088d00000| Complete |  0
| 120|0x0000000088e00000, 0x0000000088f00000, 0x0000000088f00000|100%| E|CS|TAMS 0x0000000088e00000| PB 0x0000000088e00000| Complete |  0
| 121|0x0000000088f00000, 0x0000000089000000, 0x0000000089000000|100%| E|CS|TAMS 0x0000000088f00000| PB 0x0000000088f00000| Complete |  0
| 122|0x0000000089000000, 0x0000000089100000, 0x0000000089100000|100%| E|CS|TAMS 0x0000000089000000| PB 0x0000000089000000| Complete |  0
| 123|0x0000000089100000, 0x0000000089200000, 0x0000000089200000|100%| E|CS|TAMS 0x0000000089100000| PB 0x0000000089100000| Complete |  0
| 124|0x0000000089200000, 0x0000000089300000, 0x0000000089300000|100%| E|CS|TAMS 0x0000000089200000| PB 0x0000000089200000| Complete |  0
| 125|0x0000000089300000, 0x0000000089400000, 0x0000000089400000|100%| E|CS|TAMS 0x0000000089300000| PB 0x0000000089300000| Complete |  0
| 126|0x0000000089400000, 0x0000000089500000, 0x0000000089500000|100%| E|CS|TAMS 0x0000000089400000| PB 0x0000000089400000| Complete |  0
| 127|0x0000000089500000, 0x0000000089600000, 0x0000000089600000|100%| E|CS|TAMS 0x0000000089500000| PB 0x0000000089500000| Complete |  0

Card table byte_map: [0x00000146db090000,0x00000146db490000] _byte_map_base: 0x00000146dac85000

Marking Bits: (CMBitMap*) 0x00000146c1b9ad30
 Bits: [0x00000146db490000, 0x00000146dd438000)

Polling page: 0x00000146c1930000

Metaspace:

Usage:
  Non-class:     18.23 MB used.
      Class:      2.42 MB used.
       Both:     20.65 MB used.

Virtual space:
  Non-class space:       64.00 MB reserved,      18.38 MB ( 29%) committed,  1 nodes.
      Class space:        1.00 GB reserved,       2.50 MB ( <1%) committed,  1 nodes.
             Both:        1.06 GB reserved,      20.88 MB (  2%) committed. 

Chunk freelists:
   Non-Class:  12.94 MB
       Class:  13.50 MB
        Both:  26.44 MB

MaxMetaspaceSize: unlimited
CompressedClassSpaceSize: 1.00 GB
Initial GC threshold: 21.00 MB
Current GC threshold: 21.00 MB
CDS: on
 - commit_granule_bytes: 65536.
 - commit_granule_words: 8192.
 - virtual_space_node_default_size: 8388608.
 - enlarge_chunks_in_place: 1.
 - use_allocation_guard: 0.


Internal statistics:

num_allocs_failed_limit: 0.
num_arena_births: 206.
num_arena_deaths: 0.
num_vsnodes_births: 2.
num_vsnodes_deaths: 0.
num_space_committed: 334.
num_space_uncommitted: 0.
num_chunks_returned_to_freelist: 0.
num_chunks_taken_from_freelist: 428.
num_chunk_merges: 0.
num_chunk_splits: 252.
num_chunks_enlarged: 140.
num_inconsistent_stats: 0.

CodeHeap 'non-profiled nmethods': size=120000Kb used=981Kb max_used=981Kb free=119018Kb
 bounds [0x00000146d3130000, 0x00000146d33a0000, 0x00000146da660000]
CodeHeap 'profiled nmethods': size=120000Kb used=4670Kb max_used=4670Kb free=115329Kb
 bounds [0x00000146cb660000, 0x00000146cbaf0000, 0x00000146d2b90000]
CodeHeap 'non-nmethods': size=5760Kb used=1777Kb max_used=1791Kb free=3982Kb
 bounds [0x00000146d2b90000, 0x00000146d2e00000, 0x00000146d3130000]
 total_blobs=3354 nmethods=2559 adapters=699
 compilation: enabled
              stopped_count=0, restarted_count=0
 full_count=0

Compilation events (20 events):
Event: 1.977 Thread 0x00000146dfa799c0 2455   !   3       javax.swing.text.FieldView::getPreferredSpan (156 bytes)
Event: 1.978 Thread 0x00000146dfdf4b40 2457       4       java.util.Arrays::binarySearch0 (95 bytes)
Event: 1.979 Thread 0x00000146dfa799c0 nmethod 2455 0x00000146cbab6c90 code [0x00000146cbab6fe0, 0x00000146cbab86d8]
Event: 1.981 Thread 0x00000146dfdf4b40 nmethod 2457 0x00000146d321b390 code [0x00000146d321b520, 0x00000146d321b748]
Event: 1.982 Thread 0x00000146dfa799c0 2459       3       jdk.internal.misc.Unsafe::putByte (8 bytes)
Event: 1.982 Thread 0x00000146dfa799c0 nmethod 2459 0x00000146cbab9110 code [0x00000146cbab92a0, 0x00000146cbab93b8]
Event: 1.982 Thread 0x00000146dfdf4b40 2460       4       jdk.internal.misc.Unsafe::putByte (8 bytes)
Event: 1.983 Thread 0x00000146dfdf4b40 nmethod 2460 0x00000146d321bd90 code [0x00000146d321bf00, 0x00000146d321bf90]
Event: 1.983 Thread 0x00000146dfa799c0 2461       3       java.lang.System::checkKey (34 bytes)
Event: 1.984 Thread 0x00000146dfa799c0 nmethod 2461 0x00000146cbab9490 code [0x00000146cbab9660, 0x00000146cbab9a08]
Event: 1.986 Thread 0x00000146dfa799c0 2462       3       java.lang.Math::round (56 bytes)
Event: 1.986 Thread 0x00000146dfa799c0 nmethod 2462 0x00000146cbab9b90 code [0x00000146cbab9d40, 0x00000146cbab9f20]
Event: 1.986 Thread 0x00000146dfa799c0 2463       3       java.awt.MultipleGradientPaintContext::convertSRGBtoLinearRGB (47 bytes)
Event: 1.987 Thread 0x00000146dfa799c0 nmethod 2463 0x00000146cbab9f90 code [0x00000146cbaba1a0, 0x00000146cbaba380]
Event: 1.987 Thread 0x00000146dfa799c0 2464       3       java.awt.MultipleGradientPaintContext::convertLinearRGBtoSRGB (47 bytes)
Event: 1.987 Thread 0x00000146dfa799c0 nmethod 2464 0x00000146cbaba410 code [0x00000146cbaba620, 0x00000146cbaba808]
Event: 1.987 Thread 0x00000146dfa799c0 2465       3       java.awt.MultipleGradientPaintContext::indexIntoGradientsArrays (190 bytes)
Event: 1.988 Thread 0x00000146dfa799c0 nmethod 2465 0x00000146cbaba890 code [0x00000146cbabaac0, 0x00000146cbabb178]
Event: 1.988 Thread 0x00000146dfa799c0 2466       3       jdk.internal.misc.Unsafe::getByte (7 bytes)
Event: 1.988 Thread 0x00000146dfa799c0 nmethod 2466 0x00000146cbabb410 code [0x00000146cbabb5a0, 0x00000146cbabb6c0]

GC Heap History (4 events):
Event: 0.880 GC heap before
{Heap before GC invocations=0 (full 0):
 garbage-first heap   total reserved 2074624K, committed 131072K, used 14336K [0x0000000081600000, 0x0000000100000000)
  region size 1024K, 14 young (14336K), 0 survivors (0K)
 Metaspace       used 11528K, committed 11776K, reserved 1114112K
  class space    used 1422K, committed 1536K, reserved 1048576K
}
Event: 0.890 GC heap after
{Heap after GC invocations=1 (full 0):
 garbage-first heap   total reserved 2074624K, committed 131072K, used 4640K [0x0000000081600000, 0x0000000100000000)
  region size 1024K, 2 young (2048K), 2 survivors (2048K)
 Metaspace       used 11528K, committed 11776K, reserved 1114112K
  class space    used 1422K, committed 1536K, reserved 1048576K
}
Event: 1.333 GC heap before
{Heap before GC invocations=1 (full 0):
 garbage-first heap   total reserved 2074624K, committed 131072K, used 16928K [0x0000000081600000, 0x0000000100000000)
  region size 1024K, 15 young (15360K), 2 survivors (2048K)
 Metaspace       used 13163K, committed 13440K, reserved 1114112K
  class space    used 1567K, committed 1728K, reserved 1048576K
}
Event: 1.342 GC heap after
{Heap after GC invocations=2 (full 0):
 garbage-first heap   total reserved 2074624K, committed 131072K, used 6578K [0x0000000081600000, 0x0000000100000000)
  region size 1024K, 2 young (2048K), 2 survivors (2048K)
 Metaspace       used 13163K, committed 13440K, reserved 1114112K
  class space    used 1567K, committed 1728K, reserved 1048576K
}

Dll operation events (12 events):
Event: 0.005 Loaded shared library C:\Program Files\Java\jdk-22\bin\java.dll
Event: 0.031 Loaded shared library C:\Program Files\Java\jdk-22\bin\jsvml.dll
Event: 0.061 Loaded shared library C:\Program Files\Java\jdk-22\bin\net.dll
Event: 0.062 Loaded shared library C:\Program Files\Java\jdk-22\bin\nio.dll
Event: 0.094 Loaded shared library C:\Program Files\Java\jdk-22\bin\zip.dll
Event: 0.103 Loaded shared library C:\Program Files\Java\jdk-22\bin\jimage.dll
Event: 0.125 Loaded shared library C:\Program Files\Java\jdk-22\bin\awt.dll
Event: 0.243 Loaded shared library C:\Program Files\Java\jdk-22\bin\freetype.dll
Event: 0.244 Loaded shared library C:\Program Files\Java\jdk-22\bin\fontmanager.dll
Event: 0.397 Loaded shared library C:\Program Files\Java\jdk-22\bin\verify.dll
Event: 1.409 Loaded shared library C:\Program Files\Java\jdk-22\bin\extnet.dll
Event: 1.643 Loaded shared library C:\Program Files\Java\jdk-22\bin\sunmscapi.dll

Deoptimization events (20 events):
Event: 1.924 Thread 0x00000146dffdde70 DEOPT PACKING pc=0x00000146cba69fd0 sp=0x000000058aefd4f0
Event: 1.924 Thread 0x00000146dffdde70 DEOPT UNPACKING pc=0x00000146d2be4e42 sp=0x000000058aefc920 mode 0
Event: 1.924 Thread 0x00000146dffdde70 DEOPT PACKING pc=0x00000146cba69fd0 sp=0x000000058aefd4f0
Event: 1.924 Thread 0x00000146dffdde70 DEOPT UNPACKING pc=0x00000146d2be4e42 sp=0x000000058aefc920 mode 0
Event: 1.925 Thread 0x00000146dffdde70 DEOPT PACKING pc=0x00000146cba69fd0 sp=0x000000058aefd4f0
Event: 1.925 Thread 0x00000146dffdde70 DEOPT UNPACKING pc=0x00000146d2be4e42 sp=0x000000058aefc920 mode 0
Event: 1.925 Thread 0x00000146dffdde70 DEOPT PACKING pc=0x00000146cba69fd0 sp=0x000000058aefd4f0
Event: 1.925 Thread 0x00000146dffdde70 DEOPT UNPACKING pc=0x00000146d2be4e42 sp=0x000000058aefc920 mode 0
Event: 1.925 Thread 0x00000146dffdde70 DEOPT PACKING pc=0x00000146cba9e4be sp=0x000000058aefd4e0
Event: 1.925 Thread 0x00000146dffdde70 DEOPT UNPACKING pc=0x00000146d2be4e42 sp=0x000000058aefc9d0 mode 0
Event: 1.926 Thread 0x00000146dffdde70 DEOPT PACKING pc=0x00000146cba69fd0 sp=0x000000058aefd4d0
Event: 1.926 Thread 0x00000146dffdde70 DEOPT UNPACKING pc=0x00000146d2be4e42 sp=0x000000058aefc900 mode 0
Event: 1.926 Thread 0x00000146dffdde70 DEOPT PACKING pc=0x00000146cba69fd0 sp=0x000000058aefd4d0
Event: 1.926 Thread 0x00000146dffdde70 DEOPT UNPACKING pc=0x00000146d2be4e42 sp=0x000000058aefc900 mode 0
Event: 1.926 Thread 0x00000146dffdde70 DEOPT PACKING pc=0x00000146cba69fd0 sp=0x000000058aefd4d0
Event: 1.926 Thread 0x00000146dffdde70 DEOPT UNPACKING pc=0x00000146d2be4e42 sp=0x000000058aefc900 mode 0
Event: 1.926 Thread 0x00000146dffdde70 DEOPT PACKING pc=0x00000146cba69fd0 sp=0x000000058aefd4d0
Event: 1.926 Thread 0x00000146dffdde70 DEOPT UNPACKING pc=0x00000146d2be4e42 sp=0x000000058aefc900 mode 0
Event: 1.927 Thread 0x00000146dffdde70 DEOPT PACKING pc=0x00000146cba9e4be sp=0x000000058aefd490
Event: 1.927 Thread 0x00000146dffdde70 DEOPT UNPACKING pc=0x00000146d2be4e42 sp=0x000000058aefc980 mode 0

Classes loaded (20 events):
Event: 1.984 Loading class sun/java2d/marlin/Dasher
Event: 1.984 Loading class sun/java2d/marlin/Dasher done
Event: 1.985 Loading class sun/java2d/marlin/Dasher$LengthIterator
Event: 1.985 Loading class sun/java2d/marlin/Dasher$LengthIterator done
Event: 1.985 Loading class sun/java2d/marlin/MergeSort
Event: 1.985 Loading class sun/java2d/marlin/MergeSort done
Event: 1.985 Loading class sun/java2d/marlin/MarlinUtils
Event: 1.985 Loading class sun/java2d/marlin/MarlinUtils done
Event: 1.985 Loading class sun/java2d/marlin/DPQSSorterContext
Event: 1.985 Loading class sun/java2d/marlin/DPQSSorterContext done
Event: 1.985 Loading class java/awt/LinearGradientPaintContext
Event: 1.985 Loading class java/awt/MultipleGradientPaintContext
Event: 1.985 Loading class java/awt/PaintContext
Event: 1.985 Loading class java/awt/PaintContext done
Event: 1.985 Loading class java/awt/MultipleGradientPaintContext done
Event: 1.985 Loading class java/awt/LinearGradientPaintContext done
Event: 1.987 Loading class sun/java2d/pipe/AlphaPaintPipe$TileContext
Event: 1.987 Loading class sun/java2d/pipe/AlphaPaintPipe$TileContext done
Event: 1.988 Loading class sun/java2d/marlin/ArrayCacheConst
Event: 1.988 Loading class sun/java2d/marlin/ArrayCacheConst done

Classes unloaded (0 events):
No events

Classes redefined (0 events):
No events

Internal exceptions (20 events):
Event: 0.282 Thread 0x00000146c19772c0 Exception <a 'java/lang/ClassNotFoundException'{0x0000000089088890}: com/sun/swing/internal/plaf/metal/resources/spi/metalProvider> (0x0000000089088890) 
thrown [s\open\src\hotspot\share\classfile\systemDictionary.cpp, line 313]
Event: 0.283 Thread 0x00000146c19772c0 Exception <a 'java/lang/ClassNotFoundException'{0x000000008908c590}: com/sun/swing/internal/plaf/basic/resources/spi/basicProvider> (0x000000008908c590) 
thrown [s\open\src\hotspot\share\classfile\systemDictionary.cpp, line 313]
Event: 0.304 Thread 0x00000146dffdde70 Exception <a 'java/lang/ClassNotFoundException'{0x00000000890eb278}: com/sun/swing/internal/plaf/synth/resources/spi/synthProvider> (0x00000000890eb278) 
thrown [s\open\src\hotspot\share\classfile\systemDictionary.cpp, line 313]
Event: 0.321 Thread 0x00000146dffdde70 Exception <a 'java/lang/NoSuchMethodError'{0x0000000088f76a10}: 'int java.lang.invoke.Invokers$Holder.invokeExact_MT(java.lang.Object, java.lang.Object)'> (0x0000000088f76a10) 
thrown [s\open\src\hotspot\share\interpreter\linkResolver.cpp, line 774]
Event: 0.333 Thread 0x00000146dffdde70 Exception <a 'java/lang/NoSuchMethodError'{0x0000000088f86058}: 'java.lang.Object java.lang.invoke.DirectMethodHandle$Holder.newInvokeSpecial(java.lang.Object, java.lang.Object, int)'> (0x0000000088f86058) 
thrown [s\open\src\hotspot\share\interpreter\linkResolver.cpp, line 774]
Event: 0.334 Thread 0x00000146dffdde70 Exception <a 'java/lang/NoSuchMethodError'{0x0000000088f8b118}: 'int java.lang.invoke.DirectMethodHandle$Holder.invokeSpecial(java.lang.Object, java.lang.Object, java.lang.Object, int)'> (0x0000000088f8b118) 
thrown [s\open\src\hotspot\share\interpreter\linkResolver.cpp, line 774]
Event: 0.335 Thread 0x00000146dffdde70 Exception <a 'java/lang/NoSuchMethodError'{0x0000000088f9dd38}: 'java.lang.Object java.lang.invoke.DirectMethodHandle$Holder.invokeStatic(java.lang.Object, java.lang.Object, java.lang.Object, java.lang.Object, int)'> (0x0000000088f9dd38) 
thrown [s\open\src\hotspot\share\interpreter\linkResolver.cpp, line 774]
Event: 0.337 Thread 0x00000146dffdde70 Exception <a 'java/lang/NoSuchMethodError'{0x0000000088fa96e8}: 'int java.lang.invoke.DirectMethodHandle$Holder.invokeSpecial(java.lang.Object, java.lang.Object, java.lang.Object)'> (0x0000000088fa96e8) 
thrown [s\open\src\hotspot\share\interpreter\linkResolver.cpp, line 774]
Event: 0.629 Thread 0x0000014725f724e0 Exception <a 'java/lang/NoSuchMethodError'{0x0000000088beaf10}: 'java.lang.Object java.lang.invoke.DirectMethodHandle$Holder.newInvokeSpecial(java.lang.Object, java.lang.Object, java.lang.Object, int, int, int, int, int)'> (0x0000000088beaf10) 
thrown [s\open\src\hotspot\share\interpreter\linkResolver.cpp, line 774]
Event: 0.670 Thread 0x00000146dffdde70 Exception <a 'java/lang/NoSuchMethodError'{0x0000000088a20940}: 'void java.lang.invoke.DirectMethodHandle$Holder.invokeStaticInit(java.lang.Object)'> (0x0000000088a20940) 
thrown [s\open\src\hotspot\share\interpreter\linkResolver.cpp, line 774]
Event: 1.138 Thread 0x00000146dffdde70 Implicit null exception at 0x00000146d31ac6c2 to 0x00000146d31b0f3c
Event: 1.183 Thread 0x00000146dfec8cd0 Exception <a 'java/lang/NoSuchMethodError'{0x0000000088b2fe18}: 'void java.lang.invoke.DirectMethodHandle$Holder.invokeVirtual(java.lang.Object, java.lang.Object)'> (0x0000000088b2fe18) 
thrown [s\open\src\hotspot\share\interpreter\linkResolver.cpp, line 774]
Event: 1.205 Thread 0x00000146dffdde70 Exception <a 'java/lang/NoSuchMethodError'{0x0000000088b5a9c8}: 'void java.lang.invoke.DirectMethodHandle$Holder.invokeStatic(java.lang.Object, java.lang.Object)'> (0x0000000088b5a9c8) 
thrown [s\open\src\hotspot\share\interpreter\linkResolver.cpp, line 774]
Event: 1.247 Thread 0x00000146dffdde70 Exception <a 'java/lang/NoSuchMethodError'{0x0000000088a20590}: 'java.lang.Object java.lang.invoke.DirectMethodHandle$Holder.invokeInterface(java.lang.Object, java.lang.Object)'> (0x0000000088a20590) 
thrown [s\open\src\hotspot\share\interpreter\linkResolver.cpp, line 774]
Event: 1.283 Thread 0x00000146dffdde70 Exception <a 'java/lang/NoSuchMethodError'{0x0000000088a97288}: 'void java.lang.invoke.DirectMethodHandle$Holder.invokeStatic(java.lang.Object, java.lang.Object, java.lang.Object)'> (0x0000000088a97288) 
thrown [s\open\src\hotspot\share\interpreter\linkResolver.cpp, line 774]
Event: 1.284 Thread 0x00000146dffdde70 Exception <a 'java/lang/NoSuchMethodError'{0x0000000088aa0440}: 'java.lang.Object java.lang.invoke.DirectMethodHandle$Holder.invokeVirtual(java.lang.Object, java.lang.Object, java.lang.Object)'> (0x0000000088aa0440) 
thrown [s\open\src\hotspot\share\interpreter\linkResolver.cpp, line 774]
Event: 1.476 Thread 0x00000146dffdde70 Exception <a 'java/lang/NoSuchMethodError'{0x00000000892a59f0}: 'void java.lang.invoke.DirectMethodHandle$Holder.invokeStaticInit(java.lang.Object, java.lang.Object)'> (0x00000000892a59f0) 
thrown [s\open\src\hotspot\share\interpreter\linkResolver.cpp, line 774]
Event: 1.547 Thread 0x00000146dffdde70 Exception <a 'sun/nio/fs/WindowsException'{0x00000000891d0c70}> (0x00000000891d0c70) 
thrown [s\open\src\hotspot\share\prims\jni.cpp, line 520]
Event: 1.592 Thread 0x00000146dffdde70 Exception <a 'java/lang/NoSuchMethodError'{0x0000000089077530}: 'java.lang.Object java.lang.invoke.DirectMethodHandle$Holder.invokeStaticInit(java.lang.Object, int, int, int, int)'> (0x0000000089077530) 
thrown [s\open\src\hotspot\share\interpreter\linkResolver.cpp, line 774]
Event: 1.620 Thread 0x00000146dffdde70 Exception <a 'java/lang/NoSuchMethodError'{0x0000000088f39328}: 'java.lang.Object java.lang.invoke.DirectMethodHandle$Holder.invokeStaticInit(java.lang.Object, java.lang.Object, int, int, int, int)'> (0x0000000088f39328) 
thrown [s\open\src\hotspot\share\interpreter\linkResolver.cpp, line 774]

ZGC Phase Switch (0 events):
No events

VM Operations (20 events):
Event: 1.406 Executing VM operation: HandshakeAllThreads (Deoptimize)
Event: 1.406 Executing VM operation: HandshakeAllThreads (Deoptimize) done
Event: 1.452 Executing VM operation: HandshakeAllThreads (Deoptimize)
Event: 1.452 Executing VM operation: HandshakeAllThreads (Deoptimize) done
Event: 1.486 Executing VM operation: HandshakeAllThreads (Deoptimize)
Event: 1.486 Executing VM operation: HandshakeAllThreads (Deoptimize) done
Event: 1.527 Executing VM operation: HandshakeAllThreads (Deoptimize)
Event: 1.528 Executing VM operation: HandshakeAllThreads (Deoptimize) done
Event: 1.550 Executing VM operation: HandshakeAllThreads (Deoptimize)
Event: 1.550 Executing VM operation: HandshakeAllThreads (Deoptimize) done
Event: 1.554 Executing VM operation: HandshakeAllThreads (Deoptimize)
Event: 1.554 Executing VM operation: HandshakeAllThreads (Deoptimize) done
Event: 1.804 Executing VM operation: HandshakeAllThreads (Deoptimize)
Event: 1.804 Executing VM operation: HandshakeAllThreads (Deoptimize) done
Event: 1.941 Executing VM operation: ICBufferFull
Event: 1.941 Executing VM operation: ICBufferFull done
Event: 1.970 Executing VM operation: HandshakeAllThreads (Deoptimize)
Event: 1.970 Executing VM operation: HandshakeAllThreads (Deoptimize) done
Event: 1.978 Executing VM operation: HandshakeAllThreads (Deoptimize)
Event: 1.979 Executing VM operation: HandshakeAllThreads (Deoptimize) done

Events (20 events):
Event: 0.029 Thread 0x00000146dfa59820 Thread added: 0x00000146dfa59820
Event: 0.029 Thread 0x00000146dfa5a350 Thread added: 0x00000146dfa5a350
Event: 0.029 Thread 0x00000146dfa643f0 Thread added: 0x00000146dfa643f0
Event: 0.029 Thread 0x00000146dfa67b80 Thread added: 0x00000146dfa67b80
Event: 0.029 Thread 0x00000146dfa681f0 Thread added: 0x00000146dfa681f0
Event: 0.029 Thread 0x00000146dfa70340 Thread added: 0x00000146dfa70340
Event: 0.029 Thread 0x00000146dfa79300 Thread added: 0x00000146dfa79300
Event: 0.029 Thread 0x00000146dfa799c0 Thread added: 0x00000146dfa799c0
Event: 0.051 Thread 0x00000146dfc98b50 Thread added: 0x00000146dfc98b50
Event: 0.085 Thread 0x00000146dfd84b60 Thread added: 0x00000146dfd84b60
Event: 0.088 Thread 0x00000146dfdf4b40 Thread added: 0x00000146dfdf4b40
Event: 0.180 Thread 0x00000146dff94840 Thread added: 0x00000146dff94840
Event: 0.182 Thread 0x00000146dff972d0 Thread added: 0x00000146dff972d0
Event: 0.183 Thread 0x00000146dfec8cd0 Thread added: 0x00000146dfec8cd0
Event: 0.295 Thread 0x00000146dffdde70 Thread added: 0x00000146dffdde70
Event: 0.295 Thread 0x00000146c19772c0 Thread exited: 0x00000146c19772c0
Event: 0.295 Thread 0x00000146c19772c0 Thread added: 0x00000146c19772c0
Event: 0.530 Thread 0x0000014725d11a00 Thread added: 0x0000014725d11a00
Event: 0.624 Thread 0x0000014725f724e0 Thread added: 0x0000014725f724e0
Event: 1.206 Thread 0x00000147261c2430 Thread added: 0x00000147261c2430


Dynamic libraries:
0x00007ff6640c0000 - 0x00007ff6640d0000 	C:\Program Files\Java\jdk-22\bin\java.exe
0x00007ffeb9230000 - 0x00007ffeb9425000 	C:\Windows\SYSTEM32\ntdll.dll
0x00007ffeb72f0000 - 0x00007ffeb73ae000 	C:\Windows\System32\KERNEL32.DLL
0x00007ffeb6b70000 - 0x00007ffeb6e38000 	C:\Windows\System32\KERNELBASE.dll
0x00007ffeb6ef0000 - 0x00007ffeb6ff0000 	C:\Windows\System32\ucrtbase.dll
0x00007ffeaefe0000 - 0x00007ffeaeffb000 	C:\Program Files\Java\jdk-22\bin\VCRUNTIME140.dll
0x00007ffeae870000 - 0x00007ffeae887000 	C:\Program Files\Java\jdk-22\bin\jli.dll
0x00007ffeb8750000 - 0x00007ffeb87fc000 	C:\Windows\System32\ADVAPI32.dll
0x00007ffeb7fb0000 - 0x00007ffeb804e000 	C:\Windows\System32\msvcrt.dll
0x00007ffeb8050000 - 0x00007ffeb80eb000 	C:\Windows\System32\sechost.dll
0x00007ffeb80f0000 - 0x00007ffeb821a000 	C:\Windows\System32\RPCRT4.dll
0x00007ffeb7a90000 - 0x00007ffeb7c31000 	C:\Windows\System32\USER32.dll
0x00007ffeb6b40000 - 0x00007ffeb6b62000 	C:\Windows\System32\win32u.dll
0x00007ffea6aa0000 - 0x00007ffea6d3a000 	C:\Windows\WinSxS\amd64_microsoft.windows.common-controls_6595b64144ccf1df_6.0.19041.1110_none_60b5254171f9507e\COMCTL32.dll
0x00007ffeb8720000 - 0x00007ffeb874b000 	C:\Windows\System32\GDI32.dll
0x00007ffeb6a30000 - 0x00007ffeb6b3d000 	C:\Windows\System32\gdi32full.dll
0x00007ffeb7070000 - 0x00007ffeb710d000 	C:\Windows\System32\msvcp_win.dll
0x00007ffea5bf0000 - 0x00007ffea5bfa000 	C:\Windows\SYSTEM32\VERSION.dll
0x00007ffeb75b0000 - 0x00007ffeb75e0000 	C:\Windows\System32\IMM32.DLL
0x00007ffeb25a0000 - 0x00007ffeb25ac000 	C:\Program Files\Java\jdk-22\bin\vcruntime140_1.dll
0x00007ffea7270000 - 0x00007ffea72fe000 	C:\Program Files\Java\jdk-22\bin\msvcp140.dll
0x00007ffe7d9a0000 - 0x00007ffe7e6e7000 	C:\Program Files\Java\jdk-22\bin\server\jvm.dll
0x00007ffeb7a20000 - 0x00007ffeb7a8b000 	C:\Windows\System32\WS2_32.dll
0x00007ffeb5f00000 - 0x00007ffeb5f4b000 	C:\Windows\SYSTEM32\POWRPROF.dll
0x00007ffea5b60000 - 0x00007ffea5b87000 	C:\Windows\SYSTEM32\WINMM.dll
0x00007ffeb5d70000 - 0x00007ffeb5d82000 	C:\Windows\SYSTEM32\UMPDC.dll
0x00007ffeb49e0000 - 0x00007ffeb49f2000 	C:\Windows\SYSTEM32\kernel.appcore.dll
0x00007ffeb2500000 - 0x00007ffeb250a000 	C:\Program Files\Java\jdk-22\bin\jimage.dll
0x00007ffea9bf0000 - 0x00007ffea9dd4000 	C:\Windows\SYSTEM32\DBGHELP.DLL
0x00007ffea90a0000 - 0x00007ffea90cc000 	C:\Windows\SYSTEM32\dbgcore.DLL
0x00007ffeb6940000 - 0x00007ffeb69c2000 	C:\Windows\System32\bcryptPrimitives.dll
0x00007ffeae980000 - 0x00007ffeae99e000 	C:\Program Files\Java\jdk-22\bin\java.dll
0x00007ffeb88d0000 - 0x00007ffeb9014000 	C:\Windows\System32\SHELL32.dll
0x00007ffeb78f0000 - 0x00007ffeb7a1a000 	C:\Windows\System32\ole32.dll
0x00007ffeb7c40000 - 0x00007ffeb7f95000 	C:\Windows\System32\combase.dll
0x00007ffeb4be0000 - 0x00007ffeb5374000 	C:\Windows\SYSTEM32\windows.storage.dll
0x00007ffeb6390000 - 0x00007ffeb63be000 	C:\Windows\SYSTEM32\Wldp.dll
0x00007ffeb73b0000 - 0x00007ffeb745d000 	C:\Windows\System32\SHCORE.dll
0x00007ffeb7460000 - 0x00007ffeb74b5000 	C:\Windows\System32\shlwapi.dll
0x00007ffeb6880000 - 0x00007ffeb689f000 	C:\Windows\SYSTEM32\profapi.dll
0x00007ffea6f10000 - 0x00007ffea6fe7000 	C:\Program Files\Java\jdk-22\bin\jsvml.dll
0x00007ffeb1f30000 - 0x00007ffeb1f40000 	C:\Program Files\Java\jdk-22\bin\net.dll
0x00007ffeb60f0000 - 0x00007ffeb615a000 	C:\Windows\system32\mswsock.dll
0x00007ffeae8e0000 - 0x00007ffeae8f6000 	C:\Program Files\Java\jdk-22\bin\nio.dll
0x00007ffeae7f0000 - 0x00007ffeae807000 	C:\Program Files\Java\jdk-22\bin\zip.dll
0x00007ffe88090000 - 0x00007ffe8821e000 	C:\Program Files\Java\jdk-22\bin\awt.dll
0x00007ffeb8800000 - 0x00007ffeb88cd000 	C:\Windows\System32\OLEAUT32.dll
0x00007ffeb4420000 - 0x00007ffeb44b0000 	C:\Windows\SYSTEM32\apphelp.dll
0x00007ffeb4510000 - 0x00007ffeb45ae000 	C:\Windows\system32\uxtheme.dll
0x00007ffeb90d0000 - 0x00007ffeb91e5000 	C:\Windows\System32\MSCTF.dll
0x00007ffeb48d0000 - 0x00007ffeb48ff000 	C:\Windows\system32\DWMAPI.DLL
0x00007ffea0160000 - 0x00007ffea01e7000 	C:\Program Files\Java\jdk-22\bin\freetype.dll
0x00007ffe87fb0000 - 0x00007ffe88087000 	C:\Program Files\Java\jdk-22\bin\fontmanager.dll
0x00007ffe8e530000 - 0x00007ffe8e655000 	C:\Windows\system32\opengl32.dll
0x00007ffe8e500000 - 0x00007ffe8e52c000 	C:\Windows\SYSTEM32\GLU32.dll
0x00007ffeaf950000 - 0x00007ffeaf960000 	C:\Program Files\Java\jdk-22\bin\verify.dll
0x00007ffeb9020000 - 0x00007ffeb90c9000 	C:\Windows\System32\clbcatq.dll
0x00007ffeb0620000 - 0x00007ffeb07d4000 	C:\Windows\SYSTEM32\WindowsCodecs.dll
0x00007ffeb6ff0000 - 0x00007ffeb7017000 	C:\Windows\System32\bcrypt.dll
0x00007ffe8e170000 - 0x00007ffe8e1ae000 	C:\Windows\system32\dataexchange.dll
0x00007ffeb37a0000 - 0x00007ffeb3985000 	C:\Windows\system32\dcomp.dll
0x00007ffeb2820000 - 0x00007ffeb2a84000 	C:\Windows\system32\d3d11.dll
0x00007ffeb53e0000 - 0x00007ffeb54d4000 	C:\Windows\system32\dxgi.dll
0x00007ffeb0080000 - 0x00007ffeb0281000 	C:\Windows\system32\twinapi.appcore.dll
0x00007ffeb5de0000 - 0x00007ffeb5eab000 	C:\Windows\SYSTEM32\DNSAPI.dll
0x00007ffeb5d90000 - 0x00007ffeb5dcb000 	C:\Windows\SYSTEM32\IPHLPAPI.DLL
0x00007ffeb75e0000 - 0x00007ffeb75e8000 	C:\Windows\System32\NSI.dll
0x00007ffeb0290000 - 0x00007ffeb029a000 	C:\Windows\System32\rasadhlp.dll
0x00007ffeafb00000 - 0x00007ffeafb7f000 	C:\Windows\System32\fwpuclnt.dll
0x00007ffeaf670000 - 0x00007ffeaf679000 	C:\Program Files\Java\jdk-22\bin\extnet.dll
0x00007ffeb62e0000 - 0x00007ffeb62f8000 	C:\Windows\SYSTEM32\CRYPTSP.dll
0x00007ffeb5bb0000 - 0x00007ffeb5be4000 	C:\Windows\system32\rsaenh.dll
0x00007ffeb6800000 - 0x00007ffeb682e000 	C:\Windows\SYSTEM32\USERENV.dll
0x00007ffeb6300000 - 0x00007ffeb630c000 	C:\Windows\SYSTEM32\CRYPTBASE.dll
0x00007ffeae860000 - 0x00007ffeae86e000 	C:\Program Files\Java\jdk-22\bin\sunmscapi.dll
0x00007ffeb7110000 - 0x00007ffeb7266000 	C:\Windows\System32\CRYPT32.dll
0x00007ffeb6400000 - 0x00007ffeb6427000 	C:\Windows\SYSTEM32\ncrypt.dll
0x00007ffeb63c0000 - 0x00007ffeb63fb000 	C:\Windows\SYSTEM32\NTASN1.dll
0x00007ffeaaa60000 - 0x00007ffeaab59000 	C:\Windows\SYSTEM32\textinputframework.dll
0x00007ffeb3d60000 - 0x00007ffeb40be000 	C:\Windows\System32\CoreUIComponents.dll
0x00007ffeb40c0000 - 0x00007ffeb41b2000 	C:\Windows\System32\CoreMessaging.dll
0x00007ffeb57e0000 - 0x00007ffeb5813000 	C:\Windows\SYSTEM32\ntmarta.dll
0x00007ffeb3640000 - 0x00007ffeb3794000 	C:\Windows\SYSTEM32\wintypes.dll

dbghelp: loaded successfully - version: 4.0.5 - missing functions: none
symbol engine: initialized successfully - sym options: 0x614 - pdb path: .;C:\Program Files\Java\jdk-22\bin;C:\Windows\SYSTEM32;C:\Windows\WinSxS\amd64_microsoft.windows.common-controls_6595b64144ccf1df_6.0.19041.1110_none_60b5254171f9507e;C:\Program Files\Java\jdk-22\bin\server

VM Arguments:
jvm_args: -Dfile.encoding=UTF-8 --enable-preview --module-path=D:\IT\Java\SchoolManagementSystem\build\classes 
java_command: Student
java_class_path (initial): D:\IT\Java\SchoolManagementSystem\src\jar\mysql-connector-java-8.0.28.jar;D:\IT\Java\SchoolManagementSystem\src\jar\jcalendar-tz-1.3.3-4.jar;C:\Program Files\NetBeans-22\netbeans\java\modules\ext\AbsoluteLayout.jar;D:\IT\Java\SchoolManagementSystem\build\classes
Launcher Type: SUN_STANDARD

[Global flags]
     intx CICompilerCount                          = 3                                         {product} {ergonomic}
     uint ConcGCThreads                            = 1                                         {product} {ergonomic}
     uint G1ConcRefinementThreads                  = 4                                         {product} {ergonomic}
   size_t G1HeapRegionSize                         = 1048576                                   {product} {ergonomic}
   size_t InitialHeapSize                          = 134217728                                 {product} {ergonomic}
   size_t MarkStackSize                            = 4194304                                   {product} {ergonomic}
   size_t MaxHeapSize                              = 2124414976                                {product} {ergonomic}
   size_t MaxNewSize                               = 1274019840                                {product} {ergonomic}
   size_t MinHeapDeltaBytes                        = 1048576                                   {product} {ergonomic}
   size_t MinHeapSize                              = 8388608                                   {product} {ergonomic}
    uintx NonNMethodCodeHeapSize                   = 5832780                                {pd product} {ergonomic}
    uintx NonProfiledCodeHeapSize                  = 122912730                              {pd product} {ergonomic}
    uintx ProfiledCodeHeapSize                     = 122912730                              {pd product} {ergonomic}
    uintx ReservedCodeCacheSize                    = 251658240                              {pd product} {ergonomic}
     bool SegmentedCodeCache                       = true                                      {product} {ergonomic}
   size_t SoftMaxHeapSize                          = 2124414976                             {manageable} {ergonomic}
     bool UseCompressedOops                        = true                           {product lp64_product} {ergonomic}
     bool UseG1GC                                  = true                                      {product} {ergonomic}
     bool UseLargePagesIndividualAllocation        = false                                  {pd product} {ergonomic}

Logging:
Log output configuration:
 #0: stdout all=warning uptime,level,tags foldmultilines=false
 #1: stderr all=off uptime,level,tags foldmultilines=false

Environment Variables:
PATH=C:\Program Files\Common Files\Oracle\Java\javapath;C:\Program Files (x86)\Common Files\Oracle\Java\java8path;C:\Program Files (x86)\Common Files\Oracle\Java\javapath;C:\Windows\system32;C:\Windows;C:\Windows\System32\Wbem;C:\Windows\System32\WindowsPowerShell\v1.0\;C:\Windows\System32\OpenSSH\;C:\Program Files\dotnet\;C:\Program Files\Microsoft SQL Server\Client SDK\ODBC\170\Tools\Binn\;C:\Program Files (x86)\Microsoft SQL Server\150\Tools\Binn\;C:\Program Files\Microsoft SQL Server\150\Tools\Binn\;C:\Program Files\Microsoft SQL Server\150\DTS\Binn\;C:\Program Files (x86)\Microsoft SQL Server\150\DTS\Binn\;C:\Program Files\Git\cmd;C:\Program Files\MySQL\MySQL Shell 8.0\bin\;C:\Users\Admin\AppData\Local\Microsoft\WindowsApps;C:\Users\Admin\.dotnet\tools;C:\Program Files\JetBrains\IntelliJ IDEA 2024.1.2\bin;
USERNAME=Admin
OS=Windows_NT
PROCESSOR_IDENTIFIER=Intel64 Family 6 Model 60 Stepping 3, GenuineIntel
TMP=C:\Users\Admin\AppData\Local\Temp
TEMP=C:\Users\Admin\AppData\Local\Temp




Periodic native trim disabled

---------------  S Y S T E M  ---------------

OS:
 Windows 10 , 64 bit Build 19041 (10.0.19041.1348)
OS uptime: 0 days 17:29 hours

CPU: total 4 (initial active 4) (2 cores per cpu, 2 threads per core) family 6 model 60 stepping 3 microcode 0x27, cx8, cmov, fxsr, ht, mmx, sse, sse2, sse3, ssse3, sse4.1, sse4.2, popcnt, lzcnt, tsc, tscinvbit, avx, avx2, aes, erms, clmul, bmi1, bmi2, fma, vzeroupper, clflush, rdtscp, f16c
Processor Information for all 4 processors :
  Max Mhz: 3001, Current Mhz: 3001, Mhz Limit: 3001

Memory: 4k page, system-wide physical 8097M (2550M free)
TotalPageFile size 8097M (AvailPageFile size 7M)
current process WorkingSet (physical memory assigned to process): 126M, peak: 126M
current process commit charge ("private bytes"): 258M, peak: 258M

vm_info: Java HotSpot(TM) 64-Bit Server VM (22.0.1+8-16) for windows-amd64 JRE (22.0.1+8-16), built on 2024-03-12T10:33:16Z by "mach5one" with MS VC++ 17.6 (VS2022)

END.
