#
# There is insufficient memory for the Java Runtime Environment to continue.
# Native memory allocation (malloc) failed to allocate 1218096 bytes. Error detail: Chunk::new
# Possible reasons:
#   The system is out of physical RAM or swap space
#   This process is running with CompressedOops enabled, and the Java Heap may be blocking the growth of the native heap
# Possible solutions:
#   Reduce memory load on the system
#   Increase physical memory or swap space
#   Check if swap backing store is full
#   Decrease Java heap size (-Xmx/-Xms)
#   Decrease number of Java threads
#   Decrease Java thread stack sizes (-Xss)
#   Set larger code cache with -XX:ReservedCodeCacheSize=
#   JVM is running with Unscaled Compressed Oops mode in which the Java heap is
#     placed in the first 4GB address space. The Java Heap base address is the
#     maximum limit for the native heap growth. Please use -XX:HeapBaseMinAddress
#     to set the Java Heap base and to place the Java Heap above 4GB virtual address.
# This output file may be truncated or incomplete.
#
#  Out of Memory Error (arena.cpp:150), pid=8984, tid=9888
#
# JRE version: Java(TM) SE Runtime Environment (22.0.1+8) (build 22.0.1+8-16)
# Java VM: Java HotSpot(TM) 64-Bit Server VM (22.0.1+8-16, mixed mode, sharing, tiered, compressed oops, compressed class ptrs, g1 gc, windows-amd64)
# No core dump will be written. Minidumps are not enabled by default on client versions of Windows
#

---------------  S U M M A R Y ------------

Command Line: -Dfile.encoding=UTF-8 --enable-preview --module-path=D:\IT\Java\SchoolManagementSystem\build\classes Student

Host: Intel(R) Core(TM) i7-4610M CPU @ 3.00GHz, 4 cores, 7G,  Windows 10 , 64 bit Build 19041 (10.0.19041.1348)
Time: Sun Jul 14 02:36:07 2024 SE Asia Standard Time elapsed time: 2.037588 seconds (0d 0h 0m 2s)

---------------  T H R E A D  ---------------

Current thread (0x0000020e7fcc69f0):  JavaThread "C2 CompilerThread0" daemon [_thread_in_native, id=9888, stack(0x00000090e8800000,0x00000090e8900000) (1024K)]


Current CompileTask:
C2:2037 2255       4       sun.security.ec.ECOperations::setDouble (463 bytes)

Stack: [0x00000090e8800000,0x00000090e8900000]
Native frames: (J=compiled Java code, j=interpreted, Vv=VM code, C=native code)
V  [jvm.dll+0x6e2279]  (no source info available)
V  [jvm.dll+0x874e33]  (no source info available)
V  [jvm.dll+0x87725e]  (no source info available)
V  [jvm.dll+0x877933]  (no source info available)
V  [jvm.dll+0x27fd76]  (no source info available)
V  [jvm.dll+0xc3d0f]  (no source info available)
V  [jvm.dll+0xc3f6b]  (no source info available)
V  [jvm.dll+0x3bb0d2]  (no source info available)
V  [jvm.dll+0x387b6b]  (no source info available)
V  [jvm.dll+0x386fda]  (no source info available)
V  [jvm.dll+0x247918]  (no source info available)
V  [jvm.dll+0x246fbf]  (no source info available)
V  [jvm.dll+0x1c4e90]  (no source info available)
V  [jvm.dll+0x2569fe]  (no source info available)
V  [jvm.dll+0x254cba]  (no source info available)
V  [jvm.dll+0x3f5336]  (no source info available)
V  [jvm.dll+0x81d44b]  (no source info available)
V  [jvm.dll+0x6e0915]  (no source info available)
C  [ucrtbase.dll+0x21bb2]  (no source info available)
C  [KERNEL32.DLL+0x17034]  (no source info available)
C  [ntdll.dll+0x52651]  (no source info available)


---------------  P R O C E S S  ---------------

Threads class SMR info:
_java_thread_list=0x0000020e6198d180, length=19, elements={
0x0000020e7fcb8010, 0x0000020e7fcbaf40, 0x0000020e7fcc0d20, 0x0000020e7fcc47a0,
0x0000020e7fcc5200, 0x0000020e7fcc5c60, 0x0000020e7fcc69f0, 0x0000020e1b350060,
0x0000020e1b3924f0, 0x0000020e1b51e530, 0x0000020e1b5217f0, 0x0000020e1b5577b0,
0x0000020e1b6a2ff0, 0x0000020e1b6a6090, 0x0000020e1b73e610, 0x0000020e7ef17340,
0x0000020e61599680, 0x0000020e61865b90, 0x0000020e61767150
}

Java Threads: ( => current thread )
  0x0000020e7fcb8010 JavaThread "Reference Handler"          daemon [_thread_blocked, id=4420, stack(0x00000090e8200000,0x00000090e8300000) (1024K)]
  0x0000020e7fcbaf40 JavaThread "Finalizer"                  daemon [_thread_blocked, id=7536, stack(0x00000090e8300000,0x00000090e8400000) (1024K)]
  0x0000020e7fcc0d20 JavaThread "Signal Dispatcher"          daemon [_thread_blocked, id=8220, stack(0x00000090e8400000,0x00000090e8500000) (1024K)]
  0x0000020e7fcc47a0 JavaThread "Attach Listener"            daemon [_thread_blocked, id=5660, stack(0x00000090e8500000,0x00000090e8600000) (1024K)]
  0x0000020e7fcc5200 JavaThread "Service Thread"             daemon [_thread_blocked, id=1572, stack(0x00000090e8600000,0x00000090e8700000) (1024K)]
  0x0000020e7fcc5c60 JavaThread "Monitor Deflation Thread"   daemon [_thread_blocked, id=5876, stack(0x00000090e8700000,0x00000090e8800000) (1024K)]
=>0x0000020e7fcc69f0 JavaThread "C2 CompilerThread0"         daemon [_thread_in_native, id=9888, stack(0x00000090e8800000,0x00000090e8900000) (1024K)]
  0x0000020e1b350060 JavaThread "C1 CompilerThread0"         daemon [_thread_blocked, id=4664, stack(0x00000090e8900000,0x00000090e8a00000) (1024K)]
  0x0000020e1b3924f0 JavaThread "Common-Cleaner"             daemon [_thread_blocked, id=9628, stack(0x00000090e8a00000,0x00000090e8b00000) (1024K)]
  0x0000020e1b51e530 JavaThread "Notification Thread"        daemon [_thread_blocked, id=5896, stack(0x00000090e8b00000,0x00000090e8c00000) (1024K)]
  0x0000020e1b5217f0 JavaThread "C2 CompilerThread1"         daemon [_thread_blocked, id=2972, stack(0x00000090e8c00000,0x00000090e8d00000) (1024K)]
  0x0000020e1b5577b0 JavaThread "Java2D Disposer"            daemon [_thread_blocked, id=6748, stack(0x00000090e8d00000,0x00000090e8e00000) (1024K)]
  0x0000020e1b6a2ff0 JavaThread "AWT-Shutdown"                      [_thread_blocked, id=292, stack(0x00000090e8e00000,0x00000090e8f00000) (1024K)]
  0x0000020e1b6a6090 JavaThread "AWT-Windows"                daemon [_thread_in_native, id=9908, stack(0x00000090e8f00000,0x00000090e9000000) (1024K)]
  0x0000020e1b73e610 JavaThread "AWT-EventQueue-0"                  [_thread_in_native, id=9892, stack(0x00000090e9000000,0x00000090e9100000) (1024K)]
  0x0000020e7ef17340 JavaThread "DestroyJavaVM"                     [_thread_blocked, id=10468, stack(0x00000090e7a00000,0x00000090e7b00000) (1024K)]
  0x0000020e61599680 JavaThread "TimerQueue"                 daemon [_thread_blocked, id=7476, stack(0x00000090e9200000,0x00000090e9300000) (1024K)]
  0x0000020e61865b90 JavaThread "Image Fetcher 0"            daemon [_thread_blocked, id=6964, stack(0x00000090e9300000,0x00000090e9400000) (1024K)]
  0x0000020e61767150 JavaThread "mysql-cj-abandoned-connection-cleanup" daemon [_thread_blocked, id=916, stack(0x00000090e9a00000,0x00000090e9b00000) (1024K)]
Total: 19

Other Threads:
  0x0000020e7fca0700 VMThread "VM Thread"                           [id=10672, stack(0x00000090e8100000,0x00000090e8200000) (1024K)]
  0x0000020e7fc88570 WatcherThread "VM Periodic Task Thread"        [id=3760, stack(0x00000090e8000000,0x00000090e8100000) (1024K)]
  0x0000020e7ef6a0e0 WorkerThread "GC Thread#0"                     [id=10420, stack(0x00000090e7b00000,0x00000090e7c00000) (1024K)]
  0x0000020e6163e500 WorkerThread "GC Thread#1"                     [id=4336, stack(0x00000090e9700000,0x00000090e9800000) (1024K)]
  0x0000020e6163e8b0 WorkerThread "GC Thread#2"                     [id=10360, stack(0x00000090e9800000,0x00000090e9900000) (1024K)]
  0x0000020e61640c70 WorkerThread "GC Thread#3"                     [id=10292, stack(0x00000090e9900000,0x00000090e9a00000) (1024K)]
  0x0000020e7ef7c6f0 ConcurrentGCThread "G1 Main Marker"            [id=10980, stack(0x00000090e7c00000,0x00000090e7d00000) (1024K)]
  0x0000020e7ef7d110 WorkerThread "G1 Conc#0"                       [id=3088, stack(0x00000090e7d00000,0x00000090e7e00000) (1024K)]
  0x0000020e7fb460d0 ConcurrentGCThread "G1 Refine#0"               [id=8484, stack(0x00000090e7e00000,0x00000090e7f00000) (1024K)]
  0x0000020e7fb46b60 ConcurrentGCThread "G1 Service"                [id=7112, stack(0x00000090e7f00000,0x00000090e8000000) (1024K)]
Total: 10

Threads with active compile tasks:
C2 CompilerThread0  2099 2255       4       sun.security.ec.ECOperations::setDouble (463 bytes)
Total: 1

VM state: not at safepoint (normal execution)

VM Mutex/Monitor currently owned by a thread: None

Heap address: 0x0000000081600000, size: 2026 MB, Compressed Oops mode: 32-bit

CDS archive(s) mapped at: [0x0000020e1c000000-0x0000020e1cc60000-0x0000020e1cc60000), size 12976128, SharedBaseAddress: 0x0000020e1c000000, ArchiveRelocationMode: 1.
Compressed class space mapped at: 0x0000020e1d000000-0x0000020e5d000000, reserved size: 1073741824
Narrow klass base: 0x0000020e1c000000, Narrow klass shift: 0, Narrow klass range: 0x41000000

GC Precious Log:
 CardTable entry size: 512
 Card Set container configuration: InlinePtr #cards 5 size 8 Array Of Cards #cards 12 size 40 Howl #buckets 4 coarsen threshold 1843 Howl Bitmap #cards 512 size 80 coarsen threshold 460 Card regions per heap region 1 cards per card region 2048
 CPUs: 4 total, 4 available
 Memory: 8097M
 Large Page Support: Disabled
 NUMA Support: Disabled
 Compressed Oops: Enabled (32-bit)
 Heap Region Size: 1M
 Heap Min Capacity: 8M
 Heap Initial Capacity: 128M
 Heap Max Capacity: 2026M
 Pre-touch: Disabled
 Parallel Workers: 4
 Concurrent Workers: 1
 Concurrent Refinement Workers: 4
 Periodic GC: Disabled

Heap:
 garbage-first heap   total reserved 2074624K, committed 131072K, used 14447K [0x0000000081600000, 0x0000000100000000)
  region size 1024K, 12 young (12288K), 2 survivors (2048K)
 Metaspace       used 20489K, committed 20736K, reserved 1114112K
  class space    used 2415K, committed 2560K, reserved 1048576K

Heap Regions: E=young(eden), S=young(survivor), O=old, HS=humongous(starts), HC=humongous(continues), CS=collection set, F=free, TAMS=top-at-mark-start, PB=parsable bottom
|   0|0x0000000081600000, 0x0000000081700000, 0x0000000081700000|100%| O|  |TAMS 0x0000000081600000| PB 0x0000000081600000| Untracked |  0
|   1|0x0000000081700000, 0x0000000081800000, 0x0000000081800000|100%| O|  |TAMS 0x0000000081700000| PB 0x0000000081700000| Untracked |  0
|   2|0x0000000081800000, 0x0000000081900000, 0x0000000081900000|100%| O|  |TAMS 0x0000000081800000| PB 0x0000000081800000| Untracked |  0
|   3|0x0000000081900000, 0x0000000081a00000, 0x0000000081a00000|100%| O|  |TAMS 0x0000000081900000| PB 0x0000000081900000| Untracked |  0
|   4|0x0000000081a00000, 0x0000000081a72000, 0x0000000081b00000| 44%| O|  |TAMS 0x0000000081a00000| PB 0x0000000081a00000| Untracked |  0
|   5|0x0000000081b00000, 0x0000000081b00000, 0x0000000081c00000|  0%| F|  |TAMS 0x0000000081b00000| PB 0x0000000081b00000| Untracked |  0
|   6|0x0000000081c00000, 0x0000000081c00000, 0x0000000081d00000|  0%| F|  |TAMS 0x0000000081c00000| PB 0x0000000081c00000| Untracked |  0
|   7|0x0000000081d00000, 0x0000000081d00000, 0x0000000081e00000|  0%| F|  |TAMS 0x0000000081d00000| PB 0x0000000081d00000| Untracked |  0
|   8|0x0000000081e00000, 0x0000000081e00000, 0x0000000081f00000|  0%| F|  |TAMS 0x0000000081e00000| PB 0x0000000081e00000| Untracked |  0
|   9|0x0000000081f00000, 0x0000000081f00000, 0x0000000082000000|  0%| F|  |TAMS 0x0000000081f00000| PB 0x0000000081f00000| Untracked |  0
|  10|0x0000000082000000, 0x0000000082000000, 0x0000000082100000|  0%| F|  |TAMS 0x0000000082000000| PB 0x0000000082000000| Untracked |  0
|  11|0x0000000082100000, 0x0000000082100000, 0x0000000082200000|  0%| F|  |TAMS 0x0000000082100000| PB 0x0000000082100000| Untracked |  0
|  12|0x0000000082200000, 0x0000000082200000, 0x0000000082300000|  0%| F|  |TAMS 0x0000000082200000| PB 0x0000000082200000| Untracked |  0
|  13|0x0000000082300000, 0x0000000082300000, 0x0000000082400000|  0%| F|  |TAMS 0x0000000082300000| PB 0x0000000082300000| Untracked |  0
|  14|0x0000000082400000, 0x0000000082400000, 0x0000000082500000|  0%| F|  |TAMS 0x0000000082400000| PB 0x0000000082400000| Untracked |  0
|  15|0x0000000082500000, 0x0000000082500000, 0x0000000082600000|  0%| F|  |TAMS 0x0000000082500000| PB 0x0000000082500000| Untracked |  0
|  16|0x0000000082600000, 0x0000000082600000, 0x0000000082700000|  0%| F|  |TAMS 0x0000000082600000| PB 0x0000000082600000| Untracked |  0
|  17|0x0000000082700000, 0x0000000082700000, 0x0000000082800000|  0%| F|  |TAMS 0x0000000082700000| PB 0x0000000082700000| Untracked |  0
|  18|0x0000000082800000, 0x0000000082800000, 0x0000000082900000|  0%| F|  |TAMS 0x0000000082800000| PB 0x0000000082800000| Untracked |  0
|  19|0x0000000082900000, 0x0000000082900000, 0x0000000082a00000|  0%| F|  |TAMS 0x0000000082900000| PB 0x0000000082900000| Untracked |  0
|  20|0x0000000082a00000, 0x0000000082a00000, 0x0000000082b00000|  0%| F|  |TAMS 0x0000000082a00000| PB 0x0000000082a00000| Untracked |  0
|  21|0x0000000082b00000, 0x0000000082b00000, 0x0000000082c00000|  0%| F|  |TAMS 0x0000000082b00000| PB 0x0000000082b00000| Untracked |  0
|  22|0x0000000082c00000, 0x0000000082c00000, 0x0000000082d00000|  0%| F|  |TAMS 0x0000000082c00000| PB 0x0000000082c00000| Untracked |  0
|  23|0x0000000082d00000, 0x0000000082d00000, 0x0000000082e00000|  0%| F|  |TAMS 0x0000000082d00000| PB 0x0000000082d00000| Untracked |  0
|  24|0x0000000082e00000, 0x0000000082e00000, 0x0000000082f00000|  0%| F|  |TAMS 0x0000000082e00000| PB 0x0000000082e00000| Untracked |  0
|  25|0x0000000082f00000, 0x0000000082f00000, 0x0000000083000000|  0%| F|  |TAMS 0x0000000082f00000| PB 0x0000000082f00000| Untracked |  0
|  26|0x0000000083000000, 0x0000000083000000, 0x0000000083100000|  0%| F|  |TAMS 0x0000000083000000| PB 0x0000000083000000| Untracked |  0
|  27|0x0000000083100000, 0x0000000083100000, 0x0000000083200000|  0%| F|  |TAMS 0x0000000083100000| PB 0x0000000083100000| Untracked |  0
|  28|0x0000000083200000, 0x0000000083200000, 0x0000000083300000|  0%| F|  |TAMS 0x0000000083200000| PB 0x0000000083200000| Untracked |  0
|  29|0x0000000083300000, 0x0000000083300000, 0x0000000083400000|  0%| F|  |TAMS 0x0000000083300000| PB 0x0000000083300000| Untracked |  0
|  30|0x0000000083400000, 0x0000000083400000, 0x0000000083500000|  0%| F|  |TAMS 0x0000000083400000| PB 0x0000000083400000| Untracked |  0
|  31|0x0000000083500000, 0x0000000083500000, 0x0000000083600000|  0%| F|  |TAMS 0x0000000083500000| PB 0x0000000083500000| Untracked |  0
|  32|0x0000000083600000, 0x0000000083600000, 0x0000000083700000|  0%| F|  |TAMS 0x0000000083600000| PB 0x0000000083600000| Untracked |  0
|  33|0x0000000083700000, 0x0000000083700000, 0x0000000083800000|  0%| F|  |TAMS 0x0000000083700000| PB 0x0000000083700000| Untracked |  0
|  34|0x0000000083800000, 0x0000000083800000, 0x0000000083900000|  0%| F|  |TAMS 0x0000000083800000| PB 0x0000000083800000| Untracked |  0
|  35|0x0000000083900000, 0x0000000083900000, 0x0000000083a00000|  0%| F|  |TAMS 0x0000000083900000| PB 0x0000000083900000| Untracked |  0
|  36|0x0000000083a00000, 0x0000000083a00000, 0x0000000083b00000|  0%| F|  |TAMS 0x0000000083a00000| PB 0x0000000083a00000| Untracked |  0
|  37|0x0000000083b00000, 0x0000000083b00000, 0x0000000083c00000|  0%| F|  |TAMS 0x0000000083b00000| PB 0x0000000083b00000| Untracked |  0
|  38|0x0000000083c00000, 0x0000000083c00000, 0x0000000083d00000|  0%| F|  |TAMS 0x0000000083c00000| PB 0x0000000083c00000| Untracked |  0
|  39|0x0000000083d00000, 0x0000000083d00000, 0x0000000083e00000|  0%| F|  |TAMS 0x0000000083d00000| PB 0x0000000083d00000| Untracked |  0
|  40|0x0000000083e00000, 0x0000000083e00000, 0x0000000083f00000|  0%| F|  |TAMS 0x0000000083e00000| PB 0x0000000083e00000| Untracked |  0
|  41|0x0000000083f00000, 0x0000000083f00000, 0x0000000084000000|  0%| F|  |TAMS 0x0000000083f00000| PB 0x0000000083f00000| Untracked |  0
|  42|0x0000000084000000, 0x0000000084000000, 0x0000000084100000|  0%| F|  |TAMS 0x0000000084000000| PB 0x0000000084000000| Untracked |  0
|  43|0x0000000084100000, 0x0000000084100000, 0x0000000084200000|  0%| F|  |TAMS 0x0000000084100000| PB 0x0000000084100000| Untracked |  0
|  44|0x0000000084200000, 0x0000000084200000, 0x0000000084300000|  0%| F|  |TAMS 0x0000000084200000| PB 0x0000000084200000| Untracked |  0
|  45|0x0000000084300000, 0x0000000084300000, 0x0000000084400000|  0%| F|  |TAMS 0x0000000084300000| PB 0x0000000084300000| Untracked |  0
|  46|0x0000000084400000, 0x0000000084400000, 0x0000000084500000|  0%| F|  |TAMS 0x0000000084400000| PB 0x0000000084400000| Untracked |  0
|  47|0x0000000084500000, 0x0000000084500000, 0x0000000084600000|  0%| F|  |TAMS 0x0000000084500000| PB 0x0000000084500000| Untracked |  0
|  48|0x0000000084600000, 0x0000000084600000, 0x0000000084700000|  0%| F|  |TAMS 0x0000000084600000| PB 0x0000000084600000| Untracked |  0
|  49|0x0000000084700000, 0x0000000084700000, 0x0000000084800000|  0%| F|  |TAMS 0x0000000084700000| PB 0x0000000084700000| Untracked |  0
|  50|0x0000000084800000, 0x0000000084800000, 0x0000000084900000|  0%| F|  |TAMS 0x0000000084800000| PB 0x0000000084800000| Untracked |  0
|  51|0x0000000084900000, 0x0000000084900000, 0x0000000084a00000|  0%| F|  |TAMS 0x0000000084900000| PB 0x0000000084900000| Untracked |  0
|  52|0x0000000084a00000, 0x0000000084a00000, 0x0000000084b00000|  0%| F|  |TAMS 0x0000000084a00000| PB 0x0000000084a00000| Untracked |  0
|  53|0x0000000084b00000, 0x0000000084b00000, 0x0000000084c00000|  0%| F|  |TAMS 0x0000000084b00000| PB 0x0000000084b00000| Untracked |  0
|  54|0x0000000084c00000, 0x0000000084c00000, 0x0000000084d00000|  0%| F|  |TAMS 0x0000000084c00000| PB 0x0000000084c00000| Untracked |  0
|  55|0x0000000084d00000, 0x0000000084d00000, 0x0000000084e00000|  0%| F|  |TAMS 0x0000000084d00000| PB 0x0000000084d00000| Untracked |  0
|  56|0x0000000084e00000, 0x0000000084e00000, 0x0000000084f00000|  0%| F|  |TAMS 0x0000000084e00000| PB 0x0000000084e00000| Untracked |  0
|  57|0x0000000084f00000, 0x0000000084f00000, 0x0000000085000000|  0%| F|  |TAMS 0x0000000084f00000| PB 0x0000000084f00000| Untracked |  0
|  58|0x0000000085000000, 0x0000000085000000, 0x0000000085100000|  0%| F|  |TAMS 0x0000000085000000| PB 0x0000000085000000| Untracked |  0
|  59|0x0000000085100000, 0x0000000085100000, 0x0000000085200000|  0%| F|  |TAMS 0x0000000085100000| PB 0x0000000085100000| Untracked |  0
|  60|0x0000000085200000, 0x0000000085200000, 0x0000000085300000|  0%| F|  |TAMS 0x0000000085200000| PB 0x0000000085200000| Untracked |  0
|  61|0x0000000085300000, 0x0000000085300000, 0x0000000085400000|  0%| F|  |TAMS 0x0000000085300000| PB 0x0000000085300000| Untracked |  0
|  62|0x0000000085400000, 0x0000000085400000, 0x0000000085500000|  0%| F|  |TAMS 0x0000000085400000| PB 0x0000000085400000| Untracked |  0
|  63|0x0000000085500000, 0x0000000085500000, 0x0000000085600000|  0%| F|  |TAMS 0x0000000085500000| PB 0x0000000085500000| Untracked |  0
|  64|0x0000000085600000, 0x0000000085600000, 0x0000000085700000|  0%| F|  |TAMS 0x0000000085600000| PB 0x0000000085600000| Untracked |  0
|  65|0x0000000085700000, 0x0000000085700000, 0x0000000085800000|  0%| F|  |TAMS 0x0000000085700000| PB 0x0000000085700000| Untracked |  0
|  66|0x0000000085800000, 0x0000000085800000, 0x0000000085900000|  0%| F|  |TAMS 0x0000000085800000| PB 0x0000000085800000| Untracked |  0
|  67|0x0000000085900000, 0x0000000085900000, 0x0000000085a00000|  0%| F|  |TAMS 0x0000000085900000| PB 0x0000000085900000| Untracked |  0
|  68|0x0000000085a00000, 0x0000000085a00000, 0x0000000085b00000|  0%| F|  |TAMS 0x0000000085a00000| PB 0x0000000085a00000| Untracked |  0
|  69|0x0000000085b00000, 0x0000000085b00000, 0x0000000085c00000|  0%| F|  |TAMS 0x0000000085b00000| PB 0x0000000085b00000| Untracked |  0
|  70|0x0000000085c00000, 0x0000000085c00000, 0x0000000085d00000|  0%| F|  |TAMS 0x0000000085c00000| PB 0x0000000085c00000| Untracked |  0
|  71|0x0000000085d00000, 0x0000000085d00000, 0x0000000085e00000|  0%| F|  |TAMS 0x0000000085d00000| PB 0x0000000085d00000| Untracked |  0
|  72|0x0000000085e00000, 0x0000000085e00000, 0x0000000085f00000|  0%| F|  |TAMS 0x0000000085e00000| PB 0x0000000085e00000| Untracked |  0
|  73|0x0000000085f00000, 0x0000000085f00000, 0x0000000086000000|  0%| F|  |TAMS 0x0000000085f00000| PB 0x0000000085f00000| Untracked |  0
|  74|0x0000000086000000, 0x0000000086000000, 0x0000000086100000|  0%| F|  |TAMS 0x0000000086000000| PB 0x0000000086000000| Untracked |  0
|  75|0x0000000086100000, 0x0000000086100000, 0x0000000086200000|  0%| F|  |TAMS 0x0000000086100000| PB 0x0000000086100000| Untracked |  0
|  76|0x0000000086200000, 0x0000000086200000, 0x0000000086300000|  0%| F|  |TAMS 0x0000000086200000| PB 0x0000000086200000| Untracked |  0
|  77|0x0000000086300000, 0x0000000086300000, 0x0000000086400000|  0%| F|  |TAMS 0x0000000086300000| PB 0x0000000086300000| Untracked |  0
|  78|0x0000000086400000, 0x0000000086400000, 0x0000000086500000|  0%| F|  |TAMS 0x0000000086400000| PB 0x0000000086400000| Untracked |  0
|  79|0x0000000086500000, 0x0000000086500000, 0x0000000086600000|  0%| F|  |TAMS 0x0000000086500000| PB 0x0000000086500000| Untracked |  0
|  80|0x0000000086600000, 0x0000000086600000, 0x0000000086700000|  0%| F|  |TAMS 0x0000000086600000| PB 0x0000000086600000| Untracked |  0
|  81|0x0000000086700000, 0x0000000086700000, 0x0000000086800000|  0%| F|  |TAMS 0x0000000086700000| PB 0x0000000086700000| Untracked |  0
|  82|0x0000000086800000, 0x0000000086800000, 0x0000000086900000|  0%| F|  |TAMS 0x0000000086800000| PB 0x0000000086800000| Untracked |  0
|  83|0x0000000086900000, 0x0000000086900000, 0x0000000086a00000|  0%| F|  |TAMS 0x0000000086900000| PB 0x0000000086900000| Untracked |  0
|  84|0x0000000086a00000, 0x0000000086a00000, 0x0000000086b00000|  0%| F|  |TAMS 0x0000000086a00000| PB 0x0000000086a00000| Untracked |  0
|  85|0x0000000086b00000, 0x0000000086b00000, 0x0000000086c00000|  0%| F|  |TAMS 0x0000000086b00000| PB 0x0000000086b00000| Untracked |  0
|  86|0x0000000086c00000, 0x0000000086c00000, 0x0000000086d00000|  0%| F|  |TAMS 0x0000000086c00000| PB 0x0000000086c00000| Untracked |  0
|  87|0x0000000086d00000, 0x0000000086d00000, 0x0000000086e00000|  0%| F|  |TAMS 0x0000000086d00000| PB 0x0000000086d00000| Untracked |  0
|  88|0x0000000086e00000, 0x0000000086e00000, 0x0000000086f00000|  0%| F|  |TAMS 0x0000000086e00000| PB 0x0000000086e00000| Untracked |  0
|  89|0x0000000086f00000, 0x0000000086f00000, 0x0000000087000000|  0%| F|  |TAMS 0x0000000086f00000| PB 0x0000000086f00000| Untracked |  0
|  90|0x0000000087000000, 0x0000000087000000, 0x0000000087100000|  0%| F|  |TAMS 0x0000000087000000| PB 0x0000000087000000| Untracked |  0
|  91|0x0000000087100000, 0x0000000087100000, 0x0000000087200000|  0%| F|  |TAMS 0x0000000087100000| PB 0x0000000087100000| Untracked |  0
|  92|0x0000000087200000, 0x0000000087200000, 0x0000000087300000|  0%| F|  |TAMS 0x0000000087200000| PB 0x0000000087200000| Untracked |  0
|  93|0x0000000087300000, 0x0000000087300000, 0x0000000087400000|  0%| F|  |TAMS 0x0000000087300000| PB 0x0000000087300000| Untracked |  0
|  94|0x0000000087400000, 0x0000000087400000, 0x0000000087500000|  0%| F|  |TAMS 0x0000000087400000| PB 0x0000000087400000| Untracked |  0
|  95|0x0000000087500000, 0x0000000087500000, 0x0000000087600000|  0%| F|  |TAMS 0x0000000087500000| PB 0x0000000087500000| Untracked |  0
|  96|0x0000000087600000, 0x0000000087600000, 0x0000000087700000|  0%| F|  |TAMS 0x0000000087600000| PB 0x0000000087600000| Untracked |  0
|  97|0x0000000087700000, 0x0000000087700000, 0x0000000087800000|  0%| F|  |TAMS 0x0000000087700000| PB 0x0000000087700000| Untracked |  0
|  98|0x0000000087800000, 0x0000000087800000, 0x0000000087900000|  0%| F|  |TAMS 0x0000000087800000| PB 0x0000000087800000| Untracked |  0
|  99|0x0000000087900000, 0x0000000087900000, 0x0000000087a00000|  0%| F|  |TAMS 0x0000000087900000| PB 0x0000000087900000| Untracked |  0
| 100|0x0000000087a00000, 0x0000000087a00000, 0x0000000087b00000|  0%| F|  |TAMS 0x0000000087a00000| PB 0x0000000087a00000| Untracked |  0
| 101|0x0000000087b00000, 0x0000000087b00000, 0x0000000087c00000|  0%| F|  |TAMS 0x0000000087b00000| PB 0x0000000087b00000| Untracked |  0
| 102|0x0000000087c00000, 0x0000000087c00000, 0x0000000087d00000|  0%| F|  |TAMS 0x0000000087c00000| PB 0x0000000087c00000| Untracked |  0
| 103|0x0000000087d00000, 0x0000000087d00000, 0x0000000087e00000|  0%| F|  |TAMS 0x0000000087d00000| PB 0x0000000087d00000| Untracked |  0
| 104|0x0000000087e00000, 0x0000000087e00000, 0x0000000087f00000|  0%| F|  |TAMS 0x0000000087e00000| PB 0x0000000087e00000| Untracked |  0
| 105|0x0000000087f00000, 0x0000000087f00000, 0x0000000088000000|  0%| F|  |TAMS 0x0000000087f00000| PB 0x0000000087f00000| Untracked |  0
| 106|0x0000000088000000, 0x0000000088000000, 0x0000000088100000|  0%| F|  |TAMS 0x0000000088000000| PB 0x0000000088000000| Untracked |  0
| 107|0x0000000088100000, 0x0000000088100000, 0x0000000088200000|  0%| F|  |TAMS 0x0000000088100000| PB 0x0000000088100000| Untracked |  0
| 108|0x0000000088200000, 0x0000000088200000, 0x0000000088300000|  0%| F|  |TAMS 0x0000000088200000| PB 0x0000000088200000| Untracked |  0
| 109|0x0000000088300000, 0x0000000088300000, 0x0000000088400000|  0%| F|  |TAMS 0x0000000088300000| PB 0x0000000088300000| Untracked |  0
| 110|0x0000000088400000, 0x00000000884a9fb8, 0x0000000088500000| 66%| S|CS|TAMS 0x0000000088400000| PB 0x0000000088400000| Complete |  0
| 111|0x0000000088500000, 0x0000000088600000, 0x0000000088600000|100%| S|CS|TAMS 0x0000000088500000| PB 0x0000000088500000| Complete |  0
| 112|0x0000000088600000, 0x0000000088600000, 0x0000000088700000|  0%| F|  |TAMS 0x0000000088600000| PB 0x0000000088600000| Untracked |  0
| 113|0x0000000088700000, 0x0000000088700000, 0x0000000088800000|  0%| F|  |TAMS 0x0000000088700000| PB 0x0000000088700000| Untracked |  0
| 114|0x0000000088800000, 0x0000000088800000, 0x0000000088900000|  0%| F|  |TAMS 0x0000000088800000| PB 0x0000000088800000| Untracked |  0
| 115|0x0000000088900000, 0x0000000088900000, 0x0000000088a00000|  0%| F|  |TAMS 0x0000000088900000| PB 0x0000000088900000| Untracked |  0
| 116|0x0000000088a00000, 0x0000000088a00000, 0x0000000088b00000|  0%| F|  |TAMS 0x0000000088a00000| PB 0x0000000088a00000| Untracked |  0
| 117|0x0000000088b00000, 0x0000000088b00000, 0x0000000088c00000|  0%| F|  |TAMS 0x0000000088b00000| PB 0x0000000088b00000| Untracked |  0
| 118|0x0000000088c00000, 0x0000000088c3ef10, 0x0000000088d00000| 24%| E|  |TAMS 0x0000000088c00000| PB 0x0000000088c00000| Complete |  0
| 119|0x0000000088d00000, 0x0000000088e00000, 0x0000000088e00000|100%| E|  |TAMS 0x0000000088d00000| PB 0x0000000088d00000| Complete |  0
| 120|0x0000000088e00000, 0x0000000088f00000, 0x0000000088f00000|100%| E|CS|TAMS 0x0000000088e00000| PB 0x0000000088e00000| Complete |  0
| 121|0x0000000088f00000, 0x0000000089000000, 0x0000000089000000|100%| E|CS|TAMS 0x0000000088f00000| PB 0x0000000088f00000| Complete |  0
| 122|0x0000000089000000, 0x0000000089100000, 0x0000000089100000|100%| E|CS|TAMS 0x0000000089000000| PB 0x0000000089000000| Complete |  0
| 123|0x0000000089100000, 0x0000000089200000, 0x0000000089200000|100%| E|CS|TAMS 0x0000000089100000| PB 0x0000000089100000| Complete |  0
| 124|0x0000000089200000, 0x0000000089300000, 0x0000000089300000|100%| E|CS|TAMS 0x0000000089200000| PB 0x0000000089200000| Complete |  0
| 125|0x0000000089300000, 0x0000000089400000, 0x0000000089400000|100%| E|CS|TAMS 0x0000000089300000| PB 0x0000000089300000| Complete |  0
| 126|0x0000000089400000, 0x0000000089500000, 0x0000000089500000|100%| E|CS|TAMS 0x0000000089400000| PB 0x0000000089400000| Complete |  0
| 127|0x0000000089500000, 0x0000000089600000, 0x0000000089600000|100%| E|CS|TAMS 0x0000000089500000| PB 0x0000000089500000| Complete |  0

Card table byte_map: [0x0000020e7f3f0000,0x0000020e7f7f0000] _byte_map_base: 0x0000020e7efe5000

Marking Bits: (CMBitMap*) 0x0000020e7ef6b710
 Bits: [0x0000020e17280000, 0x0000020e19228000)

Polling page: 0x0000020e7cd70000

Metaspace:

Usage:
  Non-class:     17.66 MB used.
      Class:      2.36 MB used.
       Both:     20.02 MB used.

Virtual space:
  Non-class space:       64.00 MB reserved,      17.75 MB ( 28%) committed,  1 nodes.
      Class space:        1.00 GB reserved,       2.50 MB ( <1%) committed,  1 nodes.
             Both:        1.06 GB reserved,      20.25 MB (  2%) committed. 

Chunk freelists:
   Non-Class:  13.94 MB
       Class:  13.53 MB
        Both:  27.47 MB

MaxMetaspaceSize: unlimited
CompressedClassSpaceSize: 1.00 GB
Initial GC threshold: 21.00 MB
Current GC threshold: 21.00 MB
CDS: on
 - commit_granule_bytes: 65536.
 - commit_granule_words: 8192.
 - virtual_space_node_default_size: 8388608.
 - enlarge_chunks_in_place: 1.
 - use_allocation_guard: 0.


Internal statistics:

num_allocs_failed_limit: 0.
num_arena_births: 206.
num_arena_deaths: 0.
num_vsnodes_births: 2.
num_vsnodes_deaths: 0.
num_space_committed: 324.
num_space_uncommitted: 0.
num_chunks_returned_to_freelist: 0.
num_chunks_taken_from_freelist: 425.
num_chunk_merges: 0.
num_chunk_splits: 251.
num_chunks_enlarged: 140.
num_inconsistent_stats: 0.

CodeHeap 'non-profiled nmethods': size=120000Kb used=943Kb max_used=943Kb free=119056Kb
 bounds [0x0000020e0fd50000, 0x0000020e0ffc0000, 0x0000020e17280000]
CodeHeap 'profiled nmethods': size=120000Kb used=4405Kb max_used=4405Kb free=115594Kb
 bounds [0x0000020e08280000, 0x0000020e086d0000, 0x0000020e0f7b0000]
CodeHeap 'non-nmethods': size=5760Kb used=1743Kb max_used=1755Kb free=4016Kb
 bounds [0x0000020e0f7b0000, 0x0000020e0fa20000, 0x0000020e0fd50000]
 total_blobs=3200 nmethods=2434 adapters=670
 compilation: enabled
              stopped_count=0, restarted_count=0
 full_count=0

Compilation events (20 events):
Event: 2.000 Thread 0x0000020e1b5217f0 nmethod 2372 0x0000020e0fe32d90 code [0x0000020e0fe32f20, 0x0000020e0fe33160]
Event: 2.002 Thread 0x0000020e1b350060 2375       3       java.util.zip.ZipFile::getZipEntry (322 bytes)
Event: 2.004 Thread 0x0000020e1b5217f0 2376 %     4       com.sun.crypto.provider.GHASH::blockMult @ 23 (245 bytes)
Event: 2.005 Thread 0x0000020e1b350060 nmethod 2375 0x0000020e086b0f10 code [0x0000020e086b1380, 0x0000020e086b3928]
Event: 2.009 Thread 0x0000020e1b350060 2377       3       sun.security.ssl.TransportContext::isInboundClosed (8 bytes)
Event: 2.009 Thread 0x0000020e1b350060 nmethod 2377 0x0000020e086b4790 code [0x0000020e086b4920, 0x0000020e086b4ad8]
Event: 2.009 Thread 0x0000020e1b350060 2379       1       com.mysql.cj.protocol.a.NativeProtocol::getServerSession (5 bytes)
Event: 2.009 Thread 0x0000020e1b350060 nmethod 2379 0x0000020e0fe33310 code [0x0000020e0fe334a0, 0x0000020e0fe33568]
Event: 2.012 Thread 0x0000020e1b5217f0 nmethod 2376% 0x0000020e0fe33610 code [0x0000020e0fe337a0, 0x0000020e0fe33de8]
Event: 2.012 Thread 0x0000020e1b5217f0 2380       4       jdk.internal.misc.Unsafe::getLongUnaligned (12 bytes)
Event: 2.012 Thread 0x0000020e1b5217f0 nmethod 2380 0x0000020e0fe33f90 code [0x0000020e0fe34120, 0x0000020e0fe341f0]
Event: 2.012 Thread 0x0000020e1b5217f0 2381       4       com.sun.crypto.provider.AESCrypt::implEncryptBlock (947 bytes)
Event: 2.013 Thread 0x0000020e1b350060 2383       3       java.nio.ByteBuffer::arrayOffset (35 bytes)
Event: 2.013 Thread 0x0000020e1b350060 nmethod 2383 0x0000020e086b4b90 code [0x0000020e086b4d60, 0x0000020e086b5030]
Event: 2.019 Thread 0x0000020e1b350060 2384 %     3       com.sun.crypto.provider.CounterMode::implCrypt @ 3 (88 bytes)
Event: 2.019 Thread 0x0000020e1b350060 nmethod 2384% 0x0000020e086b5190 code [0x0000020e086b5360, 0x0000020e086b5898]
Event: 2.020 Thread 0x0000020e1b350060 2385       3       com.sun.crypto.provider.CounterMode::implCrypt (88 bytes)
Event: 2.020 Thread 0x0000020e1b350060 nmethod 2385 0x0000020e086b5b10 code [0x0000020e086b5ce0, 0x0000020e086b60e0]
Event: 2.025 Thread 0x0000020e1b350060 2386       3       com.sun.crypto.provider.GHASH::processBlocks (26 bytes)
Event: 2.026 Thread 0x0000020e1b350060 nmethod 2386 0x0000020e086b6310 code [0x0000020e086b64c0, 0x0000020e086b66b8]

GC Heap History (4 events):
Event: 1.012 GC heap before
{Heap before GC invocations=0 (full 0):
 garbage-first heap   total reserved 2074624K, committed 131072K, used 14336K [0x0000000081600000, 0x0000000100000000)
  region size 1024K, 14 young (14336K), 0 survivors (0K)
 Metaspace       used 11523K, committed 11776K, reserved 1114112K
  class space    used 1421K, committed 1536K, reserved 1048576K
}
Event: 1.021 GC heap after
{Heap after GC invocations=1 (full 0):
 garbage-first heap   total reserved 2074624K, committed 131072K, used 4512K [0x0000000081600000, 0x0000000100000000)
  region size 1024K, 2 young (2048K), 2 survivors (2048K)
 Metaspace       used 11523K, committed 11776K, reserved 1114112K
  class space    used 1421K, committed 1536K, reserved 1048576K
}
Event: 1.456 GC heap before
{Heap before GC invocations=1 (full 0):
 garbage-first heap   total reserved 2074624K, committed 131072K, used 17824K [0x0000000081600000, 0x0000000100000000)
  region size 1024K, 16 young (16384K), 2 survivors (2048K)
 Metaspace       used 13558K, committed 13824K, reserved 1114112K
  class space    used 1604K, committed 1728K, reserved 1048576K
}
Event: 1.464 GC heap after
{Heap after GC invocations=2 (full 0):
 garbage-first heap   total reserved 2074624K, committed 131072K, used 6255K [0x0000000081600000, 0x0000000100000000)
  region size 1024K, 2 young (2048K), 2 survivors (2048K)
 Metaspace       used 13558K, committed 13824K, reserved 1114112K
  class space    used 1604K, committed 1728K, reserved 1048576K
}

Dll operation events (12 events):
Event: 0.007 Loaded shared library C:\Program Files\Java\jdk-22\bin\java.dll
Event: 0.089 Loaded shared library C:\Program Files\Java\jdk-22\bin\jsvml.dll
Event: 0.142 Loaded shared library C:\Program Files\Java\jdk-22\bin\net.dll
Event: 0.144 Loaded shared library C:\Program Files\Java\jdk-22\bin\nio.dll
Event: 0.193 Loaded shared library C:\Program Files\Java\jdk-22\bin\zip.dll
Event: 0.205 Loaded shared library C:\Program Files\Java\jdk-22\bin\jimage.dll
Event: 0.234 Loaded shared library C:\Program Files\Java\jdk-22\bin\awt.dll
Event: 0.382 Loaded shared library C:\Program Files\Java\jdk-22\bin\freetype.dll
Event: 0.383 Loaded shared library C:\Program Files\Java\jdk-22\bin\fontmanager.dll
Event: 0.590 Loaded shared library C:\Program Files\Java\jdk-22\bin\verify.dll
Event: 1.500 Loaded shared library C:\Program Files\Java\jdk-22\bin\extnet.dll
Event: 1.741 Loaded shared library C:\Program Files\Java\jdk-22\bin\sunmscapi.dll

Deoptimization events (20 events):
Event: 2.032 Thread 0x0000020e1b73e610 DEOPT PACKING pc=0x0000020e0867f89d sp=0x00000090e90fda90
Event: 2.032 Thread 0x0000020e1b73e610 DEOPT UNPACKING pc=0x0000020e0f804e42 sp=0x00000090e90fcec0 mode 0
Event: 2.032 Thread 0x0000020e1b73e610 DEOPT PACKING pc=0x0000020e0867f89d sp=0x00000090e90fda90
Event: 2.032 Thread 0x0000020e1b73e610 DEOPT UNPACKING pc=0x0000020e0f804e42 sp=0x00000090e90fcec0 mode 0
Event: 2.032 Thread 0x0000020e1b73e610 DEOPT PACKING pc=0x0000020e0867f89d sp=0x00000090e90fda90
Event: 2.032 Thread 0x0000020e1b73e610 DEOPT UNPACKING pc=0x0000020e0f804e42 sp=0x00000090e90fcec0 mode 0
Event: 2.033 Thread 0x0000020e1b73e610 DEOPT PACKING pc=0x0000020e0867f89d sp=0x00000090e90fda90
Event: 2.033 Thread 0x0000020e1b73e610 DEOPT UNPACKING pc=0x0000020e0f804e42 sp=0x00000090e90fcec0 mode 0
Event: 2.033 Thread 0x0000020e1b73e610 DEOPT PACKING pc=0x0000020e0867f89d sp=0x00000090e90fda90
Event: 2.033 Thread 0x0000020e1b73e610 DEOPT UNPACKING pc=0x0000020e0f804e42 sp=0x00000090e90fcec0 mode 0
Event: 2.033 Thread 0x0000020e1b73e610 DEOPT PACKING pc=0x0000020e0867f89d sp=0x00000090e90fda90
Event: 2.033 Thread 0x0000020e1b73e610 DEOPT UNPACKING pc=0x0000020e0f804e42 sp=0x00000090e90fcec0 mode 0
Event: 2.034 Thread 0x0000020e1b73e610 DEOPT PACKING pc=0x0000020e0867f89d sp=0x00000090e90fda90
Event: 2.034 Thread 0x0000020e1b73e610 DEOPT UNPACKING pc=0x0000020e0f804e42 sp=0x00000090e90fcec0 mode 0
Event: 2.035 Thread 0x0000020e1b73e610 DEOPT PACKING pc=0x0000020e0867f89d sp=0x00000090e90fda90
Event: 2.035 Thread 0x0000020e1b73e610 DEOPT UNPACKING pc=0x0000020e0f804e42 sp=0x00000090e90fcec0 mode 0
Event: 2.035 Thread 0x0000020e1b73e610 DEOPT PACKING pc=0x0000020e0867f89d sp=0x00000090e90fda90
Event: 2.035 Thread 0x0000020e1b73e610 DEOPT UNPACKING pc=0x0000020e0f804e42 sp=0x00000090e90fcec0 mode 0
Event: 2.035 Thread 0x0000020e1b73e610 DEOPT PACKING pc=0x0000020e0867f89d sp=0x00000090e90fda90
Event: 2.035 Thread 0x0000020e1b73e610 DEOPT UNPACKING pc=0x0000020e0f804e42 sp=0x00000090e90fcec0 mode 0

Classes loaded (20 events):
Event: 1.952 Loading class javax/security/auth/login/Configuration
Event: 1.952 Loading class javax/security/auth/login/Configuration done
Event: 1.952 Loading class javax/security/auth/callback/Callback
Event: 1.952 Loading class javax/security/auth/callback/Callback done
Event: 1.952 Loading class sun/invoke/util/VerifyAccess$1
Event: 1.952 Loading class sun/invoke/util/VerifyAccess$1 done
Event: 1.957 Loading class sun/security/ssl/PostHandshakeContext
Event: 1.959 Loading class sun/security/ssl/PostHandshakeContext done
Event: 1.959 Loading class sun/security/ssl/NewSessionTicket$T13NewSessionTicketMessage
Event: 1.959 Loading class sun/security/ssl/NewSessionTicket$NewSessionTicketMessage
Event: 1.959 Loading class sun/security/ssl/NewSessionTicket$NewSessionTicketMessage done
Event: 1.959 Loading class sun/security/ssl/NewSessionTicket$T13NewSessionTicketMessage done
Event: 1.987 Loading class java/util/NoSuchElementException
Event: 1.987 Loading class java/util/NoSuchElementException done
Event: 1.995 Loading class java/util/TimerTask
Event: 1.995 Loading class java/util/TimerTask done
Event: 2.002 Loading class java/time/OffsetTime
Event: 2.002 Loading class java/time/OffsetTime done
Event: 2.002 Loading class java/time/OffsetDateTime
Event: 2.002 Loading class java/time/OffsetDateTime done

Classes unloaded (0 events):
No events

Classes redefined (0 events):
No events

Internal exceptions (20 events):
Event: 0.435 Thread 0x0000020e7ef17340 Exception <a 'java/lang/ClassNotFoundException'{0x00000000890a53a8}: RootPane> (0x00000000890a53a8) 
thrown [s\open\src\hotspot\share\classfile\systemDictionary.cpp, line 313]
Event: 0.438 Thread 0x0000020e7ef17340 Exception <a 'java/lang/ClassNotFoundException'{0x00000000890a8138}: com/sun/swing/internal/plaf/metal/resources/spi/metalProvider> (0x00000000890a8138) 
thrown [s\open\src\hotspot\share\classfile\systemDictionary.cpp, line 313]
Event: 0.439 Thread 0x0000020e7ef17340 Exception <a 'java/lang/ClassNotFoundException'{0x00000000890abe38}: com/sun/swing/internal/plaf/basic/resources/spi/basicProvider> (0x00000000890abe38) 
thrown [s\open\src\hotspot\share\classfile\systemDictionary.cpp, line 313]
Event: 0.470 Thread 0x0000020e1b73e610 Exception <a 'java/lang/ClassNotFoundException'{0x0000000088f5bbf0}: com/sun/swing/internal/plaf/synth/resources/spi/synthProvider> (0x0000000088f5bbf0) 
thrown [s\open\src\hotspot\share\classfile\systemDictionary.cpp, line 313]
Event: 0.495 Thread 0x0000020e1b73e610 Exception <a 'java/lang/NoSuchMethodError'{0x0000000088f9f478}: 'int java.lang.invoke.Invokers$Holder.invokeExact_MT(java.lang.Object, java.lang.Object)'> (0x0000000088f9f478) 
thrown [s\open\src\hotspot\share\interpreter\linkResolver.cpp, line 774]
Event: 0.510 Thread 0x0000020e1b73e610 Exception <a 'java/lang/NoSuchMethodError'{0x0000000088faeac0}: 'java.lang.Object java.lang.invoke.DirectMethodHandle$Holder.newInvokeSpecial(java.lang.Object, java.lang.Object, int)'> (0x0000000088faeac0) 
thrown [s\open\src\hotspot\share\interpreter\linkResolver.cpp, line 774]
Event: 0.511 Thread 0x0000020e1b73e610 Exception <a 'java/lang/NoSuchMethodError'{0x0000000088fb3b80}: 'int java.lang.invoke.DirectMethodHandle$Holder.invokeSpecial(java.lang.Object, java.lang.Object, java.lang.Object, int)'> (0x0000000088fb3b80) 
thrown [s\open\src\hotspot\share\interpreter\linkResolver.cpp, line 774]
Event: 0.513 Thread 0x0000020e1b73e610 Exception <a 'java/lang/NoSuchMethodError'{0x0000000088fc6538}: 'java.lang.Object java.lang.invoke.DirectMethodHandle$Holder.invokeStatic(java.lang.Object, java.lang.Object, java.lang.Object, java.lang.Object, int)'> (0x0000000088fc6538) 
thrown [s\open\src\hotspot\share\interpreter\linkResolver.cpp, line 774]
Event: 0.514 Thread 0x0000020e1b73e610 Exception <a 'java/lang/NoSuchMethodError'{0x0000000088fd1ee8}: 'int java.lang.invoke.DirectMethodHandle$Holder.invokeSpecial(java.lang.Object, java.lang.Object, java.lang.Object)'> (0x0000000088fd1ee8) 
thrown [s\open\src\hotspot\share\interpreter\linkResolver.cpp, line 774]
Event: 0.829 Thread 0x0000020e61865b90 Exception <a 'java/lang/NoSuchMethodError'{0x0000000088a5b920}: 'java.lang.Object java.lang.invoke.DirectMethodHandle$Holder.newInvokeSpecial(java.lang.Object, java.lang.Object, java.lang.Object, int, int, int, int, int)'> (0x0000000088a5b920) 
thrown [s\open\src\hotspot\share\interpreter\linkResolver.cpp, line 774]
Event: 0.870 Thread 0x0000020e1b73e610 Exception <a 'java/lang/NoSuchMethodError'{0x0000000088a3f638}: 'void java.lang.invoke.DirectMethodHandle$Holder.invokeStaticInit(java.lang.Object)'> (0x0000000088a3f638) 
thrown [s\open\src\hotspot\share\interpreter\linkResolver.cpp, line 774]
Event: 1.268 Thread 0x0000020e1b6a6090 Exception <a 'java/lang/NoSuchMethodError'{0x0000000088cea608}: 'void java.lang.invoke.DirectMethodHandle$Holder.invokeVirtual(java.lang.Object, java.lang.Object)'> (0x0000000088cea608) 
thrown [s\open\src\hotspot\share\interpreter\linkResolver.cpp, line 774]
Event: 1.296 Thread 0x0000020e1b73e610 Exception <a 'java/lang/NoSuchMethodError'{0x0000000088b2cc20}: 'void java.lang.invoke.DirectMethodHandle$Holder.invokeStatic(java.lang.Object, java.lang.Object)'> (0x0000000088b2cc20) 
thrown [s\open\src\hotspot\share\interpreter\linkResolver.cpp, line 774]
Event: 1.339 Thread 0x0000020e1b73e610 Exception <a 'java/lang/NoSuchMethodError'{0x0000000088bf2f20}: 'java.lang.Object java.lang.invoke.DirectMethodHandle$Holder.invokeInterface(java.lang.Object, java.lang.Object)'> (0x0000000088bf2f20) 
thrown [s\open\src\hotspot\share\interpreter\linkResolver.cpp, line 774]
Event: 1.369 Thread 0x0000020e1b73e610 Exception <a 'java/lang/NoSuchMethodError'{0x0000000088a6a078}: 'void java.lang.invoke.DirectMethodHandle$Holder.invokeStatic(java.lang.Object, java.lang.Object, java.lang.Object)'> (0x0000000088a6a078) 
thrown [s\open\src\hotspot\share\interpreter\linkResolver.cpp, line 774]
Event: 1.371 Thread 0x0000020e1b73e610 Exception <a 'java/lang/NoSuchMethodError'{0x0000000088a72ff0}: 'java.lang.Object java.lang.invoke.DirectMethodHandle$Holder.invokeVirtual(java.lang.Object, java.lang.Object, java.lang.Object)'> (0x0000000088a72ff0) 
thrown [s\open\src\hotspot\share\interpreter\linkResolver.cpp, line 774]
Event: 1.566 Thread 0x0000020e1b73e610 Exception <a 'java/lang/NoSuchMethodError'{0x0000000089396510}: 'void java.lang.invoke.DirectMethodHandle$Holder.invokeStaticInit(java.lang.Object, java.lang.Object)'> (0x0000000089396510) 
thrown [s\open\src\hotspot\share\interpreter\linkResolver.cpp, line 774]
Event: 1.640 Thread 0x0000020e1b73e610 Exception <a 'sun/nio/fs/WindowsException'{0x00000000892c14e0}> (0x00000000892c14e0) 
thrown [s\open\src\hotspot\share\prims\jni.cpp, line 520]
Event: 1.689 Thread 0x0000020e1b73e610 Exception <a 'java/lang/NoSuchMethodError'{0x00000000891679f8}: 'java.lang.Object java.lang.invoke.DirectMethodHandle$Holder.invokeStaticInit(java.lang.Object, int, int, int, int)'> (0x00000000891679f8) 
thrown [s\open\src\hotspot\share\interpreter\linkResolver.cpp, line 774]
Event: 1.720 Thread 0x0000020e1b73e610 Exception <a 'java/lang/NoSuchMethodError'{0x00000000890293f0}: 'java.lang.Object java.lang.invoke.DirectMethodHandle$Holder.invokeStaticInit(java.lang.Object, java.lang.Object, int, int, int, int)'> (0x00000000890293f0) 
thrown [s\open\src\hotspot\share\interpreter\linkResolver.cpp, line 774]

ZGC Phase Switch (0 events):
No events

VM Operations (20 events):
Event: 1.012 Executing VM operation: G1CollectForAllocation (G1 Evacuation Pause)
Event: 1.021 Executing VM operation: G1CollectForAllocation (G1 Evacuation Pause) done
Event: 1.313 Executing VM operation: HandshakeAllThreads (Deoptimize)
Event: 1.314 Executing VM operation: HandshakeAllThreads (Deoptimize) done
Event: 1.456 Executing VM operation: G1CollectForAllocation (G1 Evacuation Pause)
Event: 1.464 Executing VM operation: G1CollectForAllocation (G1 Evacuation Pause) done
Event: 1.498 Executing VM operation: HandshakeAllThreads (Deoptimize)
Event: 1.498 Executing VM operation: HandshakeAllThreads (Deoptimize) done
Event: 1.545 Executing VM operation: HandshakeAllThreads (Deoptimize)
Event: 1.545 Executing VM operation: HandshakeAllThreads (Deoptimize) done
Event: 1.573 Executing VM operation: HandshakeAllThreads (Deoptimize)
Event: 1.573 Executing VM operation: HandshakeAllThreads (Deoptimize) done
Event: 1.620 Executing VM operation: HandshakeAllThreads (Deoptimize)
Event: 1.620 Executing VM operation: HandshakeAllThreads (Deoptimize) done
Event: 1.643 Executing VM operation: HandshakeAllThreads (Deoptimize)
Event: 1.643 Executing VM operation: HandshakeAllThreads (Deoptimize) done
Event: 1.649 Executing VM operation: HandshakeAllThreads (Deoptimize)
Event: 1.649 Executing VM operation: HandshakeAllThreads (Deoptimize) done
Event: 1.918 Executing VM operation: HandshakeAllThreads (Deoptimize)
Event: 1.918 Executing VM operation: HandshakeAllThreads (Deoptimize) done

Events (20 events):
Event: 0.086 Thread 0x0000020e7fcb8010 Thread added: 0x0000020e7fcb8010
Event: 0.086 Thread 0x0000020e7fcbaf40 Thread added: 0x0000020e7fcbaf40
Event: 0.087 Thread 0x0000020e7fcc0d20 Thread added: 0x0000020e7fcc0d20
Event: 0.087 Thread 0x0000020e7fcc47a0 Thread added: 0x0000020e7fcc47a0
Event: 0.087 Thread 0x0000020e7fcc5200 Thread added: 0x0000020e7fcc5200
Event: 0.087 Thread 0x0000020e7fcc5c60 Thread added: 0x0000020e7fcc5c60
Event: 0.087 Thread 0x0000020e7fcc69f0 Thread added: 0x0000020e7fcc69f0
Event: 0.093 Thread 0x0000020e1b350060 Thread added: 0x0000020e1b350060
Event: 0.128 Thread 0x0000020e1b3924f0 Thread added: 0x0000020e1b3924f0
Event: 0.180 Thread 0x0000020e1b51e530 Thread added: 0x0000020e1b51e530
Event: 0.184 Thread 0x0000020e1b5217f0 Thread added: 0x0000020e1b5217f0
Event: 0.300 Thread 0x0000020e1b5577b0 Thread added: 0x0000020e1b5577b0
Event: 0.301 Thread 0x0000020e1b6a2ff0 Thread added: 0x0000020e1b6a2ff0
Event: 0.302 Thread 0x0000020e1b6a6090 Thread added: 0x0000020e1b6a6090
Event: 0.457 Thread 0x0000020e1b73e610 Thread added: 0x0000020e1b73e610
Event: 0.457 Thread 0x0000020e7ef17340 Thread exited: 0x0000020e7ef17340
Event: 0.457 Thread 0x0000020e7ef17340 Thread added: 0x0000020e7ef17340
Event: 0.733 Thread 0x0000020e61599680 Thread added: 0x0000020e61599680
Event: 0.825 Thread 0x0000020e61865b90 Thread added: 0x0000020e61865b90
Event: 1.297 Thread 0x0000020e61767150 Thread added: 0x0000020e61767150


Dynamic libraries:
0x00007ff6640c0000 - 0x00007ff6640d0000 	C:\Program Files\Java\jdk-22\bin\java.exe
0x00007ffeb9230000 - 0x00007ffeb9425000 	C:\Windows\SYSTEM32\ntdll.dll
0x00007ffeb72f0000 - 0x00007ffeb73ae000 	C:\Windows\System32\KERNEL32.DLL
0x00007ffeb6b70000 - 0x00007ffeb6e38000 	C:\Windows\System32\KERNELBASE.dll
0x00007ffeb6ef0000 - 0x00007ffeb6ff0000 	C:\Windows\System32\ucrtbase.dll
0x00007ffeae870000 - 0x00007ffeae887000 	C:\Program Files\Java\jdk-22\bin\jli.dll
0x00007ffeb8750000 - 0x00007ffeb87fc000 	C:\Windows\System32\ADVAPI32.dll
0x00007ffeb7fb0000 - 0x00007ffeb804e000 	C:\Windows\System32\msvcrt.dll
0x00007ffeb8050000 - 0x00007ffeb80eb000 	C:\Windows\System32\sechost.dll
0x00007ffeb80f0000 - 0x00007ffeb821a000 	C:\Windows\System32\RPCRT4.dll
0x00007ffeb7a90000 - 0x00007ffeb7c31000 	C:\Windows\System32\USER32.dll
0x00007ffeb6b40000 - 0x00007ffeb6b62000 	C:\Windows\System32\win32u.dll
0x00007ffeb8720000 - 0x00007ffeb874b000 	C:\Windows\System32\GDI32.dll
0x00007ffeb6a30000 - 0x00007ffeb6b3d000 	C:\Windows\System32\gdi32full.dll
0x00007ffeb7070000 - 0x00007ffeb710d000 	C:\Windows\System32\msvcp_win.dll
0x00007ffeaefe0000 - 0x00007ffeaeffb000 	C:\Program Files\Java\jdk-22\bin\VCRUNTIME140.dll
0x00007ffea6aa0000 - 0x00007ffea6d3a000 	C:\Windows\WinSxS\amd64_microsoft.windows.common-controls_6595b64144ccf1df_6.0.19041.1110_none_60b5254171f9507e\COMCTL32.dll
0x00007ffea5bf0000 - 0x00007ffea5bfa000 	C:\Windows\SYSTEM32\VERSION.dll
0x00007ffeb75b0000 - 0x00007ffeb75e0000 	C:\Windows\System32\IMM32.DLL
0x00007ffeb25a0000 - 0x00007ffeb25ac000 	C:\Program Files\Java\jdk-22\bin\vcruntime140_1.dll
0x00007ffea7270000 - 0x00007ffea72fe000 	C:\Program Files\Java\jdk-22\bin\msvcp140.dll
0x00007ffe7d9a0000 - 0x00007ffe7e6e7000 	C:\Program Files\Java\jdk-22\bin\server\jvm.dll
0x00007ffeb7a20000 - 0x00007ffeb7a8b000 	C:\Windows\System32\WS2_32.dll
0x00007ffeb5f00000 - 0x00007ffeb5f4b000 	C:\Windows\SYSTEM32\POWRPROF.dll
0x00007ffea5b60000 - 0x00007ffea5b87000 	C:\Windows\SYSTEM32\WINMM.dll
0x00007ffeb5d70000 - 0x00007ffeb5d82000 	C:\Windows\SYSTEM32\UMPDC.dll
0x00007ffeb49e0000 - 0x00007ffeb49f2000 	C:\Windows\SYSTEM32\kernel.appcore.dll
0x00007ffeb2500000 - 0x00007ffeb250a000 	C:\Program Files\Java\jdk-22\bin\jimage.dll
0x00007ffea9bf0000 - 0x00007ffea9dd4000 	C:\Windows\SYSTEM32\DBGHELP.DLL
0x00007ffea90a0000 - 0x00007ffea90cc000 	C:\Windows\SYSTEM32\dbgcore.DLL
0x00007ffeb6940000 - 0x00007ffeb69c2000 	C:\Windows\System32\bcryptPrimitives.dll
0x00007ffeae980000 - 0x00007ffeae99e000 	C:\Program Files\Java\jdk-22\bin\java.dll
0x00007ffeb88d0000 - 0x00007ffeb9014000 	C:\Windows\System32\SHELL32.dll
0x00007ffeb78f0000 - 0x00007ffeb7a1a000 	C:\Windows\System32\ole32.dll
0x00007ffeb7c40000 - 0x00007ffeb7f95000 	C:\Windows\System32\combase.dll
0x00007ffeb4be0000 - 0x00007ffeb5374000 	C:\Windows\SYSTEM32\windows.storage.dll
0x00007ffeb6390000 - 0x00007ffeb63be000 	C:\Windows\SYSTEM32\Wldp.dll
0x00007ffeb73b0000 - 0x00007ffeb745d000 	C:\Windows\System32\SHCORE.dll
0x00007ffeb7460000 - 0x00007ffeb74b5000 	C:\Windows\System32\shlwapi.dll
0x00007ffeb6880000 - 0x00007ffeb689f000 	C:\Windows\SYSTEM32\profapi.dll
0x00007ffea6f10000 - 0x00007ffea6fe7000 	C:\Program Files\Java\jdk-22\bin\jsvml.dll
0x00007ffeb1f30000 - 0x00007ffeb1f40000 	C:\Program Files\Java\jdk-22\bin\net.dll
0x00007ffeb60f0000 - 0x00007ffeb615a000 	C:\Windows\system32\mswsock.dll
0x00007ffeae8e0000 - 0x00007ffeae8f6000 	C:\Program Files\Java\jdk-22\bin\nio.dll
0x00007ffeae7f0000 - 0x00007ffeae807000 	C:\Program Files\Java\jdk-22\bin\zip.dll
0x00007ffe88090000 - 0x00007ffe8821e000 	C:\Program Files\Java\jdk-22\bin\awt.dll
0x00007ffeb8800000 - 0x00007ffeb88cd000 	C:\Windows\System32\OLEAUT32.dll
0x00007ffeb4420000 - 0x00007ffeb44b0000 	C:\Windows\SYSTEM32\apphelp.dll
0x00007ffeb4510000 - 0x00007ffeb45ae000 	C:\Windows\system32\uxtheme.dll
0x00007ffeb90d0000 - 0x00007ffeb91e5000 	C:\Windows\System32\MSCTF.dll
0x00007ffeb48d0000 - 0x00007ffeb48ff000 	C:\Windows\system32\DWMAPI.DLL
0x00007ffea0160000 - 0x00007ffea01e7000 	C:\Program Files\Java\jdk-22\bin\freetype.dll
0x00007ffe87fb0000 - 0x00007ffe88087000 	C:\Program Files\Java\jdk-22\bin\fontmanager.dll
0x00007ffe8e530000 - 0x00007ffe8e655000 	C:\Windows\system32\opengl32.dll
0x00007ffe8e500000 - 0x00007ffe8e52c000 	C:\Windows\SYSTEM32\GLU32.dll
0x00007ffeaf950000 - 0x00007ffeaf960000 	C:\Program Files\Java\jdk-22\bin\verify.dll
0x00007ffeb9020000 - 0x00007ffeb90c9000 	C:\Windows\System32\clbcatq.dll
0x00007ffeb0620000 - 0x00007ffeb07d4000 	C:\Windows\SYSTEM32\WindowsCodecs.dll
0x00007ffeb6ff0000 - 0x00007ffeb7017000 	C:\Windows\System32\bcrypt.dll
0x00007ffe8e170000 - 0x00007ffe8e1ae000 	C:\Windows\system32\dataexchange.dll
0x00007ffeb2820000 - 0x00007ffeb2a84000 	C:\Windows\system32\d3d11.dll
0x00007ffeb37a0000 - 0x00007ffeb3985000 	C:\Windows\system32\dcomp.dll
0x00007ffeb53e0000 - 0x00007ffeb54d4000 	C:\Windows\system32\dxgi.dll
0x00007ffeb0080000 - 0x00007ffeb0281000 	C:\Windows\system32\twinapi.appcore.dll
0x00007ffeb5de0000 - 0x00007ffeb5eab000 	C:\Windows\SYSTEM32\DNSAPI.dll
0x00007ffeb5d90000 - 0x00007ffeb5dcb000 	C:\Windows\SYSTEM32\IPHLPAPI.DLL
0x00007ffeb75e0000 - 0x00007ffeb75e8000 	C:\Windows\System32\NSI.dll
0x00007ffeb0290000 - 0x00007ffeb029a000 	C:\Windows\System32\rasadhlp.dll
0x00007ffeafb00000 - 0x00007ffeafb7f000 	C:\Windows\System32\fwpuclnt.dll
0x00007ffeaf670000 - 0x00007ffeaf679000 	C:\Program Files\Java\jdk-22\bin\extnet.dll
0x00007ffeb62e0000 - 0x00007ffeb62f8000 	C:\Windows\SYSTEM32\CRYPTSP.dll
0x00007ffeb5bb0000 - 0x00007ffeb5be4000 	C:\Windows\system32\rsaenh.dll
0x00007ffeb6800000 - 0x00007ffeb682e000 	C:\Windows\SYSTEM32\USERENV.dll
0x00007ffeb6300000 - 0x00007ffeb630c000 	C:\Windows\SYSTEM32\CRYPTBASE.dll
0x00007ffeae860000 - 0x00007ffeae86e000 	C:\Program Files\Java\jdk-22\bin\sunmscapi.dll
0x00007ffeb7110000 - 0x00007ffeb7266000 	C:\Windows\System32\CRYPT32.dll
0x00007ffeb6400000 - 0x00007ffeb6427000 	C:\Windows\SYSTEM32\ncrypt.dll
0x00007ffeb63c0000 - 0x00007ffeb63fb000 	C:\Windows\SYSTEM32\NTASN1.dll
0x00007ffeaaa60000 - 0x00007ffeaab59000 	C:\Windows\SYSTEM32\textinputframework.dll
0x00007ffeb3d60000 - 0x00007ffeb40be000 	C:\Windows\System32\CoreUIComponents.dll
0x00007ffeb40c0000 - 0x00007ffeb41b2000 	C:\Windows\System32\CoreMessaging.dll
0x00007ffeb57e0000 - 0x00007ffeb5813000 	C:\Windows\SYSTEM32\ntmarta.dll
0x00007ffeb3640000 - 0x00007ffeb3794000 	C:\Windows\SYSTEM32\wintypes.dll

dbghelp: loaded successfully - version: 4.0.5 - missing functions: none
symbol engine: initialized successfully - sym options: 0x614 - pdb path: .;C:\Program Files\Java\jdk-22\bin;C:\Windows\SYSTEM32;C:\Windows\WinSxS\amd64_microsoft.windows.common-controls_6595b64144ccf1df_6.0.19041.1110_none_60b5254171f9507e;C:\Program Files\Java\jdk-22\bin\server

VM Arguments:
jvm_args: -Dfile.encoding=UTF-8 --enable-preview --module-path=D:\IT\Java\SchoolManagementSystem\build\classes 
java_command: Student
java_class_path (initial): D:\IT\Java\SchoolManagementSystem\src\jar\mysql-connector-java-8.0.28.jar;D:\IT\Java\SchoolManagementSystem\src\jar\jcalendar-tz-1.3.3-4.jar;C:\Program Files\NetBeans-22\netbeans\java\modules\ext\AbsoluteLayout.jar;D:\IT\Java\SchoolManagementSystem\build\classes
Launcher Type: SUN_STANDARD

[Global flags]
     intx CICompilerCount                          = 3                                         {product} {ergonomic}
     uint ConcGCThreads                            = 1                                         {product} {ergonomic}
     uint G1ConcRefinementThreads                  = 4                                         {product} {ergonomic}
   size_t G1HeapRegionSize                         = 1048576                                   {product} {ergonomic}
   size_t InitialHeapSize                          = 134217728                                 {product} {ergonomic}
   size_t MarkStackSize                            = 4194304                                   {product} {ergonomic}
   size_t MaxHeapSize                              = 2124414976                                {product} {ergonomic}
   size_t MaxNewSize                               = 1274019840                                {product} {ergonomic}
   size_t MinHeapDeltaBytes                        = 1048576                                   {product} {ergonomic}
   size_t MinHeapSize                              = 8388608                                   {product} {ergonomic}
    uintx NonNMethodCodeHeapSize                   = 5832780                                {pd product} {ergonomic}
    uintx NonProfiledCodeHeapSize                  = 122912730                              {pd product} {ergonomic}
    uintx ProfiledCodeHeapSize                     = 122912730                              {pd product} {ergonomic}
    uintx ReservedCodeCacheSize                    = 251658240                              {pd product} {ergonomic}
     bool SegmentedCodeCache                       = true                                      {product} {ergonomic}
   size_t SoftMaxHeapSize                          = 2124414976                             {manageable} {ergonomic}
     bool UseCompressedOops                        = true                           {product lp64_product} {ergonomic}
     bool UseG1GC                                  = true                                      {product} {ergonomic}
     bool UseLargePagesIndividualAllocation        = false                                  {pd product} {ergonomic}

Logging:
Log output configuration:
 #0: stdout all=warning uptime,level,tags foldmultilines=false
 #1: stderr all=off uptime,level,tags foldmultilines=false

Environment Variables:
PATH=C:\Program Files\Common Files\Oracle\Java\javapath;C:\Program Files (x86)\Common Files\Oracle\Java\java8path;C:\Program Files (x86)\Common Files\Oracle\Java\javapath;C:\Windows\system32;C:\Windows;C:\Windows\System32\Wbem;C:\Windows\System32\WindowsPowerShell\v1.0\;C:\Windows\System32\OpenSSH\;C:\Program Files\dotnet\;C:\Program Files\Microsoft SQL Server\Client SDK\ODBC\170\Tools\Binn\;C:\Program Files (x86)\Microsoft SQL Server\150\Tools\Binn\;C:\Program Files\Microsoft SQL Server\150\Tools\Binn\;C:\Program Files\Microsoft SQL Server\150\DTS\Binn\;C:\Program Files (x86)\Microsoft SQL Server\150\DTS\Binn\;C:\Program Files\Git\cmd;C:\Program Files\MySQL\MySQL Shell 8.0\bin\;C:\Users\Admin\AppData\Local\Microsoft\WindowsApps;C:\Users\Admin\.dotnet\tools;C:\Program Files\JetBrains\IntelliJ IDEA 2024.1.2\bin;
USERNAME=Admin
OS=Windows_NT
PROCESSOR_IDENTIFIER=Intel64 Family 6 Model 60 Stepping 3, GenuineIntel
TMP=C:\Users\Admin\AppData\Local\Temp
TEMP=C:\Users\Admin\AppData\Local\Temp




Periodic native trim disabled

---------------  S Y S T E M  ---------------

OS:
 Windows 10 , 64 bit Build 19041 (10.0.19041.1348)
OS uptime: 0 days 17:31 hours

CPU: total 4 (initial active 4) (2 cores per cpu, 2 threads per core) family 6 model 60 stepping 3 microcode 0x27, cx8, cmov, fxsr, ht, mmx, sse, sse2, sse3, ssse3, sse4.1, sse4.2, popcnt, lzcnt, tsc, tscinvbit, avx, avx2, aes, erms, clmul, bmi1, bmi2, fma, vzeroupper, clflush, rdtscp, f16c
Processor Information for all 4 processors :
  Max Mhz: 3001, Current Mhz: 3001, Mhz Limit: 3001

Memory: 4k page, system-wide physical 8097M (2515M free)
TotalPageFile size 8097M (AvailPageFile size 9M)
current process WorkingSet (physical memory assigned to process): 124M, peak: 124M
current process commit charge ("private bytes"): 256M, peak: 256M

vm_info: Java HotSpot(TM) 64-Bit Server VM (22.0.1+8-16) for windows-amd64 JRE (22.0.1+8-16), built on 2024-03-12T10:33:16Z by "mach5one" with MS VC++ 17.6 (VS2022)

END.
