#
# There is insufficient memory for the Java Runtime Environment to continue.
# Native memory allocation (malloc) failed to allocate 148416 bytes. Error detail: Chunk::new
# Possible reasons:
#   The system is out of physical RAM or swap space
#   This process is running with CompressedOops enabled, and the Java Heap may be blocking the growth of the native heap
# Possible solutions:
#   Reduce memory load on the system
#   Increase physical memory or swap space
#   Check if swap backing store is full
#   Decrease Java heap size (-Xmx/-Xms)
#   Decrease number of Java threads
#   Decrease Java thread stack sizes (-Xss)
#   Set larger code cache with -XX:ReservedCodeCacheSize=
#   JVM is running with Unscaled Compressed Oops mode in which the Java heap is
#     placed in the first 4GB address space. The Java Heap base address is the
#     maximum limit for the native heap growth. Please use -XX:HeapBaseMinAddress
#     to set the Java Heap base and to place the Java Heap above 4GB virtual address.
# This output file may be truncated or incomplete.
#
#  Out of Memory Error (arena.cpp:150), pid=3944, tid=2352
#
# JRE version: Java(TM) SE Runtime Environment (22.0.1+8) (build 22.0.1+8-16)
# Java VM: Java HotSpot(TM) 64-Bit Server VM (22.0.1+8-16, mixed mode, sharing, tiered, compressed oops, compressed class ptrs, g1 gc, windows-amd64)
# No core dump will be written. Minidumps are not enabled by default on client versions of Windows
#

---------------  S U M M A R Y ------------

Command Line: -Dfile.encoding=UTF-8 --enable-preview --module-path=D:\IT\Java\SchoolManagementSystem\build\classes Main

Host: Intel(R) Core(TM) i7-4610M CPU @ 3.00GHz, 4 cores, 7G,  Windows 10 , 64 bit Build 19041 (10.0.19041.1348)
Time: Sat Jul 13 18:41:31 2024 SE Asia Standard Time elapsed time: 0.365384 seconds (0d 0h 0m 0s)

---------------  T H R E A D  ---------------

Current thread (0x000002547ea5b9a0):  JavaThread "C2 CompilerThread0" daemon [_thread_in_native, id=2352, stack(0x000000f19b700000,0x000000f19b800000) (1024K)]


Current CompileTask:
C2:365  670       4       java.util.HashMap::put (13 bytes)

Stack: [0x000000f19b700000,0x000000f19b800000]
Native frames: (J=compiled Java code, j=interpreted, Vv=VM code, C=native code)
V  [jvm.dll+0x6e2279]  (no source info available)
V  [jvm.dll+0x874e33]  (no source info available)
V  [jvm.dll+0x87725e]  (no source info available)
V  [jvm.dll+0x877933]  (no source info available)
V  [jvm.dll+0x27fd76]  (no source info available)
V  [jvm.dll+0xc3d0f]  (no source info available)
V  [jvm.dll+0xc3f6b]  (no source info available)
V  [jvm.dll+0x2f3c2f]  (no source info available)
V  [jvm.dll+0x60bc9a]  (no source info available)
V  [jvm.dll+0x250db2]  (no source info available)
V  [jvm.dll+0x2493c6]  (no source info available)
V  [jvm.dll+0x246ec6]  (no source info available)
V  [jvm.dll+0x1c4e90]  (no source info available)
V  [jvm.dll+0x2569fe]  (no source info available)
V  [jvm.dll+0x254cba]  (no source info available)
V  [jvm.dll+0x3f5336]  (no source info available)
V  [jvm.dll+0x81d44b]  (no source info available)
V  [jvm.dll+0x6e0915]  (no source info available)
C  [ucrtbase.dll+0x21bb2]  (no source info available)
C  [KERNEL32.DLL+0x17034]  (no source info available)
C  [ntdll.dll+0x52651]  (no source info available)


---------------  P R O C E S S  ---------------

Threads class SMR info:
_java_thread_list=0x00000254544d7070, length=16, elements={
0x000002547ea46a10, 0x000002547ea49740, 0x000002547ea53950, 0x000002547ea573e0,
0x000002547ea57e40, 0x000002547ea588a0, 0x000002547ea5b9a0, 0x000002547ea65d80,
0x000002547eabe770, 0x00000254542384b0, 0x00000254542dbf90, 0x000002545432b890,
0x000002545432e720, 0x0000025454485520, 0x000002545450de70, 0x0000025471a87610
}

Java Threads: ( => current thread )
  0x000002547ea46a10 JavaThread "Reference Handler"          daemon [_thread_blocked, id=10068, stack(0x000000f19b100000,0x000000f19b200000) (1024K)]
  0x000002547ea49740 JavaThread "Finalizer"                  daemon [_thread_blocked, id=7084, stack(0x000000f19b200000,0x000000f19b300000) (1024K)]
  0x000002547ea53950 JavaThread "Signal Dispatcher"          daemon [_thread_blocked, id=8432, stack(0x000000f19b300000,0x000000f19b400000) (1024K)]
  0x000002547ea573e0 JavaThread "Attach Listener"            daemon [_thread_blocked, id=9652, stack(0x000000f19b400000,0x000000f19b500000) (1024K)]
  0x000002547ea57e40 JavaThread "Service Thread"             daemon [_thread_blocked, id=4752, stack(0x000000f19b500000,0x000000f19b600000) (1024K)]
  0x000002547ea588a0 JavaThread "Monitor Deflation Thread"   daemon [_thread_blocked, id=848, stack(0x000000f19b600000,0x000000f19b700000) (1024K)]
=>0x000002547ea5b9a0 JavaThread "C2 CompilerThread0"         daemon [_thread_in_native, id=2352, stack(0x000000f19b700000,0x000000f19b800000) (1024K)]
  0x000002547ea65d80 JavaThread "C1 CompilerThread0"         daemon [_thread_blocked, id=7588, stack(0x000000f19b800000,0x000000f19b900000) (1024K)]
  0x000002547eabe770 JavaThread "Common-Cleaner"             daemon [_thread_blocked, id=8844, stack(0x000000f19b900000,0x000000f19ba00000) (1024K)]
  0x00000254542384b0 JavaThread "C2 CompilerThread1"         daemon [_thread_in_native, id=3896, stack(0x000000f19ba00000,0x000000f19bb00000) (1024K)]
  0x00000254542dbf90 JavaThread "Notification Thread"        daemon [_thread_blocked, id=8320, stack(0x000000f19bb00000,0x000000f19bc00000) (1024K)]
  0x000002545432b890 JavaThread "Java2D Disposer"            daemon [_thread_blocked, id=6904, stack(0x000000f19bc00000,0x000000f19bd00000) (1024K)]
  0x000002545432e720 JavaThread "AWT-Shutdown"                      [_thread_blocked, id=7096, stack(0x000000f19bd00000,0x000000f19be00000) (1024K)]
  0x0000025454485520 JavaThread "AWT-Windows"                daemon [_thread_in_native, id=8392, stack(0x000000f19be00000,0x000000f19bf00000) (1024K)]
  0x000002545450de70 JavaThread "AWT-EventQueue-0"                  [_thread_in_vm, id=9288, stack(0x000000f19bf00000,0x000000f19c000000) (1024K)]
  0x0000025471a87610 JavaThread "DestroyJavaVM"                     [_thread_blocked, id=10152, stack(0x000000f19a900000,0x000000f19aa00000) (1024K)]
Total: 16

Other Threads:
  0x000002547ea302b0 VMThread "VM Thread"                           [id=524, stack(0x000000f19b000000,0x000000f19b100000) (1024K)]
  0x000002547ea18120 WatcherThread "VM Periodic Task Thread"        [id=9676, stack(0x000000f19af00000,0x000000f19b000000) (1024K)]
  0x0000025471ada350 WorkerThread "GC Thread#0"                     [id=10804, stack(0x000000f19aa00000,0x000000f19ab00000) (1024K)]
  0x0000025471aec960 ConcurrentGCThread "G1 Main Marker"            [id=6248, stack(0x000000f19ab00000,0x000000f19ac00000) (1024K)]
  0x0000025471aedb20 WorkerThread "G1 Conc#0"                       [id=5112, stack(0x000000f19ac00000,0x000000f19ad00000) (1024K)]
  0x0000025471b5e170 ConcurrentGCThread "G1 Refine#0"               [id=4584, stack(0x000000f19ad00000,0x000000f19ae00000) (1024K)]
  0x000002547e8d70d0 ConcurrentGCThread "G1 Service"                [id=7744, stack(0x000000f19ae00000,0x000000f19af00000) (1024K)]
Total: 7

Threads with active compile tasks:
C2 CompilerThread0  396  670       4       java.util.HashMap::put (13 bytes)
C2 CompilerThread1  396  680       4       java.util.HashMap::getNode (150 bytes)
Total: 2

VM state: not at safepoint (normal execution)

VM Mutex/Monitor currently owned by a thread: None

Heap address: 0x0000000081600000, size: 2026 MB, Compressed Oops mode: 32-bit

CDS archive(s) mapped at: [0x000002540f000000-0x000002540fc60000-0x000002540fc60000), size 12976128, SharedBaseAddress: 0x000002540f000000, ArchiveRelocationMode: 1.
Compressed class space mapped at: 0x0000025410000000-0x0000025450000000, reserved size: 1073741824
Narrow klass base: 0x000002540f000000, Narrow klass shift: 0, Narrow klass range: 0x41000000

GC Precious Log:
 CardTable entry size: 512
 Card Set container configuration: InlinePtr #cards 5 size 8 Array Of Cards #cards 12 size 40 Howl #buckets 4 coarsen threshold 1843 Howl Bitmap #cards 512 size 80 coarsen threshold 460 Card regions per heap region 1 cards per card region 2048
 CPUs: 4 total, 4 available
 Memory: 8097M
 Large Page Support: Disabled
 NUMA Support: Disabled
 Compressed Oops: Enabled (32-bit)
 Heap Region Size: 1M
 Heap Min Capacity: 8M
 Heap Initial Capacity: 128M
 Heap Max Capacity: 2026M
 Pre-touch: Disabled
 Parallel Workers: 4
 Concurrent Workers: 1
 Concurrent Refinement Workers: 4
 Periodic GC: Disabled

Heap:
 garbage-first heap   total reserved 2074624K, committed 131072K, used 6144K [0x0000000081600000, 0x0000000100000000)
  region size 1024K, 7 young (7168K), 0 survivors (0K)
 Metaspace       used 6168K, committed 6272K, reserved 1114112K
  class space    used 719K, committed 768K, reserved 1048576K

Heap Regions: E=young(eden), S=young(survivor), O=old, HS=humongous(starts), HC=humongous(continues), CS=collection set, F=free, TAMS=top-at-mark-start, PB=parsable bottom
|   0|0x0000000081600000, 0x0000000081600000, 0x0000000081700000|  0%| F|  |TAMS 0x0000000081600000| PB 0x0000000081600000| Untracked |  0
|   1|0x0000000081700000, 0x0000000081700000, 0x0000000081800000|  0%| F|  |TAMS 0x0000000081700000| PB 0x0000000081700000| Untracked |  0
|   2|0x0000000081800000, 0x0000000081800000, 0x0000000081900000|  0%| F|  |TAMS 0x0000000081800000| PB 0x0000000081800000| Untracked |  0
|   3|0x0000000081900000, 0x0000000081900000, 0x0000000081a00000|  0%| F|  |TAMS 0x0000000081900000| PB 0x0000000081900000| Untracked |  0
|   4|0x0000000081a00000, 0x0000000081a00000, 0x0000000081b00000|  0%| F|  |TAMS 0x0000000081a00000| PB 0x0000000081a00000| Untracked |  0
|   5|0x0000000081b00000, 0x0000000081b00000, 0x0000000081c00000|  0%| F|  |TAMS 0x0000000081b00000| PB 0x0000000081b00000| Untracked |  0
|   6|0x0000000081c00000, 0x0000000081c00000, 0x0000000081d00000|  0%| F|  |TAMS 0x0000000081c00000| PB 0x0000000081c00000| Untracked |  0
|   7|0x0000000081d00000, 0x0000000081d00000, 0x0000000081e00000|  0%| F|  |TAMS 0x0000000081d00000| PB 0x0000000081d00000| Untracked |  0
|   8|0x0000000081e00000, 0x0000000081e00000, 0x0000000081f00000|  0%| F|  |TAMS 0x0000000081e00000| PB 0x0000000081e00000| Untracked |  0
|   9|0x0000000081f00000, 0x0000000081f00000, 0x0000000082000000|  0%| F|  |TAMS 0x0000000081f00000| PB 0x0000000081f00000| Untracked |  0
|  10|0x0000000082000000, 0x0000000082000000, 0x0000000082100000|  0%| F|  |TAMS 0x0000000082000000| PB 0x0000000082000000| Untracked |  0
|  11|0x0000000082100000, 0x0000000082100000, 0x0000000082200000|  0%| F|  |TAMS 0x0000000082100000| PB 0x0000000082100000| Untracked |  0
|  12|0x0000000082200000, 0x0000000082200000, 0x0000000082300000|  0%| F|  |TAMS 0x0000000082200000| PB 0x0000000082200000| Untracked |  0
|  13|0x0000000082300000, 0x0000000082300000, 0x0000000082400000|  0%| F|  |TAMS 0x0000000082300000| PB 0x0000000082300000| Untracked |  0
|  14|0x0000000082400000, 0x0000000082400000, 0x0000000082500000|  0%| F|  |TAMS 0x0000000082400000| PB 0x0000000082400000| Untracked |  0
|  15|0x0000000082500000, 0x0000000082500000, 0x0000000082600000|  0%| F|  |TAMS 0x0000000082500000| PB 0x0000000082500000| Untracked |  0
|  16|0x0000000082600000, 0x0000000082600000, 0x0000000082700000|  0%| F|  |TAMS 0x0000000082600000| PB 0x0000000082600000| Untracked |  0
|  17|0x0000000082700000, 0x0000000082700000, 0x0000000082800000|  0%| F|  |TAMS 0x0000000082700000| PB 0x0000000082700000| Untracked |  0
|  18|0x0000000082800000, 0x0000000082800000, 0x0000000082900000|  0%| F|  |TAMS 0x0000000082800000| PB 0x0000000082800000| Untracked |  0
|  19|0x0000000082900000, 0x0000000082900000, 0x0000000082a00000|  0%| F|  |TAMS 0x0000000082900000| PB 0x0000000082900000| Untracked |  0
|  20|0x0000000082a00000, 0x0000000082a00000, 0x0000000082b00000|  0%| F|  |TAMS 0x0000000082a00000| PB 0x0000000082a00000| Untracked |  0
|  21|0x0000000082b00000, 0x0000000082b00000, 0x0000000082c00000|  0%| F|  |TAMS 0x0000000082b00000| PB 0x0000000082b00000| Untracked |  0
|  22|0x0000000082c00000, 0x0000000082c00000, 0x0000000082d00000|  0%| F|  |TAMS 0x0000000082c00000| PB 0x0000000082c00000| Untracked |  0
|  23|0x0000000082d00000, 0x0000000082d00000, 0x0000000082e00000|  0%| F|  |TAMS 0x0000000082d00000| PB 0x0000000082d00000| Untracked |  0
|  24|0x0000000082e00000, 0x0000000082e00000, 0x0000000082f00000|  0%| F|  |TAMS 0x0000000082e00000| PB 0x0000000082e00000| Untracked |  0
|  25|0x0000000082f00000, 0x0000000082f00000, 0x0000000083000000|  0%| F|  |TAMS 0x0000000082f00000| PB 0x0000000082f00000| Untracked |  0
|  26|0x0000000083000000, 0x0000000083000000, 0x0000000083100000|  0%| F|  |TAMS 0x0000000083000000| PB 0x0000000083000000| Untracked |  0
|  27|0x0000000083100000, 0x0000000083100000, 0x0000000083200000|  0%| F|  |TAMS 0x0000000083100000| PB 0x0000000083100000| Untracked |  0
|  28|0x0000000083200000, 0x0000000083200000, 0x0000000083300000|  0%| F|  |TAMS 0x0000000083200000| PB 0x0000000083200000| Untracked |  0
|  29|0x0000000083300000, 0x0000000083300000, 0x0000000083400000|  0%| F|  |TAMS 0x0000000083300000| PB 0x0000000083300000| Untracked |  0
|  30|0x0000000083400000, 0x0000000083400000, 0x0000000083500000|  0%| F|  |TAMS 0x0000000083400000| PB 0x0000000083400000| Untracked |  0
|  31|0x0000000083500000, 0x0000000083500000, 0x0000000083600000|  0%| F|  |TAMS 0x0000000083500000| PB 0x0000000083500000| Untracked |  0
|  32|0x0000000083600000, 0x0000000083600000, 0x0000000083700000|  0%| F|  |TAMS 0x0000000083600000| PB 0x0000000083600000| Untracked |  0
|  33|0x0000000083700000, 0x0000000083700000, 0x0000000083800000|  0%| F|  |TAMS 0x0000000083700000| PB 0x0000000083700000| Untracked |  0
|  34|0x0000000083800000, 0x0000000083800000, 0x0000000083900000|  0%| F|  |TAMS 0x0000000083800000| PB 0x0000000083800000| Untracked |  0
|  35|0x0000000083900000, 0x0000000083900000, 0x0000000083a00000|  0%| F|  |TAMS 0x0000000083900000| PB 0x0000000083900000| Untracked |  0
|  36|0x0000000083a00000, 0x0000000083a00000, 0x0000000083b00000|  0%| F|  |TAMS 0x0000000083a00000| PB 0x0000000083a00000| Untracked |  0
|  37|0x0000000083b00000, 0x0000000083b00000, 0x0000000083c00000|  0%| F|  |TAMS 0x0000000083b00000| PB 0x0000000083b00000| Untracked |  0
|  38|0x0000000083c00000, 0x0000000083c00000, 0x0000000083d00000|  0%| F|  |TAMS 0x0000000083c00000| PB 0x0000000083c00000| Untracked |  0
|  39|0x0000000083d00000, 0x0000000083d00000, 0x0000000083e00000|  0%| F|  |TAMS 0x0000000083d00000| PB 0x0000000083d00000| Untracked |  0
|  40|0x0000000083e00000, 0x0000000083e00000, 0x0000000083f00000|  0%| F|  |TAMS 0x0000000083e00000| PB 0x0000000083e00000| Untracked |  0
|  41|0x0000000083f00000, 0x0000000083f00000, 0x0000000084000000|  0%| F|  |TAMS 0x0000000083f00000| PB 0x0000000083f00000| Untracked |  0
|  42|0x0000000084000000, 0x0000000084000000, 0x0000000084100000|  0%| F|  |TAMS 0x0000000084000000| PB 0x0000000084000000| Untracked |  0
|  43|0x0000000084100000, 0x0000000084100000, 0x0000000084200000|  0%| F|  |TAMS 0x0000000084100000| PB 0x0000000084100000| Untracked |  0
|  44|0x0000000084200000, 0x0000000084200000, 0x0000000084300000|  0%| F|  |TAMS 0x0000000084200000| PB 0x0000000084200000| Untracked |  0
|  45|0x0000000084300000, 0x0000000084300000, 0x0000000084400000|  0%| F|  |TAMS 0x0000000084300000| PB 0x0000000084300000| Untracked |  0
|  46|0x0000000084400000, 0x0000000084400000, 0x0000000084500000|  0%| F|  |TAMS 0x0000000084400000| PB 0x0000000084400000| Untracked |  0
|  47|0x0000000084500000, 0x0000000084500000, 0x0000000084600000|  0%| F|  |TAMS 0x0000000084500000| PB 0x0000000084500000| Untracked |  0
|  48|0x0000000084600000, 0x0000000084600000, 0x0000000084700000|  0%| F|  |TAMS 0x0000000084600000| PB 0x0000000084600000| Untracked |  0
|  49|0x0000000084700000, 0x0000000084700000, 0x0000000084800000|  0%| F|  |TAMS 0x0000000084700000| PB 0x0000000084700000| Untracked |  0
|  50|0x0000000084800000, 0x0000000084800000, 0x0000000084900000|  0%| F|  |TAMS 0x0000000084800000| PB 0x0000000084800000| Untracked |  0
|  51|0x0000000084900000, 0x0000000084900000, 0x0000000084a00000|  0%| F|  |TAMS 0x0000000084900000| PB 0x0000000084900000| Untracked |  0
|  52|0x0000000084a00000, 0x0000000084a00000, 0x0000000084b00000|  0%| F|  |TAMS 0x0000000084a00000| PB 0x0000000084a00000| Untracked |  0
|  53|0x0000000084b00000, 0x0000000084b00000, 0x0000000084c00000|  0%| F|  |TAMS 0x0000000084b00000| PB 0x0000000084b00000| Untracked |  0
|  54|0x0000000084c00000, 0x0000000084c00000, 0x0000000084d00000|  0%| F|  |TAMS 0x0000000084c00000| PB 0x0000000084c00000| Untracked |  0
|  55|0x0000000084d00000, 0x0000000084d00000, 0x0000000084e00000|  0%| F|  |TAMS 0x0000000084d00000| PB 0x0000000084d00000| Untracked |  0
|  56|0x0000000084e00000, 0x0000000084e00000, 0x0000000084f00000|  0%| F|  |TAMS 0x0000000084e00000| PB 0x0000000084e00000| Untracked |  0
|  57|0x0000000084f00000, 0x0000000084f00000, 0x0000000085000000|  0%| F|  |TAMS 0x0000000084f00000| PB 0x0000000084f00000| Untracked |  0
|  58|0x0000000085000000, 0x0000000085000000, 0x0000000085100000|  0%| F|  |TAMS 0x0000000085000000| PB 0x0000000085000000| Untracked |  0
|  59|0x0000000085100000, 0x0000000085100000, 0x0000000085200000|  0%| F|  |TAMS 0x0000000085100000| PB 0x0000000085100000| Untracked |  0
|  60|0x0000000085200000, 0x0000000085200000, 0x0000000085300000|  0%| F|  |TAMS 0x0000000085200000| PB 0x0000000085200000| Untracked |  0
|  61|0x0000000085300000, 0x0000000085300000, 0x0000000085400000|  0%| F|  |TAMS 0x0000000085300000| PB 0x0000000085300000| Untracked |  0
|  62|0x0000000085400000, 0x0000000085400000, 0x0000000085500000|  0%| F|  |TAMS 0x0000000085400000| PB 0x0000000085400000| Untracked |  0
|  63|0x0000000085500000, 0x0000000085500000, 0x0000000085600000|  0%| F|  |TAMS 0x0000000085500000| PB 0x0000000085500000| Untracked |  0
|  64|0x0000000085600000, 0x0000000085600000, 0x0000000085700000|  0%| F|  |TAMS 0x0000000085600000| PB 0x0000000085600000| Untracked |  0
|  65|0x0000000085700000, 0x0000000085700000, 0x0000000085800000|  0%| F|  |TAMS 0x0000000085700000| PB 0x0000000085700000| Untracked |  0
|  66|0x0000000085800000, 0x0000000085800000, 0x0000000085900000|  0%| F|  |TAMS 0x0000000085800000| PB 0x0000000085800000| Untracked |  0
|  67|0x0000000085900000, 0x0000000085900000, 0x0000000085a00000|  0%| F|  |TAMS 0x0000000085900000| PB 0x0000000085900000| Untracked |  0
|  68|0x0000000085a00000, 0x0000000085a00000, 0x0000000085b00000|  0%| F|  |TAMS 0x0000000085a00000| PB 0x0000000085a00000| Untracked |  0
|  69|0x0000000085b00000, 0x0000000085b00000, 0x0000000085c00000|  0%| F|  |TAMS 0x0000000085b00000| PB 0x0000000085b00000| Untracked |  0
|  70|0x0000000085c00000, 0x0000000085c00000, 0x0000000085d00000|  0%| F|  |TAMS 0x0000000085c00000| PB 0x0000000085c00000| Untracked |  0
|  71|0x0000000085d00000, 0x0000000085d00000, 0x0000000085e00000|  0%| F|  |TAMS 0x0000000085d00000| PB 0x0000000085d00000| Untracked |  0
|  72|0x0000000085e00000, 0x0000000085e00000, 0x0000000085f00000|  0%| F|  |TAMS 0x0000000085e00000| PB 0x0000000085e00000| Untracked |  0
|  73|0x0000000085f00000, 0x0000000085f00000, 0x0000000086000000|  0%| F|  |TAMS 0x0000000085f00000| PB 0x0000000085f00000| Untracked |  0
|  74|0x0000000086000000, 0x0000000086000000, 0x0000000086100000|  0%| F|  |TAMS 0x0000000086000000| PB 0x0000000086000000| Untracked |  0
|  75|0x0000000086100000, 0x0000000086100000, 0x0000000086200000|  0%| F|  |TAMS 0x0000000086100000| PB 0x0000000086100000| Untracked |  0
|  76|0x0000000086200000, 0x0000000086200000, 0x0000000086300000|  0%| F|  |TAMS 0x0000000086200000| PB 0x0000000086200000| Untracked |  0
|  77|0x0000000086300000, 0x0000000086300000, 0x0000000086400000|  0%| F|  |TAMS 0x0000000086300000| PB 0x0000000086300000| Untracked |  0
|  78|0x0000000086400000, 0x0000000086400000, 0x0000000086500000|  0%| F|  |TAMS 0x0000000086400000| PB 0x0000000086400000| Untracked |  0
|  79|0x0000000086500000, 0x0000000086500000, 0x0000000086600000|  0%| F|  |TAMS 0x0000000086500000| PB 0x0000000086500000| Untracked |  0
|  80|0x0000000086600000, 0x0000000086600000, 0x0000000086700000|  0%| F|  |TAMS 0x0000000086600000| PB 0x0000000086600000| Untracked |  0
|  81|0x0000000086700000, 0x0000000086700000, 0x0000000086800000|  0%| F|  |TAMS 0x0000000086700000| PB 0x0000000086700000| Untracked |  0
|  82|0x0000000086800000, 0x0000000086800000, 0x0000000086900000|  0%| F|  |TAMS 0x0000000086800000| PB 0x0000000086800000| Untracked |  0
|  83|0x0000000086900000, 0x0000000086900000, 0x0000000086a00000|  0%| F|  |TAMS 0x0000000086900000| PB 0x0000000086900000| Untracked |  0
|  84|0x0000000086a00000, 0x0000000086a00000, 0x0000000086b00000|  0%| F|  |TAMS 0x0000000086a00000| PB 0x0000000086a00000| Untracked |  0
|  85|0x0000000086b00000, 0x0000000086b00000, 0x0000000086c00000|  0%| F|  |TAMS 0x0000000086b00000| PB 0x0000000086b00000| Untracked |  0
|  86|0x0000000086c00000, 0x0000000086c00000, 0x0000000086d00000|  0%| F|  |TAMS 0x0000000086c00000| PB 0x0000000086c00000| Untracked |  0
|  87|0x0000000086d00000, 0x0000000086d00000, 0x0000000086e00000|  0%| F|  |TAMS 0x0000000086d00000| PB 0x0000000086d00000| Untracked |  0
|  88|0x0000000086e00000, 0x0000000086e00000, 0x0000000086f00000|  0%| F|  |TAMS 0x0000000086e00000| PB 0x0000000086e00000| Untracked |  0
|  89|0x0000000086f00000, 0x0000000086f00000, 0x0000000087000000|  0%| F|  |TAMS 0x0000000086f00000| PB 0x0000000086f00000| Untracked |  0
|  90|0x0000000087000000, 0x0000000087000000, 0x0000000087100000|  0%| F|  |TAMS 0x0000000087000000| PB 0x0000000087000000| Untracked |  0
|  91|0x0000000087100000, 0x0000000087100000, 0x0000000087200000|  0%| F|  |TAMS 0x0000000087100000| PB 0x0000000087100000| Untracked |  0
|  92|0x0000000087200000, 0x0000000087200000, 0x0000000087300000|  0%| F|  |TAMS 0x0000000087200000| PB 0x0000000087200000| Untracked |  0
|  93|0x0000000087300000, 0x0000000087300000, 0x0000000087400000|  0%| F|  |TAMS 0x0000000087300000| PB 0x0000000087300000| Untracked |  0
|  94|0x0000000087400000, 0x0000000087400000, 0x0000000087500000|  0%| F|  |TAMS 0x0000000087400000| PB 0x0000000087400000| Untracked |  0
|  95|0x0000000087500000, 0x0000000087500000, 0x0000000087600000|  0%| F|  |TAMS 0x0000000087500000| PB 0x0000000087500000| Untracked |  0
|  96|0x0000000087600000, 0x0000000087600000, 0x0000000087700000|  0%| F|  |TAMS 0x0000000087600000| PB 0x0000000087600000| Untracked |  0
|  97|0x0000000087700000, 0x0000000087700000, 0x0000000087800000|  0%| F|  |TAMS 0x0000000087700000| PB 0x0000000087700000| Untracked |  0
|  98|0x0000000087800000, 0x0000000087800000, 0x0000000087900000|  0%| F|  |TAMS 0x0000000087800000| PB 0x0000000087800000| Untracked |  0
|  99|0x0000000087900000, 0x0000000087900000, 0x0000000087a00000|  0%| F|  |TAMS 0x0000000087900000| PB 0x0000000087900000| Untracked |  0
| 100|0x0000000087a00000, 0x0000000087a00000, 0x0000000087b00000|  0%| F|  |TAMS 0x0000000087a00000| PB 0x0000000087a00000| Untracked |  0
| 101|0x0000000087b00000, 0x0000000087b00000, 0x0000000087c00000|  0%| F|  |TAMS 0x0000000087b00000| PB 0x0000000087b00000| Untracked |  0
| 102|0x0000000087c00000, 0x0000000087c00000, 0x0000000087d00000|  0%| F|  |TAMS 0x0000000087c00000| PB 0x0000000087c00000| Untracked |  0
| 103|0x0000000087d00000, 0x0000000087d00000, 0x0000000087e00000|  0%| F|  |TAMS 0x0000000087d00000| PB 0x0000000087d00000| Untracked |  0
| 104|0x0000000087e00000, 0x0000000087e00000, 0x0000000087f00000|  0%| F|  |TAMS 0x0000000087e00000| PB 0x0000000087e00000| Untracked |  0
| 105|0x0000000087f00000, 0x0000000087f00000, 0x0000000088000000|  0%| F|  |TAMS 0x0000000087f00000| PB 0x0000000087f00000| Untracked |  0
| 106|0x0000000088000000, 0x0000000088000000, 0x0000000088100000|  0%| F|  |TAMS 0x0000000088000000| PB 0x0000000088000000| Untracked |  0
| 107|0x0000000088100000, 0x0000000088100000, 0x0000000088200000|  0%| F|  |TAMS 0x0000000088100000| PB 0x0000000088100000| Untracked |  0
| 108|0x0000000088200000, 0x0000000088200000, 0x0000000088300000|  0%| F|  |TAMS 0x0000000088200000| PB 0x0000000088200000| Untracked |  0
| 109|0x0000000088300000, 0x0000000088300000, 0x0000000088400000|  0%| F|  |TAMS 0x0000000088300000| PB 0x0000000088300000| Untracked |  0
| 110|0x0000000088400000, 0x0000000088400000, 0x0000000088500000|  0%| F|  |TAMS 0x0000000088400000| PB 0x0000000088400000| Untracked |  0
| 111|0x0000000088500000, 0x0000000088500000, 0x0000000088600000|  0%| F|  |TAMS 0x0000000088500000| PB 0x0000000088500000| Untracked |  0
| 112|0x0000000088600000, 0x0000000088600000, 0x0000000088700000|  0%| F|  |TAMS 0x0000000088600000| PB 0x0000000088600000| Untracked |  0
| 113|0x0000000088700000, 0x0000000088700000, 0x0000000088800000|  0%| F|  |TAMS 0x0000000088700000| PB 0x0000000088700000| Untracked |  0
| 114|0x0000000088800000, 0x0000000088800000, 0x0000000088900000|  0%| F|  |TAMS 0x0000000088800000| PB 0x0000000088800000| Untracked |  0
| 115|0x0000000088900000, 0x0000000088900000, 0x0000000088a00000|  0%| F|  |TAMS 0x0000000088900000| PB 0x0000000088900000| Untracked |  0
| 116|0x0000000088a00000, 0x0000000088a00000, 0x0000000088b00000|  0%| F|  |TAMS 0x0000000088a00000| PB 0x0000000088a00000| Untracked |  0
| 117|0x0000000088b00000, 0x0000000088b00000, 0x0000000088c00000|  0%| F|  |TAMS 0x0000000088b00000| PB 0x0000000088b00000| Untracked |  0
| 118|0x0000000088c00000, 0x0000000088c00000, 0x0000000088d00000|  0%| F|  |TAMS 0x0000000088c00000| PB 0x0000000088c00000| Untracked |  0
| 119|0x0000000088d00000, 0x0000000088d00000, 0x0000000088e00000|  0%| F|  |TAMS 0x0000000088d00000| PB 0x0000000088d00000| Untracked |  0
| 120|0x0000000088e00000, 0x0000000088e00000, 0x0000000088f00000|  0%| F|  |TAMS 0x0000000088e00000| PB 0x0000000088e00000| Untracked |  0
| 121|0x0000000088f00000, 0x0000000088fd7598, 0x0000000089000000| 84%| E|  |TAMS 0x0000000088f00000| PB 0x0000000088f00000| Complete |  0
| 122|0x0000000089000000, 0x0000000089100000, 0x0000000089100000|100%| E|CS|TAMS 0x0000000089000000| PB 0x0000000089000000| Complete |  0
| 123|0x0000000089100000, 0x0000000089200000, 0x0000000089200000|100%| E|CS|TAMS 0x0000000089100000| PB 0x0000000089100000| Complete |  0
| 124|0x0000000089200000, 0x0000000089300000, 0x0000000089300000|100%| E|CS|TAMS 0x0000000089200000| PB 0x0000000089200000| Complete |  0
| 125|0x0000000089300000, 0x0000000089400000, 0x0000000089400000|100%| E|CS|TAMS 0x0000000089300000| PB 0x0000000089300000| Complete |  0
| 126|0x0000000089400000, 0x0000000089500000, 0x0000000089500000|100%| E|CS|TAMS 0x0000000089400000| PB 0x0000000089400000| Complete |  0
| 127|0x0000000089500000, 0x0000000089600000, 0x0000000089600000|100%| E|CS|TAMS 0x0000000089500000| PB 0x0000000089500000| Complete |  0

Card table byte_map: [0x000002547a1e0000,0x000002547a5e0000] _byte_map_base: 0x0000025479dd5000

Marking Bits: (CMBitMap*) 0x0000025471adb980
 Bits: [0x000002547a5e0000, 0x000002547c588000)

Polling page: 0x000002546fa80000

Metaspace:

Usage:
  Non-class:      5.32 MB used.
      Class:    719.71 KB used.
       Both:      6.02 MB used.

Virtual space:
  Non-class space:       64.00 MB reserved,       5.38 MB (  8%) committed,  1 nodes.
      Class space:        1.00 GB reserved,     768.00 KB ( <1%) committed,  1 nodes.
             Both:        1.06 GB reserved,       6.12 MB ( <1%) committed. 

Chunk freelists:
   Non-Class:  10.39 MB
       Class:  15.25 MB
        Both:  25.64 MB

MaxMetaspaceSize: unlimited
CompressedClassSpaceSize: 1.00 GB
Initial GC threshold: 21.00 MB
Current GC threshold: 21.00 MB
CDS: on
 - commit_granule_bytes: 65536.
 - commit_granule_words: 8192.
 - virtual_space_node_default_size: 8388608.
 - enlarge_chunks_in_place: 1.
 - use_allocation_guard: 0.


Internal statistics:

num_allocs_failed_limit: 0.
num_arena_births: 112.
num_arena_deaths: 0.
num_vsnodes_births: 2.
num_vsnodes_deaths: 0.
num_space_committed: 98.
num_space_uncommitted: 0.
num_chunks_returned_to_freelist: 0.
num_chunks_taken_from_freelist: 130.
num_chunk_merges: 0.
num_chunk_splits: 83.
num_chunks_enlarged: 40.
num_inconsistent_stats: 0.

CodeHeap 'non-profiled nmethods': size=120000Kb used=191Kb max_used=191Kb free=119808Kb
 bounds [0x0000025407ad0000, 0x0000025407d40000, 0x000002540f000000]
CodeHeap 'profiled nmethods': size=120000Kb used=981Kb max_used=981Kb free=119018Kb
 bounds [0x0000025400000000, 0x0000025400270000, 0x0000025407530000]
CodeHeap 'non-nmethods': size=5760Kb used=1462Kb max_used=1472Kb free=4298Kb
 bounds [0x0000025407530000, 0x00000254077a0000, 0x0000025407ad0000]
 total_blobs=1224 nmethods=679 adapters=450
 compilation: enabled
              stopped_count=0, restarted_count=0
 full_count=0

Compilation events (20 events):
Event: 0.342 Thread 0x000002547ea65d80 nmethod 656 0x00000254000d9610 code [0x00000254000d97c0, 0x00000254000d9990]
Event: 0.343 Thread 0x000002547ea65d80  657       3       java.lang.invoke.LambdaFormEditor$TransformKey::packedBytes (30 bytes)
Event: 0.343 Thread 0x000002547ea65d80 nmethod 657 0x00000254000d9a90 code [0x00000254000d9c20, 0x00000254000d9d28]
Event: 0.347 Thread 0x000002547ea5b9a0 nmethod 631 0x0000025407afe090 code [0x0000025407afe280, 0x0000025407afeec0]
Event: 0.348 Thread 0x000002547ea65d80  658       3       java.lang.invoke.LambdaFormEditor$TransformKey::inRange (36 bytes)
Event: 0.348 Thread 0x000002547ea65d80 nmethod 658 0x00000254000d9d90 code [0x00000254000d9f20, 0x00000254000da070]
Event: 0.348 Thread 0x000002547ea65d80  660       3       java.lang.invoke.LambdaFormEditor::getInCache (165 bytes)
Event: 0.349 Thread 0x000002547ea65d80 nmethod 660 0x00000254000da110 code [0x00000254000da380, 0x00000254000db108]
Event: 0.349 Thread 0x000002547ea65d80  659       3       java.lang.invoke.LambdaFormEditor$TransformKey::<init> (15 bytes)
Event: 0.349 Thread 0x000002547ea65d80 nmethod 659 0x00000254000db490 code [0x00000254000db620, 0x00000254000db7b8]
Event: 0.350 Thread 0x000002547ea65d80  661       3       java.lang.CharacterData::of (136 bytes)
Event: 0.350 Thread 0x00000254542384b0  663 %     4       java.lang.StringLatin1::indexOfChar @ 7 (33 bytes)
Event: 0.350 Thread 0x000002547ea65d80 nmethod 661 0x00000254000db890 code [0x00000254000dbae0, 0x00000254000dc420]
Event: 0.350 Thread 0x000002547ea65d80  662       3       java.lang.Character::charCount (12 bytes)
Event: 0.350 Thread 0x000002547ea65d80 nmethod 662 0x00000254000dc690 code [0x00000254000dc820, 0x00000254000dc980]
Event: 0.350 Thread 0x000002547ea65d80  664       3       java.lang.CharacterDataLatin1::getProperties (11 bytes)
Event: 0.350 Thread 0x000002547ea65d80 nmethod 664 0x00000254000dca10 code [0x00000254000dcba0, 0x00000254000dcce8]
Event: 0.350 Thread 0x000002547ea65d80  665       3       javax.swing.UIDefaults$TextAndMnemonicHashMap::get (358 bytes)
Event: 0.354 Thread 0x00000254542384b0 nmethod 663% 0x0000025407aff190 code [0x0000025407aff320, 0x0000025407aff530]
Event: 0.356 Thread 0x000002547ea5b9a0  670       4       java.util.HashMap::put (13 bytes)

GC Heap History (0 events):
No events

Dll operation events (9 events):
Event: 0.009 Loaded shared library C:\Program Files\Java\jdk-22\bin\java.dll
Event: 0.041 Loaded shared library C:\Program Files\Java\jdk-22\bin\jsvml.dll
Event: 0.085 Loaded shared library C:\Program Files\Java\jdk-22\bin\net.dll
Event: 0.086 Loaded shared library C:\Program Files\Java\jdk-22\bin\nio.dll
Event: 0.128 Loaded shared library C:\Program Files\Java\jdk-22\bin\zip.dll
Event: 0.142 Loaded shared library C:\Program Files\Java\jdk-22\bin\jimage.dll
Event: 0.157 Loaded shared library C:\Program Files\Java\jdk-22\bin\awt.dll
Event: 0.282 Loaded shared library C:\Program Files\Java\jdk-22\bin\freetype.dll
Event: 0.282 Loaded shared library C:\Program Files\Java\jdk-22\bin\fontmanager.dll

Deoptimization events (8 events):
Event: 0.237 Thread 0x0000025471a87610 Uncommon trap: trap_request=0xffffff45 fr.pc=0x0000025407ae550c relative=0x0000000000000b4c
Event: 0.237 Thread 0x0000025471a87610 Uncommon trap: reason=unstable_if action=reinterpret pc=0x0000025407ae550c method=java.util.HashMap.putVal(ILjava/lang/Object;Ljava/lang/Object;ZZ)Ljava/lang/Object; @ 81 c2
Event: 0.237 Thread 0x0000025471a87610 DEOPT PACKING pc=0x0000025407ae550c sp=0x000000f19a9fe610
Event: 0.237 Thread 0x0000025471a87610 DEOPT UNPACKING pc=0x00000254075846a2 sp=0x000000f19a9fe5c0 mode 2
Event: 0.290 Thread 0x0000025471a87610 Uncommon trap: trap_request=0xffffff45 fr.pc=0x0000025407adc36c relative=0x000000000000006c
Event: 0.290 Thread 0x0000025471a87610 Uncommon trap: reason=unstable_if action=reinterpret pc=0x0000025407adc36c method=java.lang.String.isLatin1()Z @ 10 c2
Event: 0.290 Thread 0x0000025471a87610 DEOPT PACKING pc=0x0000025407adc36c sp=0x000000f19a9fe7a0
Event: 0.290 Thread 0x0000025471a87610 DEOPT UNPACKING pc=0x00000254075846a2 sp=0x000000f19a9fe730 mode 2

Classes loaded (20 events):
Event: 0.354 Loading class javax/swing/plaf/nimbus/NimbusStyle$CacheKey
Event: 0.354 Loading class javax/swing/plaf/nimbus/NimbusStyle$CacheKey done
Event: 0.354 Loading class javax/swing/plaf/nimbus/SynthPainterImpl
Event: 0.354 Loading class javax/swing/plaf/synth/SynthPainter
Event: 0.355 Loading class javax/swing/plaf/synth/SynthPainter done
Event: 0.355 Loading class javax/swing/plaf/nimbus/SynthPainterImpl done
Event: 0.355 Loading class javax/swing/plaf/synth/SynthPainter$1
Event: 0.355 Loading class javax/swing/plaf/synth/SynthPainter$1 done
Event: 0.355 Loading class javax/swing/plaf/synth/SynthBorder
Event: 0.355 Loading class javax/swing/plaf/synth/SynthBorder done
Event: 0.355 Loading class javax/swing/plaf/nimbus/NimbusStyle$Values
Event: 0.355 Loading class javax/swing/plaf/nimbus/NimbusStyle$Values done
Event: 0.355 Loading class java/util/Hashtable$EntrySet
Event: 0.355 Loading class java/util/Hashtable$EntrySet done
Event: 0.361 Loading class javax/swing/plaf/nimbus/NimbusStyle$RuntimeState
Event: 0.361 Loading class javax/swing/plaf/nimbus/NimbusStyle$RuntimeState done
Event: 0.361 Loading class javax/swing/RepaintManager$ProcessingRunnable
Event: 0.361 Loading class javax/swing/RepaintManager$ProcessingRunnable done
Event: 0.361 Loading class com/sun/java/swing/SwingUtilities3
Event: 0.362 Loading class com/sun/java/swing/SwingUtilities3 done

Classes unloaded (0 events):
No events

Classes redefined (0 events):
No events

Internal exceptions (20 events):
Event: 0.320 Thread 0x0000025471a87610 Exception <a 'java/lang/ClassNotFoundException'{0x0000000089088a30}: PasswordField> (0x0000000089088a30) 
thrown [s\open\src\hotspot\share\classfile\systemDictionary.cpp, line 313]
Event: 0.320 Thread 0x0000025471a87610 Exception <a 'java/lang/ClassNotFoundException'{0x0000000089088f78}: TextArea> (0x0000000089088f78) 
thrown [s\open\src\hotspot\share\classfile\systemDictionary.cpp, line 313]
Event: 0.321 Thread 0x0000025471a87610 Exception <a 'java/lang/ClassNotFoundException'{0x0000000089089898}: TextPane> (0x0000000089089898) 
thrown [s\open\src\hotspot\share\classfile\systemDictionary.cpp, line 313]
Event: 0.321 Thread 0x0000025471a87610 Exception <a 'java/lang/ClassNotFoundException'{0x0000000089089d00}: EditorPane> (0x0000000089089d00) 
thrown [s\open\src\hotspot\share\classfile\systemDictionary.cpp, line 313]
Event: 0.321 Thread 0x0000025471a87610 Exception <a 'java/lang/ClassNotFoundException'{0x000000008908a650}: ToolBar> (0x000000008908a650) 
thrown [s\open\src\hotspot\share\classfile\systemDictionary.cpp, line 313]
Event: 0.321 Thread 0x0000025471a87610 Exception <a 'java/lang/ClassNotFoundException'{0x000000008908ab48}: ToolBar> (0x000000008908ab48) 
thrown [s\open\src\hotspot\share\classfile\systemDictionary.cpp, line 313]
Event: 0.322 Thread 0x0000025471a87610 Exception <a 'java/lang/ClassNotFoundException'{0x000000008908aea8}: Button> (0x000000008908aea8) 
thrown [s\open\src\hotspot\share\classfile\systemDictionary.cpp, line 313]
Event: 0.322 Thread 0x0000025471a87610 Exception <a 'java/lang/ClassNotFoundException'{0x000000008908b370}: ToolBar> (0x000000008908b370) 
thrown [s\open\src\hotspot\share\classfile\systemDictionary.cpp, line 313]
Event: 0.322 Thread 0x0000025471a87610 Exception <a 'java/lang/ClassNotFoundException'{0x000000008908b6e0}: ToggleButton> (0x000000008908b6e0) 
thrown [s\open\src\hotspot\share\classfile\systemDictionary.cpp, line 313]
Event: 0.322 Thread 0x0000025471a87610 Exception <a 'java/lang/ClassNotFoundException'{0x000000008908bb20}: javax/swing/JToolBarSeparator> (0x000000008908bb20) 
thrown [s\open\src\hotspot\share\classfile\systemDictionary.cpp, line 313]
Event: 0.322 Thread 0x0000025471a87610 Exception <a 'java/lang/ClassNotFoundException'{0x000000008908be30}: ToolBarSeparator> (0x000000008908be30) 
thrown [s\open\src\hotspot\share\classfile\systemDictionary.cpp, line 313]
Event: 0.322 Thread 0x0000025471a87610 Exception <a 'java/lang/ClassNotFoundException'{0x000000008908c338}: ToolTip> (0x000000008908c338) 
thrown [s\open\src\hotspot\share\classfile\systemDictionary.cpp, line 313]
Event: 0.323 Thread 0x0000025471a87610 Exception <a 'java/lang/ClassNotFoundException'{0x000000008908cc78}: Tree> (0x000000008908cc78) 
thrown [s\open\src\hotspot\share\classfile\systemDictionary.cpp, line 313]
Event: 0.323 Thread 0x0000025471a87610 Exception <a 'java/lang/ClassNotFoundException'{0x000000008908d170}: Tree> (0x000000008908d170) 
thrown [s\open\src\hotspot\share\classfile\systemDictionary.cpp, line 313]
Event: 0.323 Thread 0x0000025471a87610 Exception <a 'java/lang/ClassNotFoundException'{0x000000008908d4e0}: javax/swing/JTreeCell> (0x000000008908d4e0) 
thrown [s\open\src\hotspot\share\classfile\systemDictionary.cpp, line 313]
Event: 0.323 Thread 0x0000025471a87610 Exception <a 'java/lang/ClassNotFoundException'{0x000000008908d7e8}: TreeCell> (0x000000008908d7e8) 
thrown [s\open\src\hotspot\share\classfile\systemDictionary.cpp, line 313]
Event: 0.324 Thread 0x0000025471a87610 Exception <a 'java/lang/ClassNotFoundException'{0x000000008908df90}: RootPane> (0x000000008908df90) 
thrown [s\open\src\hotspot\share\classfile\systemDictionary.cpp, line 313]
Event: 0.326 Thread 0x0000025471a87610 Exception <a 'java/lang/ClassNotFoundException'{0x0000000089090f70}: com/sun/swing/internal/plaf/metal/resources/spi/metalProvider> (0x0000000089090f70) 
thrown [s\open\src\hotspot\share\classfile\systemDictionary.cpp, line 313]
Event: 0.326 Thread 0x0000025471a87610 Exception <a 'java/lang/ClassNotFoundException'{0x0000000089094c70}: com/sun/swing/internal/plaf/basic/resources/spi/basicProvider> (0x0000000089094c70) 
thrown [s\open\src\hotspot\share\classfile\systemDictionary.cpp, line 313]
Event: 0.349 Thread 0x000002545450de70 Exception <a 'java/lang/ClassNotFoundException'{0x0000000088f14048}: com/sun/swing/internal/plaf/synth/resources/spi/synthProvider> (0x0000000088f14048) 
thrown [s\open\src\hotspot\share\classfile\systemDictionary.cpp, line 313]

ZGC Phase Switch (0 events):
No events

VM Operations (4 events):
Event: 0.101 Executing VM operation: HandshakeAllThreads (Deoptimize)
Event: 0.101 Executing VM operation: HandshakeAllThreads (Deoptimize) done
Event: 0.187 Executing VM operation: HandshakeAllThreads (Deoptimize)
Event: 0.187 Executing VM operation: HandshakeAllThreads (Deoptimize) done

Events (18 events):
Event: 0.025 Thread 0x0000025471a87610 Thread added: 0x0000025471a87610
Event: 0.038 Thread 0x000002547ea46a10 Thread added: 0x000002547ea46a10
Event: 0.038 Thread 0x000002547ea49740 Thread added: 0x000002547ea49740
Event: 0.038 Thread 0x000002547ea53950 Thread added: 0x000002547ea53950
Event: 0.038 Thread 0x000002547ea573e0 Thread added: 0x000002547ea573e0
Event: 0.039 Thread 0x000002547ea57e40 Thread added: 0x000002547ea57e40
Event: 0.039 Thread 0x000002547ea588a0 Thread added: 0x000002547ea588a0
Event: 0.039 Thread 0x000002547ea5b9a0 Thread added: 0x000002547ea5b9a0
Event: 0.039 Thread 0x000002547ea65d80 Thread added: 0x000002547ea65d80
Event: 0.071 Thread 0x000002547eabe770 Thread added: 0x000002547eabe770
Event: 0.114 Thread 0x00000254542384b0 Thread added: 0x00000254542384b0
Event: 0.119 Thread 0x00000254542dbf90 Thread added: 0x00000254542dbf90
Event: 0.215 Thread 0x000002545432b890 Thread added: 0x000002545432b890
Event: 0.216 Thread 0x000002545432e720 Thread added: 0x000002545432e720
Event: 0.217 Thread 0x0000025454485520 Thread added: 0x0000025454485520
Event: 0.340 Thread 0x000002545450de70 Thread added: 0x000002545450de70
Event: 0.340 Thread 0x0000025471a87610 Thread exited: 0x0000025471a87610
Event: 0.340 Thread 0x0000025471a87610 Thread added: 0x0000025471a87610


Dynamic libraries:
0x00007ff6640c0000 - 0x00007ff6640d0000 	C:\Program Files\Java\jdk-22\bin\java.exe
0x00007ffeb9230000 - 0x00007ffeb9425000 	C:\Windows\SYSTEM32\ntdll.dll
0x00007ffeb72f0000 - 0x00007ffeb73ae000 	C:\Windows\System32\KERNEL32.DLL
0x00007ffeb6b70000 - 0x00007ffeb6e38000 	C:\Windows\System32\KERNELBASE.dll
0x00007ffeb6ef0000 - 0x00007ffeb6ff0000 	C:\Windows\System32\ucrtbase.dll
0x00007ffeb43c0000 - 0x00007ffeb43db000 	C:\Program Files\Java\jdk-22\bin\VCRUNTIME140.dll
0x00007ffeae7f0000 - 0x00007ffeae807000 	C:\Program Files\Java\jdk-22\bin\jli.dll
0x00007ffeb8750000 - 0x00007ffeb87fc000 	C:\Windows\System32\ADVAPI32.dll
0x00007ffeb7fb0000 - 0x00007ffeb804e000 	C:\Windows\System32\msvcrt.dll
0x00007ffeb8050000 - 0x00007ffeb80eb000 	C:\Windows\System32\sechost.dll
0x00007ffeb80f0000 - 0x00007ffeb821a000 	C:\Windows\System32\RPCRT4.dll
0x00007ffeb7a90000 - 0x00007ffeb7c31000 	C:\Windows\System32\USER32.dll
0x00007ffeb6b40000 - 0x00007ffeb6b62000 	C:\Windows\System32\win32u.dll
0x00007ffeb8720000 - 0x00007ffeb874b000 	C:\Windows\System32\GDI32.dll
0x00007ffeb6a30000 - 0x00007ffeb6b3d000 	C:\Windows\System32\gdi32full.dll
0x00007ffeb7070000 - 0x00007ffeb710d000 	C:\Windows\System32\msvcp_win.dll
0x00007ffea6aa0000 - 0x00007ffea6d3a000 	C:\Windows\WinSxS\amd64_microsoft.windows.common-controls_6595b64144ccf1df_6.0.19041.1110_none_60b5254171f9507e\COMCTL32.dll
0x00007ffea5bf0000 - 0x00007ffea5bfa000 	C:\Windows\SYSTEM32\VERSION.dll
0x00007ffeb75b0000 - 0x00007ffeb75e0000 	C:\Windows\System32\IMM32.DLL
0x00007ffeb4380000 - 0x00007ffeb438c000 	C:\Program Files\Java\jdk-22\bin\vcruntime140_1.dll
0x00007ffeae810000 - 0x00007ffeae89e000 	C:\Program Files\Java\jdk-22\bin\msvcp140.dll
0x00007ffe7f120000 - 0x00007ffe7fe67000 	C:\Program Files\Java\jdk-22\bin\server\jvm.dll
0x00007ffeb7a20000 - 0x00007ffeb7a8b000 	C:\Windows\System32\WS2_32.dll
0x00007ffea5b60000 - 0x00007ffea5b87000 	C:\Windows\SYSTEM32\WINMM.dll
0x00007ffeb5f00000 - 0x00007ffeb5f4b000 	C:\Windows\SYSTEM32\POWRPROF.dll
0x00007ffeb5d70000 - 0x00007ffeb5d82000 	C:\Windows\SYSTEM32\UMPDC.dll
0x00007ffeb49e0000 - 0x00007ffeb49f2000 	C:\Windows\SYSTEM32\kernel.appcore.dll
0x00007ffeb4370000 - 0x00007ffeb437a000 	C:\Program Files\Java\jdk-22\bin\jimage.dll
0x00007ffea9bf0000 - 0x00007ffea9dd4000 	C:\Windows\SYSTEM32\DBGHELP.DLL
0x00007ffea90a0000 - 0x00007ffea90cc000 	C:\Windows\SYSTEM32\dbgcore.DLL
0x00007ffeb6940000 - 0x00007ffeb69c2000 	C:\Windows\System32\bcryptPrimitives.dll
0x00007ffeaefe0000 - 0x00007ffeaeffe000 	C:\Program Files\Java\jdk-22\bin\java.dll
0x00007ffeb88d0000 - 0x00007ffeb9014000 	C:\Windows\System32\SHELL32.dll
0x00007ffeb78f0000 - 0x00007ffeb7a1a000 	C:\Windows\System32\ole32.dll
0x00007ffeb7c40000 - 0x00007ffeb7f95000 	C:\Windows\System32\combase.dll
0x00007ffeb4be0000 - 0x00007ffeb5374000 	C:\Windows\SYSTEM32\windows.storage.dll
0x00007ffeb6390000 - 0x00007ffeb63be000 	C:\Windows\SYSTEM32\Wldp.dll
0x00007ffeb73b0000 - 0x00007ffeb745d000 	C:\Windows\System32\SHCORE.dll
0x00007ffeb7460000 - 0x00007ffeb74b5000 	C:\Windows\System32\shlwapi.dll
0x00007ffeb6880000 - 0x00007ffeb689f000 	C:\Windows\SYSTEM32\profapi.dll
0x00007ffea7eb0000 - 0x00007ffea7f87000 	C:\Program Files\Java\jdk-22\bin\jsvml.dll
0x00007ffeb25a0000 - 0x00007ffeb25b0000 	C:\Program Files\Java\jdk-22\bin\net.dll
0x00007ffeb60f0000 - 0x00007ffeb615a000 	C:\Windows\system32\mswsock.dll
0x00007ffeae8c0000 - 0x00007ffeae8d6000 	C:\Program Files\Java\jdk-22\bin\nio.dll
0x00007ffeae8a0000 - 0x00007ffeae8b7000 	C:\Program Files\Java\jdk-22\bin\zip.dll
0x00007ffea7d20000 - 0x00007ffea7eae000 	C:\Program Files\Java\jdk-22\bin\awt.dll
0x00007ffeb8800000 - 0x00007ffeb88cd000 	C:\Windows\System32\OLEAUT32.dll
0x00007ffeb4420000 - 0x00007ffeb44b0000 	C:\Windows\SYSTEM32\apphelp.dll
0x00007ffeb4510000 - 0x00007ffeb45ae000 	C:\Windows\system32\uxtheme.dll
0x00007ffeb90d0000 - 0x00007ffeb91e5000 	C:\Windows\System32\MSCTF.dll
0x00007ffeb48d0000 - 0x00007ffeb48ff000 	C:\Windows\system32\DWMAPI.DLL
0x00007ffea7270000 - 0x00007ffea72f7000 	C:\Program Files\Java\jdk-22\bin\freetype.dll
0x00007ffea6f10000 - 0x00007ffea6fe7000 	C:\Program Files\Java\jdk-22\bin\fontmanager.dll
0x00007ffe8e530000 - 0x00007ffe8e655000 	C:\Windows\system32\opengl32.dll
0x00007ffe8e500000 - 0x00007ffe8e52c000 	C:\Windows\SYSTEM32\GLU32.dll

dbghelp: loaded successfully - version: 4.0.5 - missing functions: none
symbol engine: initialized successfully - sym options: 0x614 - pdb path: .;C:\Program Files\Java\jdk-22\bin;C:\Windows\SYSTEM32;C:\Windows\WinSxS\amd64_microsoft.windows.common-controls_6595b64144ccf1df_6.0.19041.1110_none_60b5254171f9507e;C:\Program Files\Java\jdk-22\bin\server

VM Arguments:
jvm_args: -Dfile.encoding=UTF-8 --enable-preview --module-path=D:\IT\Java\SchoolManagementSystem\build\classes 
java_command: Main
java_class_path (initial): D:\IT\Java\SchoolManagementSystem\src\jar\mysql-connector-java-8.0.28.jar;D:\IT\Java\SchoolManagementSystem\src\jar\jcalendar-tz-1.3.3-4.jar;C:\Program Files\NetBeans-22\netbeans\java\modules\ext\AbsoluteLayout.jar;D:\IT\Java\SchoolManagementSystem\build\classes
Launcher Type: SUN_STANDARD

[Global flags]
     intx CICompilerCount                          = 3                                         {product} {ergonomic}
     uint ConcGCThreads                            = 1                                         {product} {ergonomic}
     uint G1ConcRefinementThreads                  = 4                                         {product} {ergonomic}
   size_t G1HeapRegionSize                         = 1048576                                   {product} {ergonomic}
   size_t InitialHeapSize                          = 134217728                                 {product} {ergonomic}
   size_t MarkStackSize                            = 4194304                                   {product} {ergonomic}
   size_t MaxHeapSize                              = 2124414976                                {product} {ergonomic}
   size_t MaxNewSize                               = 1274019840                                {product} {ergonomic}
   size_t MinHeapDeltaBytes                        = 1048576                                   {product} {ergonomic}
   size_t MinHeapSize                              = 8388608                                   {product} {ergonomic}
    uintx NonNMethodCodeHeapSize                   = 5832780                                {pd product} {ergonomic}
    uintx NonProfiledCodeHeapSize                  = 122912730                              {pd product} {ergonomic}
    uintx ProfiledCodeHeapSize                     = 122912730                              {pd product} {ergonomic}
    uintx ReservedCodeCacheSize                    = 251658240                              {pd product} {ergonomic}
     bool SegmentedCodeCache                       = true                                      {product} {ergonomic}
   size_t SoftMaxHeapSize                          = 2124414976                             {manageable} {ergonomic}
     bool UseCompressedOops                        = true                           {product lp64_product} {ergonomic}
     bool UseG1GC                                  = true                                      {product} {ergonomic}
     bool UseLargePagesIndividualAllocation        = false                                  {pd product} {ergonomic}

Logging:
Log output configuration:
 #0: stdout all=warning uptime,level,tags foldmultilines=false
 #1: stderr all=off uptime,level,tags foldmultilines=false

Environment Variables:
PATH=C:\Program Files\Common Files\Oracle\Java\javapath;C:\Program Files (x86)\Common Files\Oracle\Java\java8path;C:\Program Files (x86)\Common Files\Oracle\Java\javapath;C:\Windows\system32;C:\Windows;C:\Windows\System32\Wbem;C:\Windows\System32\WindowsPowerShell\v1.0\;C:\Windows\System32\OpenSSH\;C:\Program Files\dotnet\;C:\Program Files\Microsoft SQL Server\Client SDK\ODBC\170\Tools\Binn\;C:\Program Files (x86)\Microsoft SQL Server\150\Tools\Binn\;C:\Program Files\Microsoft SQL Server\150\Tools\Binn\;C:\Program Files\Microsoft SQL Server\150\DTS\Binn\;C:\Program Files (x86)\Microsoft SQL Server\150\DTS\Binn\;C:\Program Files\Git\cmd;C:\Program Files\MySQL\MySQL Shell 8.0\bin\;C:\Users\Admin\AppData\Local\Microsoft\WindowsApps;C:\Users\Admin\.dotnet\tools;C:\Program Files\JetBrains\IntelliJ IDEA 2024.1.2\bin;
USERNAME=Admin
OS=Windows_NT
PROCESSOR_IDENTIFIER=Intel64 Family 6 Model 60 Stepping 3, GenuineIntel
TMP=C:\Users\Admin\AppData\Local\Temp
TEMP=C:\Users\Admin\AppData\Local\Temp




Periodic native trim disabled

---------------  S Y S T E M  ---------------

OS:
 Windows 10 , 64 bit Build 19041 (10.0.19041.1348)
OS uptime: 0 days 9:37 hours

CPU: total 4 (initial active 4) (2 cores per cpu, 2 threads per core) family 6 model 60 stepping 3 microcode 0x27, cx8, cmov, fxsr, ht, mmx, sse, sse2, sse3, ssse3, sse4.1, sse4.2, popcnt, lzcnt, tsc, tscinvbit, avx, avx2, aes, erms, clmul, bmi1, bmi2, fma, vzeroupper, clflush, rdtscp, f16c
Processor Information for all 4 processors :
  Max Mhz: 3001, Current Mhz: 3001, Mhz Limit: 3001

Memory: 4k page, system-wide physical 8097M (1491M free)
TotalPageFile size 8097M (AvailPageFile size 4M)
current process WorkingSet (physical memory assigned to process): 57M, peak: 57M
current process commit charge ("private bytes"): 214M, peak: 214M

vm_info: Java HotSpot(TM) 64-Bit Server VM (22.0.1+8-16) for windows-amd64 JRE (22.0.1+8-16), built on 2024-03-12T10:33:16Z by "mach5one" with MS VC++ 17.6 (VS2022)

END.
