#
# There is insufficient memory for the Java Runtime Environment to continue.
# Native memory allocation (malloc) failed to allocate 32744 bytes. Error detail: Chunk::new
# Possible reasons:
#   The system is out of physical RAM or swap space
#   This process is running with CompressedOops enabled, and the Java Heap may be blocking the growth of the native heap
# Possible solutions:
#   Reduce memory load on the system
#   Increase physical memory or swap space
#   Check if swap backing store is full
#   Decrease Java heap size (-Xmx/-Xms)
#   Decrease number of Java threads
#   Decrease Java thread stack sizes (-Xss)
#   Set larger code cache with -XX:ReservedCodeCacheSize=
#   JVM is running with Unscaled Compressed Oops mode in which the Java heap is
#     placed in the first 4GB address space. The Java Heap base address is the
#     maximum limit for the native heap growth. Please use -XX:HeapBaseMinAddress
#     to set the Java Heap base and to place the Java Heap above 4GB virtual address.
# This output file may be truncated or incomplete.
#
#  Out of Memory Error (arena.cpp:150), pid=9212, tid=7708
#
# JRE version: Java(TM) SE Runtime Environment (22.0.1+8) (build 22.0.1+8-16)
# Java VM: Java HotSpot(TM) 64-Bit Server VM (22.0.1+8-16, mixed mode, sharing, tiered, compressed oops, compressed class ptrs, g1 gc, windows-amd64)
# No core dump will be written. Minidumps are not enabled by default on client versions of Windows
#

---------------  S U M M A R Y ------------

Command Line: -Dfile.encoding=UTF-8 --enable-preview --module-path=D:\IT\Java\SchoolManagementSystem\build\classes Start

Host: Intel(R) Core(TM) i7-4610M CPU @ 3.00GHz, 4 cores, 7G,  Windows 10 , 64 bit Build 19041 (10.0.19041.1348)
Time: Fri Jul 12 11:57:13 2024 SE Asia Standard Time elapsed time: 0.097377 seconds (0d 0h 0m 0s)

---------------  T H R E A D  ---------------

Current thread (0x000001b36a026480):  JavaThread "C2 CompilerThread1" daemon [_thread_in_native, id=7708, stack(0x0000009d1a700000,0x0000009d1a800000) (1024K)]


Current CompileTask:
C2:97  192       4       java.lang.module.ModuleDescriptor$Exports::isQualified (18 bytes)

Stack: [0x0000009d1a700000,0x0000009d1a800000]
Native frames: (J=compiled Java code, j=interpreted, Vv=VM code, C=native code)
V  [jvm.dll+0x6e2279]  (no source info available)
V  [jvm.dll+0x874e33]  (no source info available)
V  [jvm.dll+0x87725e]  (no source info available)
V  [jvm.dll+0x877933]  (no source info available)
V  [jvm.dll+0x27fd76]  (no source info available)
V  [jvm.dll+0xc3d0f]  (no source info available)
V  [jvm.dll+0xc3f6b]  (no source info available)
V  [jvm.dll+0x5ed74a]  (no source info available)
V  [jvm.dll+0x387b9a]  (no source info available)
V  [jvm.dll+0x386fda]  (no source info available)
V  [jvm.dll+0x247918]  (no source info available)
V  [jvm.dll+0x246fbf]  (no source info available)
V  [jvm.dll+0x1c4e90]  (no source info available)
V  [jvm.dll+0x2569fe]  (no source info available)
V  [jvm.dll+0x254cba]  (no source info available)
V  [jvm.dll+0x3f5336]  (no source info available)
V  [jvm.dll+0x81d44b]  (no source info available)
V  [jvm.dll+0x6e0915]  (no source info available)
C  [ucrtbase.dll+0x21bb2]  (no source info available)
C  [KERNEL32.DLL+0x17034]  (no source info available)
C  [ntdll.dll+0x52651]  (no source info available)


---------------  P R O C E S S  ---------------

Threads class SMR info:
_java_thread_list=0x000001b324d5c0e0, length=12, elements={
0x000001b306a650a0, 0x000001b324a2c7a0, 0x000001b324a2f410, 0x000001b324a34720,
0x000001b324a381a0, 0x000001b324a38c00, 0x000001b324a3d0f0, 0x000001b324a50bf0,
0x000001b324a532c0, 0x000001b324c502c0, 0x000001b324c530b0, 0x000001b36a026480
}

Java Threads: ( => current thread )
  0x000001b306a650a0 JavaThread "main"                              [_thread_blocked, id=7512, stack(0x0000009d19500000,0x0000009d19600000) (1024K)]
  0x000001b324a2c7a0 JavaThread "Reference Handler"          daemon [_thread_blocked, id=6884, stack(0x0000009d19d00000,0x0000009d19e00000) (1024K)]
  0x000001b324a2f410 JavaThread "Finalizer"                  daemon [_thread_blocked, id=9024, stack(0x0000009d19e00000,0x0000009d19f00000) (1024K)]
  0x000001b324a34720 JavaThread "Signal Dispatcher"          daemon [_thread_blocked, id=3984, stack(0x0000009d19f00000,0x0000009d1a000000) (1024K)]
  0x000001b324a381a0 JavaThread "Attach Listener"            daemon [_thread_blocked, id=8956, stack(0x0000009d1a000000,0x0000009d1a100000) (1024K)]
  0x000001b324a38c00 JavaThread "Service Thread"             daemon [_thread_blocked, id=3560, stack(0x0000009d1a100000,0x0000009d1a200000) (1024K)]
  0x000001b324a3d0f0 JavaThread "Monitor Deflation Thread"   daemon [_thread_blocked, id=2116, stack(0x0000009d1a200000,0x0000009d1a300000) (1024K)]
  0x000001b324a50bf0 JavaThread "C2 CompilerThread0"         daemon [_thread_in_native, id=5612, stack(0x0000009d1a300000,0x0000009d1a400000) (1024K)]
  0x000001b324a532c0 JavaThread "C1 CompilerThread0"         daemon [_thread_blocked, id=3312, stack(0x0000009d1a400000,0x0000009d1a500000) (1024K)]
  0x000001b324c502c0 JavaThread "Common-Cleaner"             daemon [_thread_blocked, id=8812, stack(0x0000009d1a500000,0x0000009d1a600000) (1024K)]
  0x000001b324c530b0 JavaThread "Notification Thread"        daemon [_thread_blocked, id=7768, stack(0x0000009d1a600000,0x0000009d1a700000) (1024K)]
=>0x000001b36a026480 JavaThread "C2 CompilerThread1"         daemon [_thread_in_native, id=7708, stack(0x0000009d1a700000,0x0000009d1a800000) (1024K)]
Total: 12

Other Threads:
  0x000001b324a139f0 VMThread "VM Thread"                           [id=7588, stack(0x0000009d19c00000,0x0000009d19d00000) (1024K)]
  0x000001b3249fa700 WatcherThread "VM Periodic Task Thread"        [id=1896, stack(0x0000009d19b00000,0x0000009d19c00000) (1024K)]
  0x000001b306bba5e0 WorkerThread "GC Thread#0"                     [id=6088, stack(0x0000009d19600000,0x0000009d19700000) (1024K)]
  0x000001b306bccff0 ConcurrentGCThread "G1 Main Marker"            [id=8304, stack(0x0000009d19700000,0x0000009d19800000) (1024K)]
  0x000001b306bcda10 WorkerThread "G1 Conc#0"                       [id=708, stack(0x0000009d19800000,0x0000009d19900000) (1024K)]
  0x000001b3248c24c0 ConcurrentGCThread "G1 Refine#0"               [id=1124, stack(0x0000009d19900000,0x0000009d19a00000) (1024K)]
  0x000001b306c367f0 ConcurrentGCThread "G1 Service"                [id=8052, stack(0x0000009d19a00000,0x0000009d19b00000) (1024K)]
Total: 7

Threads with active compile tasks:
C2 CompilerThread0  130  204       4       java.util.HashMap::putVal (300 bytes)
C2 CompilerThread1  130  192       4       java.lang.module.ModuleDescriptor$Exports::isQualified (18 bytes)
Total: 2

VM state: not at safepoint (normal execution)

VM Mutex/Monitor currently owned by a thread: None

Heap address: 0x0000000081600000, size: 2026 MB, Compressed Oops mode: 32-bit

CDS archive(s) mapped at: [0x000001b325000000-0x000001b325c60000-0x000001b325c60000), size 12976128, SharedBaseAddress: 0x000001b325000000, ArchiveRelocationMode: 1.
Compressed class space mapped at: 0x000001b326000000-0x000001b366000000, reserved size: 1073741824
Narrow klass base: 0x000001b325000000, Narrow klass shift: 0, Narrow klass range: 0x41000000

GC Precious Log:
 CardTable entry size: 512
 Card Set container configuration: InlinePtr #cards 5 size 8 Array Of Cards #cards 12 size 40 Howl #buckets 4 coarsen threshold 1843 Howl Bitmap #cards 512 size 80 coarsen threshold 460 Card regions per heap region 1 cards per card region 2048
 CPUs: 4 total, 4 available
 Memory: 8097M
 Large Page Support: Disabled
 NUMA Support: Disabled
 Compressed Oops: Enabled (32-bit)
 Heap Region Size: 1M
 Heap Min Capacity: 8M
 Heap Initial Capacity: 128M
 Heap Max Capacity: 2026M
 Pre-touch: Disabled
 Parallel Workers: 4
 Concurrent Workers: 1
 Concurrent Refinement Workers: 4
 Periodic GC: Disabled

Heap:
 garbage-first heap   total reserved 2074624K, committed 131072K, used 2048K [0x0000000081600000, 0x0000000100000000)
  region size 1024K, 3 young (3072K), 0 survivors (0K)
 Metaspace       used 501K, committed 704K, reserved 1114112K
  class space    used 41K, committed 128K, reserved 1048576K

Heap Regions: E=young(eden), S=young(survivor), O=old, HS=humongous(starts), HC=humongous(continues), CS=collection set, F=free, TAMS=top-at-mark-start, PB=parsable bottom
|   0|0x0000000081600000, 0x0000000081600000, 0x0000000081700000|  0%| F|  |TAMS 0x0000000081600000| PB 0x0000000081600000| Untracked |  0
|   1|0x0000000081700000, 0x0000000081700000, 0x0000000081800000|  0%| F|  |TAMS 0x0000000081700000| PB 0x0000000081700000| Untracked |  0
|   2|0x0000000081800000, 0x0000000081800000, 0x0000000081900000|  0%| F|  |TAMS 0x0000000081800000| PB 0x0000000081800000| Untracked |  0
|   3|0x0000000081900000, 0x0000000081900000, 0x0000000081a00000|  0%| F|  |TAMS 0x0000000081900000| PB 0x0000000081900000| Untracked |  0
|   4|0x0000000081a00000, 0x0000000081a00000, 0x0000000081b00000|  0%| F|  |TAMS 0x0000000081a00000| PB 0x0000000081a00000| Untracked |  0
|   5|0x0000000081b00000, 0x0000000081b00000, 0x0000000081c00000|  0%| F|  |TAMS 0x0000000081b00000| PB 0x0000000081b00000| Untracked |  0
|   6|0x0000000081c00000, 0x0000000081c00000, 0x0000000081d00000|  0%| F|  |TAMS 0x0000000081c00000| PB 0x0000000081c00000| Untracked |  0
|   7|0x0000000081d00000, 0x0000000081d00000, 0x0000000081e00000|  0%| F|  |TAMS 0x0000000081d00000| PB 0x0000000081d00000| Untracked |  0
|   8|0x0000000081e00000, 0x0000000081e00000, 0x0000000081f00000|  0%| F|  |TAMS 0x0000000081e00000| PB 0x0000000081e00000| Untracked |  0
|   9|0x0000000081f00000, 0x0000000081f00000, 0x0000000082000000|  0%| F|  |TAMS 0x0000000081f00000| PB 0x0000000081f00000| Untracked |  0
|  10|0x0000000082000000, 0x0000000082000000, 0x0000000082100000|  0%| F|  |TAMS 0x0000000082000000| PB 0x0000000082000000| Untracked |  0
|  11|0x0000000082100000, 0x0000000082100000, 0x0000000082200000|  0%| F|  |TAMS 0x0000000082100000| PB 0x0000000082100000| Untracked |  0
|  12|0x0000000082200000, 0x0000000082200000, 0x0000000082300000|  0%| F|  |TAMS 0x0000000082200000| PB 0x0000000082200000| Untracked |  0
|  13|0x0000000082300000, 0x0000000082300000, 0x0000000082400000|  0%| F|  |TAMS 0x0000000082300000| PB 0x0000000082300000| Untracked |  0
|  14|0x0000000082400000, 0x0000000082400000, 0x0000000082500000|  0%| F|  |TAMS 0x0000000082400000| PB 0x0000000082400000| Untracked |  0
|  15|0x0000000082500000, 0x0000000082500000, 0x0000000082600000|  0%| F|  |TAMS 0x0000000082500000| PB 0x0000000082500000| Untracked |  0
|  16|0x0000000082600000, 0x0000000082600000, 0x0000000082700000|  0%| F|  |TAMS 0x0000000082600000| PB 0x0000000082600000| Untracked |  0
|  17|0x0000000082700000, 0x0000000082700000, 0x0000000082800000|  0%| F|  |TAMS 0x0000000082700000| PB 0x0000000082700000| Untracked |  0
|  18|0x0000000082800000, 0x0000000082800000, 0x0000000082900000|  0%| F|  |TAMS 0x0000000082800000| PB 0x0000000082800000| Untracked |  0
|  19|0x0000000082900000, 0x0000000082900000, 0x0000000082a00000|  0%| F|  |TAMS 0x0000000082900000| PB 0x0000000082900000| Untracked |  0
|  20|0x0000000082a00000, 0x0000000082a00000, 0x0000000082b00000|  0%| F|  |TAMS 0x0000000082a00000| PB 0x0000000082a00000| Untracked |  0
|  21|0x0000000082b00000, 0x0000000082b00000, 0x0000000082c00000|  0%| F|  |TAMS 0x0000000082b00000| PB 0x0000000082b00000| Untracked |  0
|  22|0x0000000082c00000, 0x0000000082c00000, 0x0000000082d00000|  0%| F|  |TAMS 0x0000000082c00000| PB 0x0000000082c00000| Untracked |  0
|  23|0x0000000082d00000, 0x0000000082d00000, 0x0000000082e00000|  0%| F|  |TAMS 0x0000000082d00000| PB 0x0000000082d00000| Untracked |  0
|  24|0x0000000082e00000, 0x0000000082e00000, 0x0000000082f00000|  0%| F|  |TAMS 0x0000000082e00000| PB 0x0000000082e00000| Untracked |  0
|  25|0x0000000082f00000, 0x0000000082f00000, 0x0000000083000000|  0%| F|  |TAMS 0x0000000082f00000| PB 0x0000000082f00000| Untracked |  0
|  26|0x0000000083000000, 0x0000000083000000, 0x0000000083100000|  0%| F|  |TAMS 0x0000000083000000| PB 0x0000000083000000| Untracked |  0
|  27|0x0000000083100000, 0x0000000083100000, 0x0000000083200000|  0%| F|  |TAMS 0x0000000083100000| PB 0x0000000083100000| Untracked |  0
|  28|0x0000000083200000, 0x0000000083200000, 0x0000000083300000|  0%| F|  |TAMS 0x0000000083200000| PB 0x0000000083200000| Untracked |  0
|  29|0x0000000083300000, 0x0000000083300000, 0x0000000083400000|  0%| F|  |TAMS 0x0000000083300000| PB 0x0000000083300000| Untracked |  0
|  30|0x0000000083400000, 0x0000000083400000, 0x0000000083500000|  0%| F|  |TAMS 0x0000000083400000| PB 0x0000000083400000| Untracked |  0
|  31|0x0000000083500000, 0x0000000083500000, 0x0000000083600000|  0%| F|  |TAMS 0x0000000083500000| PB 0x0000000083500000| Untracked |  0
|  32|0x0000000083600000, 0x0000000083600000, 0x0000000083700000|  0%| F|  |TAMS 0x0000000083600000| PB 0x0000000083600000| Untracked |  0
|  33|0x0000000083700000, 0x0000000083700000, 0x0000000083800000|  0%| F|  |TAMS 0x0000000083700000| PB 0x0000000083700000| Untracked |  0
|  34|0x0000000083800000, 0x0000000083800000, 0x0000000083900000|  0%| F|  |TAMS 0x0000000083800000| PB 0x0000000083800000| Untracked |  0
|  35|0x0000000083900000, 0x0000000083900000, 0x0000000083a00000|  0%| F|  |TAMS 0x0000000083900000| PB 0x0000000083900000| Untracked |  0
|  36|0x0000000083a00000, 0x0000000083a00000, 0x0000000083b00000|  0%| F|  |TAMS 0x0000000083a00000| PB 0x0000000083a00000| Untracked |  0
|  37|0x0000000083b00000, 0x0000000083b00000, 0x0000000083c00000|  0%| F|  |TAMS 0x0000000083b00000| PB 0x0000000083b00000| Untracked |  0
|  38|0x0000000083c00000, 0x0000000083c00000, 0x0000000083d00000|  0%| F|  |TAMS 0x0000000083c00000| PB 0x0000000083c00000| Untracked |  0
|  39|0x0000000083d00000, 0x0000000083d00000, 0x0000000083e00000|  0%| F|  |TAMS 0x0000000083d00000| PB 0x0000000083d00000| Untracked |  0
|  40|0x0000000083e00000, 0x0000000083e00000, 0x0000000083f00000|  0%| F|  |TAMS 0x0000000083e00000| PB 0x0000000083e00000| Untracked |  0
|  41|0x0000000083f00000, 0x0000000083f00000, 0x0000000084000000|  0%| F|  |TAMS 0x0000000083f00000| PB 0x0000000083f00000| Untracked |  0
|  42|0x0000000084000000, 0x0000000084000000, 0x0000000084100000|  0%| F|  |TAMS 0x0000000084000000| PB 0x0000000084000000| Untracked |  0
|  43|0x0000000084100000, 0x0000000084100000, 0x0000000084200000|  0%| F|  |TAMS 0x0000000084100000| PB 0x0000000084100000| Untracked |  0
|  44|0x0000000084200000, 0x0000000084200000, 0x0000000084300000|  0%| F|  |TAMS 0x0000000084200000| PB 0x0000000084200000| Untracked |  0
|  45|0x0000000084300000, 0x0000000084300000, 0x0000000084400000|  0%| F|  |TAMS 0x0000000084300000| PB 0x0000000084300000| Untracked |  0
|  46|0x0000000084400000, 0x0000000084400000, 0x0000000084500000|  0%| F|  |TAMS 0x0000000084400000| PB 0x0000000084400000| Untracked |  0
|  47|0x0000000084500000, 0x0000000084500000, 0x0000000084600000|  0%| F|  |TAMS 0x0000000084500000| PB 0x0000000084500000| Untracked |  0
|  48|0x0000000084600000, 0x0000000084600000, 0x0000000084700000|  0%| F|  |TAMS 0x0000000084600000| PB 0x0000000084600000| Untracked |  0
|  49|0x0000000084700000, 0x0000000084700000, 0x0000000084800000|  0%| F|  |TAMS 0x0000000084700000| PB 0x0000000084700000| Untracked |  0
|  50|0x0000000084800000, 0x0000000084800000, 0x0000000084900000|  0%| F|  |TAMS 0x0000000084800000| PB 0x0000000084800000| Untracked |  0
|  51|0x0000000084900000, 0x0000000084900000, 0x0000000084a00000|  0%| F|  |TAMS 0x0000000084900000| PB 0x0000000084900000| Untracked |  0
|  52|0x0000000084a00000, 0x0000000084a00000, 0x0000000084b00000|  0%| F|  |TAMS 0x0000000084a00000| PB 0x0000000084a00000| Untracked |  0
|  53|0x0000000084b00000, 0x0000000084b00000, 0x0000000084c00000|  0%| F|  |TAMS 0x0000000084b00000| PB 0x0000000084b00000| Untracked |  0
|  54|0x0000000084c00000, 0x0000000084c00000, 0x0000000084d00000|  0%| F|  |TAMS 0x0000000084c00000| PB 0x0000000084c00000| Untracked |  0
|  55|0x0000000084d00000, 0x0000000084d00000, 0x0000000084e00000|  0%| F|  |TAMS 0x0000000084d00000| PB 0x0000000084d00000| Untracked |  0
|  56|0x0000000084e00000, 0x0000000084e00000, 0x0000000084f00000|  0%| F|  |TAMS 0x0000000084e00000| PB 0x0000000084e00000| Untracked |  0
|  57|0x0000000084f00000, 0x0000000084f00000, 0x0000000085000000|  0%| F|  |TAMS 0x0000000084f00000| PB 0x0000000084f00000| Untracked |  0
|  58|0x0000000085000000, 0x0000000085000000, 0x0000000085100000|  0%| F|  |TAMS 0x0000000085000000| PB 0x0000000085000000| Untracked |  0
|  59|0x0000000085100000, 0x0000000085100000, 0x0000000085200000|  0%| F|  |TAMS 0x0000000085100000| PB 0x0000000085100000| Untracked |  0
|  60|0x0000000085200000, 0x0000000085200000, 0x0000000085300000|  0%| F|  |TAMS 0x0000000085200000| PB 0x0000000085200000| Untracked |  0
|  61|0x0000000085300000, 0x0000000085300000, 0x0000000085400000|  0%| F|  |TAMS 0x0000000085300000| PB 0x0000000085300000| Untracked |  0
|  62|0x0000000085400000, 0x0000000085400000, 0x0000000085500000|  0%| F|  |TAMS 0x0000000085400000| PB 0x0000000085400000| Untracked |  0
|  63|0x0000000085500000, 0x0000000085500000, 0x0000000085600000|  0%| F|  |TAMS 0x0000000085500000| PB 0x0000000085500000| Untracked |  0
|  64|0x0000000085600000, 0x0000000085600000, 0x0000000085700000|  0%| F|  |TAMS 0x0000000085600000| PB 0x0000000085600000| Untracked |  0
|  65|0x0000000085700000, 0x0000000085700000, 0x0000000085800000|  0%| F|  |TAMS 0x0000000085700000| PB 0x0000000085700000| Untracked |  0
|  66|0x0000000085800000, 0x0000000085800000, 0x0000000085900000|  0%| F|  |TAMS 0x0000000085800000| PB 0x0000000085800000| Untracked |  0
|  67|0x0000000085900000, 0x0000000085900000, 0x0000000085a00000|  0%| F|  |TAMS 0x0000000085900000| PB 0x0000000085900000| Untracked |  0
|  68|0x0000000085a00000, 0x0000000085a00000, 0x0000000085b00000|  0%| F|  |TAMS 0x0000000085a00000| PB 0x0000000085a00000| Untracked |  0
|  69|0x0000000085b00000, 0x0000000085b00000, 0x0000000085c00000|  0%| F|  |TAMS 0x0000000085b00000| PB 0x0000000085b00000| Untracked |  0
|  70|0x0000000085c00000, 0x0000000085c00000, 0x0000000085d00000|  0%| F|  |TAMS 0x0000000085c00000| PB 0x0000000085c00000| Untracked |  0
|  71|0x0000000085d00000, 0x0000000085d00000, 0x0000000085e00000|  0%| F|  |TAMS 0x0000000085d00000| PB 0x0000000085d00000| Untracked |  0
|  72|0x0000000085e00000, 0x0000000085e00000, 0x0000000085f00000|  0%| F|  |TAMS 0x0000000085e00000| PB 0x0000000085e00000| Untracked |  0
|  73|0x0000000085f00000, 0x0000000085f00000, 0x0000000086000000|  0%| F|  |TAMS 0x0000000085f00000| PB 0x0000000085f00000| Untracked |  0
|  74|0x0000000086000000, 0x0000000086000000, 0x0000000086100000|  0%| F|  |TAMS 0x0000000086000000| PB 0x0000000086000000| Untracked |  0
|  75|0x0000000086100000, 0x0000000086100000, 0x0000000086200000|  0%| F|  |TAMS 0x0000000086100000| PB 0x0000000086100000| Untracked |  0
|  76|0x0000000086200000, 0x0000000086200000, 0x0000000086300000|  0%| F|  |TAMS 0x0000000086200000| PB 0x0000000086200000| Untracked |  0
|  77|0x0000000086300000, 0x0000000086300000, 0x0000000086400000|  0%| F|  |TAMS 0x0000000086300000| PB 0x0000000086300000| Untracked |  0
|  78|0x0000000086400000, 0x0000000086400000, 0x0000000086500000|  0%| F|  |TAMS 0x0000000086400000| PB 0x0000000086400000| Untracked |  0
|  79|0x0000000086500000, 0x0000000086500000, 0x0000000086600000|  0%| F|  |TAMS 0x0000000086500000| PB 0x0000000086500000| Untracked |  0
|  80|0x0000000086600000, 0x0000000086600000, 0x0000000086700000|  0%| F|  |TAMS 0x0000000086600000| PB 0x0000000086600000| Untracked |  0
|  81|0x0000000086700000, 0x0000000086700000, 0x0000000086800000|  0%| F|  |TAMS 0x0000000086700000| PB 0x0000000086700000| Untracked |  0
|  82|0x0000000086800000, 0x0000000086800000, 0x0000000086900000|  0%| F|  |TAMS 0x0000000086800000| PB 0x0000000086800000| Untracked |  0
|  83|0x0000000086900000, 0x0000000086900000, 0x0000000086a00000|  0%| F|  |TAMS 0x0000000086900000| PB 0x0000000086900000| Untracked |  0
|  84|0x0000000086a00000, 0x0000000086a00000, 0x0000000086b00000|  0%| F|  |TAMS 0x0000000086a00000| PB 0x0000000086a00000| Untracked |  0
|  85|0x0000000086b00000, 0x0000000086b00000, 0x0000000086c00000|  0%| F|  |TAMS 0x0000000086b00000| PB 0x0000000086b00000| Untracked |  0
|  86|0x0000000086c00000, 0x0000000086c00000, 0x0000000086d00000|  0%| F|  |TAMS 0x0000000086c00000| PB 0x0000000086c00000| Untracked |  0
|  87|0x0000000086d00000, 0x0000000086d00000, 0x0000000086e00000|  0%| F|  |TAMS 0x0000000086d00000| PB 0x0000000086d00000| Untracked |  0
|  88|0x0000000086e00000, 0x0000000086e00000, 0x0000000086f00000|  0%| F|  |TAMS 0x0000000086e00000| PB 0x0000000086e00000| Untracked |  0
|  89|0x0000000086f00000, 0x0000000086f00000, 0x0000000087000000|  0%| F|  |TAMS 0x0000000086f00000| PB 0x0000000086f00000| Untracked |  0
|  90|0x0000000087000000, 0x0000000087000000, 0x0000000087100000|  0%| F|  |TAMS 0x0000000087000000| PB 0x0000000087000000| Untracked |  0
|  91|0x0000000087100000, 0x0000000087100000, 0x0000000087200000|  0%| F|  |TAMS 0x0000000087100000| PB 0x0000000087100000| Untracked |  0
|  92|0x0000000087200000, 0x0000000087200000, 0x0000000087300000|  0%| F|  |TAMS 0x0000000087200000| PB 0x0000000087200000| Untracked |  0
|  93|0x0000000087300000, 0x0000000087300000, 0x0000000087400000|  0%| F|  |TAMS 0x0000000087300000| PB 0x0000000087300000| Untracked |  0
|  94|0x0000000087400000, 0x0000000087400000, 0x0000000087500000|  0%| F|  |TAMS 0x0000000087400000| PB 0x0000000087400000| Untracked |  0
|  95|0x0000000087500000, 0x0000000087500000, 0x0000000087600000|  0%| F|  |TAMS 0x0000000087500000| PB 0x0000000087500000| Untracked |  0
|  96|0x0000000087600000, 0x0000000087600000, 0x0000000087700000|  0%| F|  |TAMS 0x0000000087600000| PB 0x0000000087600000| Untracked |  0
|  97|0x0000000087700000, 0x0000000087700000, 0x0000000087800000|  0%| F|  |TAMS 0x0000000087700000| PB 0x0000000087700000| Untracked |  0
|  98|0x0000000087800000, 0x0000000087800000, 0x0000000087900000|  0%| F|  |TAMS 0x0000000087800000| PB 0x0000000087800000| Untracked |  0
|  99|0x0000000087900000, 0x0000000087900000, 0x0000000087a00000|  0%| F|  |TAMS 0x0000000087900000| PB 0x0000000087900000| Untracked |  0
| 100|0x0000000087a00000, 0x0000000087a00000, 0x0000000087b00000|  0%| F|  |TAMS 0x0000000087a00000| PB 0x0000000087a00000| Untracked |  0
| 101|0x0000000087b00000, 0x0000000087b00000, 0x0000000087c00000|  0%| F|  |TAMS 0x0000000087b00000| PB 0x0000000087b00000| Untracked |  0
| 102|0x0000000087c00000, 0x0000000087c00000, 0x0000000087d00000|  0%| F|  |TAMS 0x0000000087c00000| PB 0x0000000087c00000| Untracked |  0
| 103|0x0000000087d00000, 0x0000000087d00000, 0x0000000087e00000|  0%| F|  |TAMS 0x0000000087d00000| PB 0x0000000087d00000| Untracked |  0
| 104|0x0000000087e00000, 0x0000000087e00000, 0x0000000087f00000|  0%| F|  |TAMS 0x0000000087e00000| PB 0x0000000087e00000| Untracked |  0
| 105|0x0000000087f00000, 0x0000000087f00000, 0x0000000088000000|  0%| F|  |TAMS 0x0000000087f00000| PB 0x0000000087f00000| Untracked |  0
| 106|0x0000000088000000, 0x0000000088000000, 0x0000000088100000|  0%| F|  |TAMS 0x0000000088000000| PB 0x0000000088000000| Untracked |  0
| 107|0x0000000088100000, 0x0000000088100000, 0x0000000088200000|  0%| F|  |TAMS 0x0000000088100000| PB 0x0000000088100000| Untracked |  0
| 108|0x0000000088200000, 0x0000000088200000, 0x0000000088300000|  0%| F|  |TAMS 0x0000000088200000| PB 0x0000000088200000| Untracked |  0
| 109|0x0000000088300000, 0x0000000088300000, 0x0000000088400000|  0%| F|  |TAMS 0x0000000088300000| PB 0x0000000088300000| Untracked |  0
| 110|0x0000000088400000, 0x0000000088400000, 0x0000000088500000|  0%| F|  |TAMS 0x0000000088400000| PB 0x0000000088400000| Untracked |  0
| 111|0x0000000088500000, 0x0000000088500000, 0x0000000088600000|  0%| F|  |TAMS 0x0000000088500000| PB 0x0000000088500000| Untracked |  0
| 112|0x0000000088600000, 0x0000000088600000, 0x0000000088700000|  0%| F|  |TAMS 0x0000000088600000| PB 0x0000000088600000| Untracked |  0
| 113|0x0000000088700000, 0x0000000088700000, 0x0000000088800000|  0%| F|  |TAMS 0x0000000088700000| PB 0x0000000088700000| Untracked |  0
| 114|0x0000000088800000, 0x0000000088800000, 0x0000000088900000|  0%| F|  |TAMS 0x0000000088800000| PB 0x0000000088800000| Untracked |  0
| 115|0x0000000088900000, 0x0000000088900000, 0x0000000088a00000|  0%| F|  |TAMS 0x0000000088900000| PB 0x0000000088900000| Untracked |  0
| 116|0x0000000088a00000, 0x0000000088a00000, 0x0000000088b00000|  0%| F|  |TAMS 0x0000000088a00000| PB 0x0000000088a00000| Untracked |  0
| 117|0x0000000088b00000, 0x0000000088b00000, 0x0000000088c00000|  0%| F|  |TAMS 0x0000000088b00000| PB 0x0000000088b00000| Untracked |  0
| 118|0x0000000088c00000, 0x0000000088c00000, 0x0000000088d00000|  0%| F|  |TAMS 0x0000000088c00000| PB 0x0000000088c00000| Untracked |  0
| 119|0x0000000088d00000, 0x0000000088d00000, 0x0000000088e00000|  0%| F|  |TAMS 0x0000000088d00000| PB 0x0000000088d00000| Untracked |  0
| 120|0x0000000088e00000, 0x0000000088e00000, 0x0000000088f00000|  0%| F|  |TAMS 0x0000000088e00000| PB 0x0000000088e00000| Untracked |  0
| 121|0x0000000088f00000, 0x0000000088f00000, 0x0000000089000000|  0%| F|  |TAMS 0x0000000088f00000| PB 0x0000000088f00000| Untracked |  0
| 122|0x0000000089000000, 0x0000000089000000, 0x0000000089100000|  0%| F|  |TAMS 0x0000000089000000| PB 0x0000000089000000| Untracked |  0
| 123|0x0000000089100000, 0x0000000089100000, 0x0000000089200000|  0%| F|  |TAMS 0x0000000089100000| PB 0x0000000089100000| Untracked |  0
| 124|0x0000000089200000, 0x0000000089200000, 0x0000000089300000|  0%| F|  |TAMS 0x0000000089200000| PB 0x0000000089200000| Untracked |  0
| 125|0x0000000089300000, 0x00000000893d72f0, 0x0000000089400000| 84%| E|  |TAMS 0x0000000089300000| PB 0x0000000089300000| Complete |  0
| 126|0x0000000089400000, 0x0000000089500000, 0x0000000089500000|100%| E|CS|TAMS 0x0000000089400000| PB 0x0000000089400000| Complete |  0
| 127|0x0000000089500000, 0x0000000089600000, 0x0000000089600000|100%| E|CS|TAMS 0x0000000089500000| PB 0x0000000089500000| Complete |  0

Card table byte_map: [0x000001b3200b0000,0x000001b3204b0000] _byte_map_base: 0x000001b31fca5000

Marking Bits: (CMBitMap*) 0x000001b306bbbc10
 Bits: [0x000001b3204b0000, 0x000001b322458000)

Polling page: 0x000001b3069b0000

Metaspace:

Usage:
  Non-class:    459.73 KB used.
      Class:     41.50 KB used.
       Both:    501.23 KB used.

Virtual space:
  Non-class space:       64.00 MB reserved,     576.00 KB ( <1%) committed,  1 nodes.
      Class space:        1.00 GB reserved,     128.00 KB ( <1%) committed,  1 nodes.
             Both:        1.06 GB reserved,     704.00 KB ( <1%) committed. 

Chunk freelists:
   Non-Class:  12.00 MB
       Class:  15.75 MB
        Both:  27.74 MB

MaxMetaspaceSize: unlimited
CompressedClassSpaceSize: 1.00 GB
Initial GC threshold: 21.00 MB
Current GC threshold: 21.00 MB
CDS: on
 - commit_granule_bytes: 65536.
 - commit_granule_words: 8192.
 - virtual_space_node_default_size: 8388608.
 - enlarge_chunks_in_place: 1.
 - use_allocation_guard: 0.


Internal statistics:

num_allocs_failed_limit: 0.
num_arena_births: 6.
num_arena_deaths: 0.
num_vsnodes_births: 2.
num_vsnodes_deaths: 0.
num_space_committed: 11.
num_space_uncommitted: 0.
num_chunks_returned_to_freelist: 0.
num_chunks_taken_from_freelist: 7.
num_chunk_merges: 0.
num_chunk_splits: 5.
num_chunks_enlarged: 2.
num_inconsistent_stats: 0.

CodeHeap 'non-profiled nmethods': size=120000Kb used=78Kb max_used=78Kb free=119921Kb
 bounds [0x000001b318160000, 0x000001b3183d0000, 0x000001b31f690000]
CodeHeap 'profiled nmethods': size=120000Kb used=309Kb max_used=309Kb free=119690Kb
 bounds [0x000001b310690000, 0x000001b310900000, 0x000001b317bc0000]
CodeHeap 'non-nmethods': size=5760Kb used=1288Kb max_used=1288Kb free=4471Kb
 bounds [0x000001b317bc0000, 0x000001b317e30000, 0x000001b318160000]
 total_blobs=682 nmethods=279 adapters=308
 compilation: enabled
              stopped_count=0, restarted_count=0
 full_count=0

Compilation events (20 events):
Event: 0.093 Thread 0x000001b324a532c0  229       3       java.lang.StringBuilder::append (8 bytes)
Event: 0.093 Thread 0x000001b324a532c0 nmethod 229 0x000001b3106c6890 code [0x000001b3106c6a40, 0x000001b3106c6b90]
Event: 0.093 Thread 0x000001b324a532c0  230       3       java.lang.AbstractStringBuilder::append (77 bytes)
Event: 0.094 Thread 0x000001b324a532c0 nmethod 230 0x000001b3106c6c10 code [0x000001b3106c6e20, 0x000001b3106c74c8]
Event: 0.094 Thread 0x000001b324a532c0  231       3       sun.nio.fs.NativeBuffer::close (5 bytes)
Event: 0.094 Thread 0x000001b324a532c0 nmethod 231 0x000001b3106c7790 code [0x000001b3106c7940, 0x000001b3106c7ae8]
Event: 0.094 Thread 0x000001b324a532c0  232       3       java.util.zip.ZipUtils::SH (21 bytes)
Event: 0.094 Thread 0x000001b324a532c0 nmethod 232 0x000001b3106c7b90 code [0x000001b3106c7d20, 0x000001b3106c7e68]
Event: 0.094 Thread 0x000001b324a532c0  233       3       java.util.zip.ZipUtils::LG (22 bytes)
Event: 0.094 Thread 0x000001b324a532c0 nmethod 233 0x000001b3106c7f90 code [0x000001b3106c8140, 0x000001b3106c83b0]
Event: 0.094 Thread 0x000001b324a532c0  234       3       java.lang.StringCoding::countPositives (33 bytes)
Event: 0.094 Thread 0x000001b36a026480  213       4       java.util.concurrent.ConcurrentHashMap::spread (10 bytes)
Event: 0.094 Thread 0x000001b324a532c0 nmethod 234 0x000001b3106c8510 code [0x000001b3106c86c0, 0x000001b3106c88e0]
Event: 0.094 Thread 0x000001b324a532c0  237       3       java.util.zip.ZipUtils::CENCOM (9 bytes)
Event: 0.095 Thread 0x000001b324a532c0 nmethod 237 0x000001b3106c8a10 code [0x000001b3106c8bc0, 0x000001b3106c8d68]
Event: 0.095 Thread 0x000001b324a532c0  238       3       java.util.zip.ZipUtils::CENEXT (9 bytes)
Event: 0.095 Thread 0x000001b36a026480 nmethod 213 0x000001b318171810 code [0x000001b318171980, 0x000001b3181719f8]
Event: 0.095 Thread 0x000001b324a532c0 nmethod 238 0x000001b3106c8e90 code [0x000001b3106c9040, 0x000001b3106c91e8]
Event: 0.095 Thread 0x000001b36a026480  192       4       java.lang.module.ModuleDescriptor$Exports::isQualified (18 bytes)
Event: 0.095 Thread 0x000001b324a532c0  239   !   3       java.util.zip.ZipFile$Source::checkAndAddEntry (354 bytes)

GC Heap History (0 events):
No events

Dll operation events (4 events):
Event: 0.009 Loaded shared library C:\Program Files\Java\jdk-22\bin\java.dll
Event: 0.037 Loaded shared library C:\Program Files\Java\jdk-22\bin\jsvml.dll
Event: 0.068 Loaded shared library C:\Program Files\Java\jdk-22\bin\net.dll
Event: 0.069 Loaded shared library C:\Program Files\Java\jdk-22\bin\nio.dll

Deoptimization events (0 events):
No events

Classes loaded (20 events):
Event: 0.070 Loading class java/nio/file/DirectoryStream done
Event: 0.070 Loading class sun/nio/fs/WindowsDirectoryStream done
Event: 0.070 Loading class sun/nio/fs/WindowsDirectoryStream$WindowsDirectoryIterator
Event: 0.070 Loading class sun/nio/fs/WindowsDirectoryStream$WindowsDirectoryIterator done
Event: 0.071 Loading class sun/nio/fs/WindowsPath$WindowsPathWithAttributes
Event: 0.071 Loading class sun/nio/fs/BasicFileAttributesHolder
Event: 0.071 Loading class sun/nio/fs/BasicFileAttributesHolder done
Event: 0.071 Loading class sun/nio/fs/WindowsPath$WindowsPathWithAttributes done
Event: 0.073 Loading class java/nio/file/attribute/FileAttribute
Event: 0.073 Loading class java/nio/file/attribute/FileAttribute done
Event: 0.073 Loading class sun/nio/fs/WindowsSecurityDescriptor
Event: 0.073 Loading class sun/nio/fs/WindowsSecurityDescriptor done
Event: 0.073 Loading class sun/nio/fs/WindowsChannelFactory
Event: 0.073 Loading class sun/nio/fs/WindowsChannelFactory done
Event: 0.074 Loading class sun/nio/fs/WindowsChannelFactory$1
Event: 0.074 Loading class sun/nio/fs/WindowsChannelFactory$1 done
Event: 0.074 Loading class sun/nio/fs/WindowsChannelFactory$Flags
Event: 0.074 Loading class sun/nio/fs/WindowsChannelFactory$Flags done
Event: 0.079 Loading class jdk/internal/module/ModuleReferenceImpl$CachedHash
Event: 0.079 Loading class jdk/internal/module/ModuleReferenceImpl$CachedHash done

Classes unloaded (0 events):
No events

Classes redefined (0 events):
No events

Internal exceptions (5 events):
Event: 0.070 Thread 0x000001b306a650a0 Exception <a 'sun/nio/fs/WindowsException'{0x00000000894bcc20}> (0x00000000894bcc20) 
thrown [s\open\src\hotspot\share\prims\jni.cpp, line 520]
Event: 0.074 Thread 0x000001b306a650a0 Exception <a 'sun/nio/fs/WindowsException'{0x00000000894ca4d0}> (0x00000000894ca4d0) 
thrown [s\open\src\hotspot\share\prims\jni.cpp, line 520]
Event: 0.074 Thread 0x000001b306a650a0 Exception <a 'sun/nio/fs/WindowsException'{0x00000000894cae58}> (0x00000000894cae58) 
thrown [s\open\src\hotspot\share\prims\jni.cpp, line 520]
Event: 0.075 Thread 0x000001b306a650a0 Exception <a 'sun/nio/fs/WindowsException'{0x00000000894d0a10}> (0x00000000894d0a10) 
thrown [s\open\src\hotspot\share\prims\jni.cpp, line 520]
Event: 0.075 Thread 0x000001b306a650a0 Exception <a 'sun/nio/fs/WindowsException'{0x00000000894d13f8}> (0x00000000894d13f8) 
thrown [s\open\src\hotspot\share\prims\jni.cpp, line 520]

ZGC Phase Switch (0 events):
No events

VM Operations (2 events):
Event: 0.078 Executing VM operation: HandshakeAllThreads (Deoptimize)
Event: 0.078 Executing VM operation: HandshakeAllThreads (Deoptimize) done

Events (12 events):
Event: 0.023 Thread 0x000001b306a650a0 Thread added: 0x000001b306a650a0
Event: 0.034 Thread 0x000001b324a2c7a0 Thread added: 0x000001b324a2c7a0
Event: 0.035 Thread 0x000001b324a2f410 Thread added: 0x000001b324a2f410
Event: 0.035 Thread 0x000001b324a34720 Thread added: 0x000001b324a34720
Event: 0.035 Thread 0x000001b324a381a0 Thread added: 0x000001b324a381a0
Event: 0.035 Thread 0x000001b324a38c00 Thread added: 0x000001b324a38c00
Event: 0.035 Thread 0x000001b324a3d0f0 Thread added: 0x000001b324a3d0f0
Event: 0.035 Thread 0x000001b324a50bf0 Thread added: 0x000001b324a50bf0
Event: 0.035 Thread 0x000001b324a532c0 Thread added: 0x000001b324a532c0
Event: 0.057 Thread 0x000001b324c502c0 Thread added: 0x000001b324c502c0
Event: 0.092 Thread 0x000001b324c530b0 Thread added: 0x000001b324c530b0
Event: 0.094 Thread 0x000001b36a026480 Thread added: 0x000001b36a026480


Dynamic libraries:
0x00007ff724170000 - 0x00007ff724180000 	C:\Program Files\Java\jdk-22\bin\java.exe
0x00007ffdaec90000 - 0x00007ffdaee85000 	C:\Windows\SYSTEM32\ntdll.dll
0x00007ffdae250000 - 0x00007ffdae30e000 	C:\Windows\System32\KERNEL32.DLL
0x00007ffdac3a0000 - 0x00007ffdac668000 	C:\Windows\System32\KERNELBASE.dll
0x00007ffdaca70000 - 0x00007ffdacb70000 	C:\Windows\System32\ucrtbase.dll
0x00007ffda4bb0000 - 0x00007ffda4bc7000 	C:\Program Files\Java\jdk-22\bin\jli.dll
0x00007ffda65d0000 - 0x00007ffda65eb000 	C:\Program Files\Java\jdk-22\bin\VCRUNTIME140.dll
0x00007ffdae310000 - 0x00007ffdae3bc000 	C:\Windows\System32\ADVAPI32.dll
0x00007ffdad2b0000 - 0x00007ffdad34e000 	C:\Windows\System32\msvcrt.dll
0x00007ffdacda0000 - 0x00007ffdace3b000 	C:\Windows\System32\sechost.dll
0x00007ffdad640000 - 0x00007ffdad76a000 	C:\Windows\System32\RPCRT4.dll
0x00007ffdad970000 - 0x00007ffdadb11000 	C:\Windows\System32\USER32.dll
0x00007ffdac9f0000 - 0x00007ffdaca12000 	C:\Windows\System32\win32u.dll
0x00007ffdace40000 - 0x00007ffdace6b000 	C:\Windows\System32\GDI32.dll
0x00007ffda09f0000 - 0x00007ffda0c8a000 	C:\Windows\WinSxS\amd64_microsoft.windows.common-controls_6595b64144ccf1df_6.0.19041.1110_none_60b5254171f9507e\COMCTL32.dll
0x00007ffdac850000 - 0x00007ffdac95d000 	C:\Windows\System32\gdi32full.dll
0x00007ffdac6d0000 - 0x00007ffdac76d000 	C:\Windows\System32\msvcp_win.dll
0x00007ffd98530000 - 0x00007ffd9853a000 	C:\Windows\SYSTEM32\VERSION.dll
0x00007ffdadb20000 - 0x00007ffdadb50000 	C:\Windows\System32\IMM32.DLL
0x00007ffda67c0000 - 0x00007ffda67cc000 	C:\Program Files\Java\jdk-22\bin\vcruntime140_1.dll
0x00007ffd91ce0000 - 0x00007ffd91d6e000 	C:\Program Files\Java\jdk-22\bin\msvcp140.dll
0x00007ffd7a780000 - 0x00007ffd7b4c7000 	C:\Program Files\Java\jdk-22\bin\server\jvm.dll
0x00007ffdaeb20000 - 0x00007ffdaeb8b000 	C:\Windows\System32\WS2_32.dll
0x00007ffdab960000 - 0x00007ffdab9ab000 	C:\Windows\SYSTEM32\POWRPROF.dll
0x00007ffd9fb00000 - 0x00007ffd9fb27000 	C:\Windows\SYSTEM32\WINMM.dll
0x00007ffdab7d0000 - 0x00007ffdab7e2000 	C:\Windows\SYSTEM32\UMPDC.dll
0x00007ffdaa440000 - 0x00007ffdaa452000 	C:\Windows\SYSTEM32\kernel.appcore.dll
0x00007ffda6510000 - 0x00007ffda651a000 	C:\Program Files\Java\jdk-22\bin\jimage.dll
0x00007ffda26b0000 - 0x00007ffda2894000 	C:\Windows\SYSTEM32\DBGHELP.DLL
0x00007ffda1c70000 - 0x00007ffda1c9c000 	C:\Windows\SYSTEM32\dbgcore.DLL
0x00007ffdac960000 - 0x00007ffdac9e2000 	C:\Windows\System32\bcryptPrimitives.dll
0x00007ffda5930000 - 0x00007ffda594e000 	C:\Program Files\Java\jdk-22\bin\java.dll
0x00007ffdae3c0000 - 0x00007ffdaeb04000 	C:\Windows\System32\SHELL32.dll
0x00007ffdadb50000 - 0x00007ffdadc7a000 	C:\Windows\System32\ole32.dll
0x00007ffdacf50000 - 0x00007ffdad2a5000 	C:\Windows\System32\combase.dll
0x00007ffdaa640000 - 0x00007ffdaadd4000 	C:\Windows\SYSTEM32\windows.storage.dll
0x00007ffdabdf0000 - 0x00007ffdabe1e000 	C:\Windows\SYSTEM32\Wldp.dll
0x00007ffdadc90000 - 0x00007ffdadd3d000 	C:\Windows\System32\SHCORE.dll
0x00007ffdad890000 - 0x00007ffdad8e5000 	C:\Windows\System32\shlwapi.dll
0x00007ffdac2e0000 - 0x00007ffdac2ff000 	C:\Windows\SYSTEM32\profapi.dll
0x00007ffd83ba0000 - 0x00007ffd83c77000 	C:\Program Files\Java\jdk-22\bin\jsvml.dll
0x00007ffda5a50000 - 0x00007ffda5a60000 	C:\Program Files\Java\jdk-22\bin\net.dll
0x00007ffdabb50000 - 0x00007ffdabbba000 	C:\Windows\system32\mswsock.dll
0x00007ffda4b00000 - 0x00007ffda4b16000 	C:\Program Files\Java\jdk-22\bin\nio.dll

dbghelp: loaded successfully - version: 4.0.5 - missing functions: none
symbol engine: initialized successfully - sym options: 0x614 - pdb path: .;C:\Program Files\Java\jdk-22\bin;C:\Windows\SYSTEM32;C:\Windows\WinSxS\amd64_microsoft.windows.common-controls_6595b64144ccf1df_6.0.19041.1110_none_60b5254171f9507e;C:\Program Files\Java\jdk-22\bin\server

VM Arguments:
jvm_args: -Dfile.encoding=UTF-8 --enable-preview --module-path=D:\IT\Java\SchoolManagementSystem\build\classes 
java_command: Start
java_class_path (initial): D:\IT\Java\SchoolManagementSystem\src\jar\mysql-connector-java-8.0.28.jar;D:\IT\Java\SchoolManagementSystem\src\jar\jcalendar-tz-1.3.3-4.jar;D:\IT\Java\SchoolManagementSystem\build\classes
Launcher Type: SUN_STANDARD

[Global flags]
     intx CICompilerCount                          = 3                                         {product} {ergonomic}
     uint ConcGCThreads                            = 1                                         {product} {ergonomic}
     uint G1ConcRefinementThreads                  = 4                                         {product} {ergonomic}
   size_t G1HeapRegionSize                         = 1048576                                   {product} {ergonomic}
   size_t InitialHeapSize                          = 134217728                                 {product} {ergonomic}
   size_t MarkStackSize                            = 4194304                                   {product} {ergonomic}
   size_t MaxHeapSize                              = 2124414976                                {product} {ergonomic}
   size_t MaxNewSize                               = 1274019840                                {product} {ergonomic}
   size_t MinHeapDeltaBytes                        = 1048576                                   {product} {ergonomic}
   size_t MinHeapSize                              = 8388608                                   {product} {ergonomic}
    uintx NonNMethodCodeHeapSize                   = 5832780                                {pd product} {ergonomic}
    uintx NonProfiledCodeHeapSize                  = 122912730                              {pd product} {ergonomic}
    uintx ProfiledCodeHeapSize                     = 122912730                              {pd product} {ergonomic}
    uintx ReservedCodeCacheSize                    = 251658240                              {pd product} {ergonomic}
     bool SegmentedCodeCache                       = true                                      {product} {ergonomic}
   size_t SoftMaxHeapSize                          = 2124414976                             {manageable} {ergonomic}
     bool UseCompressedOops                        = true                           {product lp64_product} {ergonomic}
     bool UseG1GC                                  = true                                      {product} {ergonomic}
     bool UseLargePagesIndividualAllocation        = false                                  {pd product} {ergonomic}

Logging:
Log output configuration:
 #0: stdout all=warning uptime,level,tags foldmultilines=false
 #1: stderr all=off uptime,level,tags foldmultilines=false

Environment Variables:
PATH=C:\Program Files\Common Files\Oracle\Java\javapath;C:\Program Files (x86)\Common Files\Oracle\Java\java8path;C:\Program Files (x86)\Common Files\Oracle\Java\javapath;C:\Windows\system32;C:\Windows;C:\Windows\System32\Wbem;C:\Windows\System32\WindowsPowerShell\v1.0\;C:\Windows\System32\OpenSSH\;C:\Program Files\dotnet\;C:\Program Files\Microsoft SQL Server\Client SDK\ODBC\170\Tools\Binn\;C:\Program Files (x86)\Microsoft SQL Server\150\Tools\Binn\;C:\Program Files\Microsoft SQL Server\150\Tools\Binn\;C:\Program Files\Microsoft SQL Server\150\DTS\Binn\;C:\Program Files (x86)\Microsoft SQL Server\150\DTS\Binn\;C:\Program Files\Git\cmd;C:\Program Files\MySQL\MySQL Shell 8.0\bin\;C:\Users\Admin\AppData\Local\Microsoft\WindowsApps;C:\Users\Admin\.dotnet\tools;C:\Program Files\JetBrains\IntelliJ IDEA 2024.1.2\bin;
USERNAME=Admin
OS=Windows_NT
PROCESSOR_IDENTIFIER=Intel64 Family 6 Model 60 Stepping 3, GenuineIntel
TMP=C:\Users\Admin\AppData\Local\Temp
TEMP=C:\Users\Admin\AppData\Local\Temp




Periodic native trim disabled

---------------  S Y S T E M  ---------------

OS:
 Windows 10 , 64 bit Build 19041 (10.0.19041.1348)
OS uptime: 0 days 2:47 hours

CPU: total 4 (initial active 4) (2 cores per cpu, 2 threads per core) family 6 model 60 stepping 3 microcode 0x27, cx8, cmov, fxsr, ht, mmx, sse, sse2, sse3, ssse3, sse4.1, sse4.2, popcnt, lzcnt, tsc, tscinvbit, avx, avx2, aes, erms, clmul, bmi1, bmi2, fma, vzeroupper, clflush, rdtscp, f16c
Processor Information for all 4 processors :
  Max Mhz: 3001, Current Mhz: 3001, Mhz Limit: 3001

Memory: 4k page, system-wide physical 8097M (2501M free)
TotalPageFile size 8097M (AvailPageFile size 3M)
current process WorkingSet (physical memory assigned to process): 38M, peak: 38M
current process commit charge ("private bytes"): 202M, peak: 202M

vm_info: Java HotSpot(TM) 64-Bit Server VM (22.0.1+8-16) for windows-amd64 JRE (22.0.1+8-16), built on 2024-03-12T10:33:16Z by "mach5one" with MS VC++ 17.6 (VS2022)

END.
